TN:
SF:/Users/zacharymarion/src/speedscope-fork/sample/programs/javascript/source-maps/alpha.ts
FN:4,alpha
FN:5,(anonymous_1)
FNF:2
FNH:0
FNDA:0,alpha
FNDA:0,(anonymous_1)
DA:1,0
DA:2,0
DA:4,0
DA:5,0
DA:6,0
DA:7,0
DA:8,0
LF:7
LH:0
BRF:0
BRH:0
end_of_record
TN:
SF:/Users/zacharymarion/src/speedscope-fork/sample/programs/javascript/source-maps/beta.ts
FN:3,beta
FNF:1
FNH:0
FNDA:0,beta
DA:1,0
DA:3,0
DA:4,0
DA:5,0
LF:4
LH:0
BRF:0
BRH:0
end_of_record
TN:
SF:/Users/zacharymarion/src/speedscope-fork/sample/programs/javascript/source-maps/delta.ts
FN:3,(anonymous_0)
FNF:1
FNH:0
FNDA:0,(anonymous_0)
DA:1,0
DA:3,0
DA:4,0
DA:5,0
LF:4
LH:0
BRF:0
BRH:0
end_of_record
TN:
SF:/Users/zacharymarion/src/speedscope-fork/sample/programs/javascript/source-maps/gamma.ts
FN:1,(anonymous_0)
FNF:1
FNH:0
FNDA:0,(anonymous_0)
DA:1,0
DA:2,0
DA:3,0
DA:4,0
DA:6,0
LF:5
LH:0
BRF:0
BRH:0
end_of_record
TN:
SF:/Users/zacharymarion/src/speedscope-fork/sample/programs/javascript/source-maps/kludge.ts
FN:4,(anonymous_0)
FN:9,(anonymous_1)
FN:13,(anonymous_2)
FNF:3
FNH:0
FNDA:0,(anonymous_0)
FNDA:0,(anonymous_1)
FNDA:0,(anonymous_2)
DA:1,0
DA:3,0
DA:5,0
DA:6,0
DA:10,0
DA:14,0
DA:15,0
LF:7
LH:0
BRF:0
BRH:0
end_of_record
TN:
SF:/Users/zacharymarion/src/speedscope-fork/sample/programs/javascript/source-maps/typescript-source-map-test.ts
FNF:0
FNH:0
DA:1,0
DA:3,0
DA:4,0
LF:3
LH:0
BRF:0
BRH:0
end_of_record
TN:
SF:/Users/zacharymarion/src/speedscope-fork/src/speedscope.tsx
FN:9,(anonymous_0)
FNF:1
FNH:0
FNDA:0,(anonymous_0)
DA:1,0
DA:2,0
DA:3,0
DA:5,0
DA:8,0
DA:9,0
DA:11,0
DA:13,0
DA:16,0
LF:9
LH:0
BRDA:8,0,0,0
BRDA:8,0,1,0
BRDA:11,1,0,0
BRDA:11,1,1,0
BRDA:21,2,0,0
BRDA:21,2,1,0
BRF:6
BRH:0
end_of_record
TN:
SF:/Users/zacharymarion/src/speedscope-fork/src/app-state/active-profile-state.ts
FN:17,useActiveProfileState
FNF:1
FNH:0
FNDA:0,useActiveProfileState
DA:2,0
DA:3,0
DA:5,0
DA:17,0
DA:18,0
DA:19,0
DA:21,0
DA:22,0
DA:24,0
DA:25,0
DA:26,0
LF:11
LH:0
BRDA:21,0,0,0
BRDA:21,0,1,0
BRDA:22,1,0,0
BRDA:22,1,1,0
BRF:4
BRH:0
end_of_record
TN:
SF:/Users/zacharymarion/src/speedscope-fork/src/app-state/color-scheme.ts
FN:16,getStoredPreference
FN:27,matchMediaDarkColorScheme
FN:31,nextColorScheme
FN:65,(anonymous_3)
FN:66,(anonymous_4)
FN:73,(anonymous_5)
FNF:6
FNH:0
FNDA:0,getStoredPreference
FNDA:0,matchMediaDarkColorScheme
FNDA:0,nextColorScheme
FNDA:0,(anonymous_3)
FNDA:0,(anonymous_4)
FNDA:0,(anonymous_5)
DA:1,0
DA:14,0
DA:17,0
DA:18,0
DA:19,0
DA:20,0
DA:21,0
DA:23,0
DA:28,0
DA:32,0
DA:38,0
DA:39,0
DA:41,0
DA:44,0
DA:47,0
DA:51,0
DA:53,0
DA:56,0
DA:59,0
DA:66,0
DA:67,0
DA:71,0
DA:73,0
DA:74,0
DA:76,0
DA:78,0
DA:79,0
DA:82,0
DA:83,0
DA:86,0
DA:87,0
DA:90,0
DA:91,0
DA:94,0
LF:34
LH:0
BRDA:17,0,0,0
BRDA:17,0,1,0
BRDA:18,1,0,0
BRDA:18,1,1,0
BRDA:20,2,0,0
BRDA:20,2,1,0
BRDA:38,3,0,0
BRDA:38,3,1,0
BRDA:40,4,0,0
BRDA:40,4,1,0
BRDA:40,4,2,0
BRDA:52,5,0,0
BRDA:52,5,1,0
BRDA:52,5,2,0
BRDA:77,6,0,0
BRDA:77,6,1,0
BRDA:77,6,2,0
BRDA:77,6,3,0
BRF:18
BRH:0
end_of_record
TN:
SF:/Users/zacharymarion/src/speedscope-fork/src/app-state/getters.ts
FN:9,(anonymous_0)
FN:10,(anonymous_1)
FN:17,(anonymous_2)
FN:25,(anonymous_3)
FN:33,(anonymous_4)
FN:38,(anonymous_5)
FN:47,(anonymous_6)
FN:52,(anonymous_7)
FN:54,(anonymous_8)
FN:55,key
FN:58,compare
FNF:11
FNH:0
FNDA:0,(anonymous_0)
FNDA:0,(anonymous_1)
FNDA:0,(anonymous_2)
FNDA:0,(anonymous_3)
FNDA:0,(anonymous_4)
FNDA:0,(anonymous_5)
FNDA:0,(anonymous_6)
FNDA:0,(anonymous_7)
FNDA:0,(anonymous_8)
FNDA:0,key
FNDA:0,compare
DA:2,0
DA:3,0
DA:4,0
DA:8,0
DA:10,0
DA:11,0
DA:16,0
DA:24,0
DA:25,0
DA:26,0
DA:27,0
DA:32,0
DA:34,0
DA:38,0
DA:39,0
DA:46,0
DA:48,0
DA:51,0
DA:53,0
DA:54,0
DA:56,0
DA:59,0
DA:61,0
DA:62,0
DA:63,0
DA:64,0
DA:67,0
LF:27
LH:0
BRDA:11,0,0,0
BRDA:11,0,1,0
BRDA:48,1,0,0
BRDA:48,1,1,0
BRDA:56,2,0,0
BRDA:56,2,1,0
BRDA:59,3,0,0
BRDA:59,3,1,0
BRF:8
BRH:0
end_of_record
TN:
SF:/Users/zacharymarion/src/speedscope-fork/src/app-state/index.ts
FN:23,(anonymous_0)
FN:54,(anonymous_1)
FN:60,(anonymous_2)
FNF:3
FNH:0
FNDA:0,(anonymous_0)
FNDA:0,(anonymous_1)
FNDA:0,(anonymous_2)
DA:1,0
DA:3,0
DA:4,0
DA:7,0
DA:14,0
DA:15,0
DA:18,0
DA:21,0
DA:23,0
DA:25,0
DA:29,0
DA:30,0
DA:33,0
DA:37,0
DA:45,0
DA:46,0
DA:47,0
DA:48,0
DA:52,0
DA:54,0
DA:55,0
DA:56,0
DA:57,0
DA:60,0
DA:61,0
DA:62,0
DA:72,0
LF:27
LH:0
BRDA:46,0,0,0
BRDA:46,0,1,0
BRDA:47,1,0,0
BRDA:47,1,1,0
BRDA:54,2,0,0
BRDA:54,2,1,0
BRDA:60,3,0,0
BRDA:60,3,1,0
BRF:8
BRH:0
end_of_record
TN:
SF:/Users/zacharymarion/src/speedscope-fork/src/app-state/profile-group.ts
FN:42,(anonymous_0)
FN:56,(anonymous_1)
FN:70,(anonymous_2)
FN:74,(anonymous_3)
FN:83,(anonymous_4)
FN:115,(anonymous_5)
FN:123,(anonymous_6)
FN:57,(anonymous_7)
FN:65,(anonymous_8)
FN:94,(anonymous_9)
FN:99,(anonymous_10)
FN:106,(anonymous_11)
FN:109,(anonymous_12)
FN:137,(anonymous_13)
FN:143,(anonymous_14)
FN:151,(anonymous_15)
FN:159,(anonymous_16)
FN:173,(anonymous_17)
FN:188,(anonymous_18)
FN:192,(anonymous_19)
FN:198,(anonymous_20)
FN:199,(anonymous_21)
FN:205,(anonymous_22)
FN:206,(anonymous_23)
FN:212,(anonymous_24)
FN:213,(anonymous_25)
FN:219,(anonymous_26)
FNF:27
FNH:0
FNDA:0,(anonymous_0)
FNDA:0,(anonymous_1)
FNDA:0,(anonymous_2)
FNDA:0,(anonymous_3)
FNDA:0,(anonymous_4)
FNDA:0,(anonymous_5)
FNDA:0,(anonymous_6)
FNDA:0,(anonymous_7)
FNDA:0,(anonymous_8)
FNDA:0,(anonymous_9)
FNDA:0,(anonymous_10)
FNDA:0,(anonymous_11)
FNDA:0,(anonymous_12)
FNDA:0,(anonymous_13)
FNDA:0,(anonymous_14)
FNDA:0,(anonymous_15)
FNDA:0,(anonymous_16)
FNDA:0,(anonymous_17)
FNDA:0,(anonymous_18)
FNDA:0,(anonymous_19)
FNDA:0,(anonymous_20)
FNDA:0,(anonymous_21)
FNDA:0,(anonymous_22)
FNDA:0,(anonymous_23)
FNDA:0,(anonymous_24)
FNDA:0,(anonymous_25)
FNDA:0,(anonymous_26)
DA:1,0
DA:2,0
DA:4,0
DA:42,0
DA:43,0
DA:44,0
DA:45,0
DA:46,0
DA:49,0
DA:56,0
DA:58,0
DA:59,0
DA:60,0
DA:62,0
DA:66,0
DA:67,0
DA:70,0
DA:71,0
DA:74,0
DA:83,0
DA:84,0
DA:86,0
DA:88,0
DA:95,0
DA:96,0
DA:97,0
DA:100,0
DA:101,0
DA:109,0
DA:115,0
DA:116,0
DA:118,0
DA:119,0
DA:120,0
DA:123,0
DA:124,0
DA:125,0
DA:127,0
DA:141,0
DA:143,0
DA:147,0
DA:151,0
DA:155,0
DA:159,0
DA:169,0
DA:173,0
DA:183,0
DA:192,0
DA:199,0
DA:206,0
DA:213,0
DA:222,0
DA:223,0
DA:224,0
DA:225,0
LF:55
LH:0
BRDA:42,0,0,0
BRDA:42,0,1,0
BRDA:84,1,0,0
BRDA:84,1,1,0
BRDA:116,2,0,0
BRDA:116,2,1,0
BRDA:119,3,0,0
BRDA:119,3,1,0
BRDA:124,4,0,0
BRDA:124,4,1,0
BRDA:59,5,0,0
BRDA:59,5,1,0
BRDA:59,6,0,0
BRDA:59,6,1,0
BRDA:59,6,2,0
BRDA:66,7,0,0
BRDA:66,7,1,0
BRDA:67,8,0,0
BRDA:67,8,1,0
BRDA:67,9,0,0
BRDA:67,9,1,0
BRDA:67,10,0,0
BRDA:67,10,1,0
BRDA:95,11,0,0
BRDA:95,11,1,0
BRDA:100,12,0,0
BRDA:100,12,1,0
BRDA:142,13,0,0
BRDA:142,13,1,0
BRDA:142,13,2,0
BRDA:142,13,3,0
BRDA:163,14,0,0
BRDA:163,14,1,0
BRDA:177,15,0,0
BRDA:177,15,1,0
BRF:35
BRH:0
end_of_record
TN:
SF:/Users/zacharymarion/src/speedscope-fork/src/gl/canvas-context.ts
FN:20,(anonymous_0)
FN:56,(anonymous_1)
FN:38,(anonymous_2)
FN:45,(anonymous_3)
FN:48,(anonymous_4)
FN:51,(anonymous_5)
FN:67,(anonymous_6)
FN:78,(anonymous_7)
FNF:8
FNH:0
FNDA:0,(anonymous_0)
FNDA:0,(anonymous_1)
FNDA:0,(anonymous_2)
FNDA:0,(anonymous_3)
FNDA:0,(anonymous_4)
FNDA:0,(anonymous_5)
FNDA:0,(anonymous_6)
FNDA:0,(anonymous_7)
DA:1,0
DA:2,0
DA:3,0
DA:4,0
DA:5,0
DA:6,0
DA:7,0
DA:12,0
DA:21,0
DA:22,0
DA:23,0
DA:24,0
DA:25,0
DA:26,0
DA:30,0
DA:32,0
DA:33,0
DA:34,0
DA:38,0
DA:39,0
DA:43,0
DA:44,0
DA:46,0
DA:49,0
DA:52,0
DA:53,0
DA:56,0
DA:57,0
DA:58,0
DA:59,0
DA:60,0
DA:62,0
DA:63,0
DA:68,0
DA:69,0
DA:70,0
DA:72,0
DA:74,0
DA:75,0
DA:79,0
DA:80,0
DA:85,0
LF:42
LH:0
BRDA:33,0,0,0
BRDA:33,0,1,0
BRDA:52,1,0,0
BRDA:52,1,1,0
BRF:4
BRH:0
end_of_record
TN:
SF:/Users/zacharymarion/src/speedscope-fork/src/gl/flamechart-color-pass-renderer.ts
FN:24,(anonymous_0)
FN:105,(anonymous_1)
FN:125,(anonymous_2)
FNF:3
FNH:0
FNDA:0,(anonymous_0)
FNDA:0,(anonymous_1)
FNDA:0,(anonymous_2)
DA:1,0
DA:3,0
DA:4,0
DA:6,0
DA:7,0
DA:8,0
DA:10,0
DA:24,0
DA:101,0
DA:105,0
DA:106,0
DA:112,0
DA:113,0
DA:114,0
DA:115,0
DA:116,0
DA:117,0
DA:120,0
DA:121,0
DA:122,0
DA:126,0
DA:127,0
DA:135,0
DA:136,0
DA:138,0
DA:139,0
DA:141,0
DA:144,0
DA:145,0
DA:147,0
DA:151,0
DA:152,0
DA:153,0
DA:154,0
DA:155,0
DA:157,0
DA:158,0
LF:37
LH:0
BRDA:153,0,0,0
BRDA:153,0,1,0
BRF:2
BRH:0
end_of_record
TN:
SF:/Users/zacharymarion/src/speedscope-fork/src/gl/flamechart-renderer.ts
FN:23,(anonymous_0)
FN:29,(anonymous_1)
FN:32,(anonymous_2)
FN:35,(anonymous_3)
FN:38,(anonymous_4)
FN:41,(anonymous_5)
FN:44,(anonymous_6)
FN:53,(anonymous_7)
FN:75,(anonymous_8)
FN:78,(anonymous_9)
FN:81,(anonymous_10)
FN:85,(anonymous_11)
FN:113,(anonymous_12)
FN:110,(anonymous_13)
FN:118,(anonymous_14)
FN:130,(anonymous_15)
FN:203,(anonymous_16)
FN:220,(anonymous_17)
FN:234,(anonymous_18)
FN:245,(anonymous_19)
FN:256,(anonymous_20)
FN:323,(anonymous_21)
FN:325,(anonymous_22)
FN:339,(anonymous_23)
FN:358,(anonymous_24)
FNF:25
FNH:0
FNDA:0,(anonymous_0)
FNDA:0,(anonymous_1)
FNDA:0,(anonymous_2)
FNDA:0,(anonymous_3)
FNDA:0,(anonymous_4)
FNDA:0,(anonymous_5)
FNDA:0,(anonymous_6)
FNDA:0,(anonymous_7)
FNDA:0,(anonymous_8)
FNDA:0,(anonymous_9)
FNDA:0,(anonymous_10)
FNDA:0,(anonymous_11)
FNDA:0,(anonymous_12)
FNDA:0,(anonymous_13)
FNDA:0,(anonymous_14)
FNDA:0,(anonymous_15)
FNDA:0,(anonymous_16)
FNDA:0,(anonymous_17)
FNDA:0,(anonymous_18)
FNDA:0,(anonymous_19)
FNDA:0,(anonymous_20)
FNDA:0,(anonymous_21)
FNDA:0,(anonymous_22)
FNDA:0,(anonymous_23)
FNDA:0,(anonymous_24)
DA:2,0
DA:3,0
DA:4,0
DA:5,0
DA:7,0
DA:9,0
DA:11,0
DA:21,0
DA:24,0
DA:25,0
DA:26,0
DA:30,0
DA:33,0
DA:36,0
DA:39,0
DA:42,0
DA:45,0
DA:46,0
DA:51,0
DA:53,0
DA:54,0
DA:55,0
DA:57,0
DA:58,0
DA:59,0
DA:60,0
DA:61,0
DA:62,0
DA:63,0
DA:64,0
DA:65,0
DA:66,0
DA:67,0
DA:69,0
DA:76,0
DA:79,0
DA:82,0
DA:86,0
DA:87,0
DA:88,0
DA:105,0
DA:111,0
DA:114,0
DA:115,0
DA:116,0
DA:119,0
DA:127,0
DA:128,0
DA:131,0
DA:132,0
DA:133,0
DA:134,0
DA:135,0
DA:136,0
DA:138,0
DA:139,0
DA:140,0
DA:141,0
DA:143,0
DA:144,0
DA:145,0
DA:147,0
DA:149,0
DA:151,0
DA:152,0
DA:153,0
DA:154,0
DA:161,0
DA:162,0
DA:163,0
DA:165,0
DA:169,0
DA:170,0
DA:177,0
DA:182,0
DA:183,0
DA:186,0
DA:187,0
DA:198,0
DA:202,0
DA:204,0
DA:205,0
DA:206,0
DA:207,0
DA:210,0
DA:216,0
DA:219,0
DA:221,0
DA:222,0
DA:223,0
DA:224,0
DA:225,0
DA:228,0
DA:229,0
DA:231,0
DA:235,0
DA:236,0
DA:238,0
DA:239,0
DA:243,0
DA:246,0
DA:247,0
DA:249,0
DA:251,0
DA:252,0
DA:253,0
DA:257,0
DA:259,0
DA:264,0
DA:265,0
DA:267,0
DA:270,0
DA:271,0
DA:272,0
DA:277,0
DA:278,0
DA:279,0
DA:280,0
DA:282,0
DA:285,0
DA:286,0
DA:288,0
DA:289,0
DA:290,0
DA:293,0
DA:297,0
DA:299,0
DA:300,0
DA:301,0
DA:302,0
DA:307,0
DA:308,0
DA:309,0
DA:318,0
DA:319,0
DA:320,0
DA:323,0
DA:324,0
DA:325,0
DA:326,0
DA:334,0
DA:339,0
DA:340,0
DA:342,0
DA:346,0
DA:349,0
DA:350,0
DA:351,0
DA:355,0
DA:356,0
DA:357,0
DA:358,0
DA:359,0
DA:368,0
DA:373,0
LF:155
LH:0
BRDA:45,0,0,0
BRDA:45,0,1,0
BRDA:54,1,0,0
BRDA:54,1,1,0
BRDA:86,2,0,0
BRDA:86,2,1,0
BRDA:136,3,0,0
BRDA:141,4,0,0
BRDA:141,4,1,0
BRDA:153,5,0,0
BRDA:153,5,1,0
BRDA:186,6,0,0
BRDA:186,6,1,0
BRDA:204,7,0,0
BRDA:204,7,1,0
BRDA:206,8,0,0
BRDA:206,8,1,0
BRDA:206,9,0,0
BRDA:206,9,1,0
BRDA:222,10,0,0
BRDA:222,10,1,0
BRDA:223,11,0,0
BRDA:223,11,1,0
BRDA:228,12,0,0
BRDA:228,12,1,0
BRDA:235,13,0,0
BRDA:235,13,1,0
BRDA:238,14,0,0
BRDA:238,14,1,0
BRDA:252,15,0,0
BRDA:252,15,1,0
BRDA:265,16,0,0
BRDA:265,16,1,0
BRDA:279,17,0,0
BRDA:279,17,1,0
BRDA:301,18,0,0
BRDA:301,18,1,0
BRDA:308,19,0,0
BRDA:308,19,1,0
BRF:39
BRH:0
end_of_record
TN:
SF:/Users/zacharymarion/src/speedscope-fork/src/gl/graphics.ts
FN:32,assert
FN:38,appendOne
FN:42,removeOne
FN:47,TEXTURE_N
FN:52,(anonymous_4)
FN:54,(anonymous_5)
FN:61,(anonymous_6)
FN:68,(anonymous_7)
FN:79,(anonymous_8)
FN:86,(anonymous_9)
FN:99,(anonymous_10)
FN:117,(anonymous_11)
FN:122,(anonymous_12)
FN:160,(anonymous_13)
FN:163,(anonymous_14)
FN:166,(anonymous_15)
FN:169,(anonymous_16)
FN:174,(anonymous_17)
FN:177,(anonymous_18)
FN:207,(anonymous_19)
FN:212,attributeByteLength
FN:217,(anonymous_21)
FN:225,(anonymous_22)
FN:229,(anonymous_23)
FN:232,(anonymous_24)
FN:236,(anonymous_25)
FN:248,(anonymous_26)
FN:251,(anonymous_27)
FN:257,(anonymous_28)
FN:262,(anonymous_29)
FN:268,(anonymous_30)
FN:306,(anonymous_31)
FN:331,(anonymous_32)
FN:377,(anonymous_33)
FN:351,(anonymous_34)
FN:324,(anonymous_35)
FN:327,(anonymous_36)
FN:387,(anonymous_37)
FN:391,(anonymous_38)
FN:394,(anonymous_39)
FN:397,(anonymous_40)
FN:400,(anonymous_41)
FN:404,(anonymous_42)
FN:408,(anonymous_43)
FN:412,(anonymous_44)
FN:414,(anonymous_45)
FN:418,(anonymous_46)
FN:425,(anonymous_47)
FN:431,(anonymous_48)
FN:437,(anonymous_49)
FN:443,(anonymous_50)
FN:469,(anonymous_51)
FN:497,(anonymous_52)
FN:500,(anonymous_53)
FN:512,(anonymous_54)
FN:516,(anonymous_55)
FN:535,(anonymous_56)
FN:540,(anonymous_57)
FN:549,(anonymous_58)
FN:555,(anonymous_59)
FN:568,(anonymous_60)
FN:589,(anonymous_61)
FN:616,(anonymous_62)
FN:646,(anonymous_63)
FN:654,(anonymous_64)
FN:659,(anonymous_65)
FN:673,(anonymous_66)
FN:684,(anonymous_67)
FN:741,(anonymous_68)
FN:744,(anonymous_69)
FN:751,(anonymous_70)
FN:760,(anonymous_71)
FN:763,(anonymous_72)
FN:770,(anonymous_73)
FN:779,(anonymous_74)
FN:783,(anonymous_75)
FN:791,(anonymous_76)
FN:800,(anonymous_77)
FN:805,(anonymous_78)
FN:814,(anonymous_79)
FN:823,(anonymous_80)
FN:829,(anonymous_81)
FN:839,(anonymous_82)
FN:848,(anonymous_83)
FN:851,(anonymous_84)
FN:884,(anonymous_85)
FN:896,(anonymous_86)
FN:900,(anonymous_87)
FN:908,(anonymous_88)
FN:931,(anonymous_89)
FN:942,(anonymous_90)
FN:945,(anonymous_91)
FN:948,(anonymous_92)
FN:951,(anonymous_93)
FN:955,(anonymous_94)
FN:966,(anonymous_95)
FN:977,(anonymous_96)
FN:988,(anonymous_97)
FN:999,(anonymous_98)
FN:1010,(anonymous_99)
FN:1032,(anonymous_100)
FN:1043,(anonymous_101)
FN:1099,(anonymous_102)
FN:1106,(anonymous_103)
FN:1122,(anonymous_104)
FN:1140,(anonymous_105)
FN:1147,(anonymous_106)
FN:1150,(anonymous_107)
FN:1154,(anonymous_108)
FN:1168,(anonymous_109)
FN:1175,(anonymous_110)
FN:1185,(anonymous_111)
FN:1214,(anonymous_112)
FN:1223,(anonymous_113)
FN:1230,(anonymous_114)
FN:1242,(anonymous_115)
FN:1245,(anonymous_116)
FN:1248,(anonymous_117)
FN:1251,(anonymous_118)
FN:1255,(anonymous_119)
FN:1262,(anonymous_120)
FN:1269,(anonymous_121)
FN:1325,(anonymous_122)
FN:1332,(anonymous_123)
FN:1339,(anonymous_124)
FN:1348,(anonymous_125)
FN:1351,(anonymous_126)
FN:1354,(anonymous_127)
FN:1357,(anonymous_128)
FN:1364,(anonymous_129)
FN:1386,(anonymous_130)
FN:1393,(anonymous_131)
FNF:132
FNH:0
FNDA:0,assert
FNDA:0,appendOne
FNDA:0,removeOne
FNDA:0,TEXTURE_N
FNDA:0,(anonymous_4)
FNDA:0,(anonymous_5)
FNDA:0,(anonymous_6)
FNDA:0,(anonymous_7)
FNDA:0,(anonymous_8)
FNDA:0,(anonymous_9)
FNDA:0,(anonymous_10)
FNDA:0,(anonymous_11)
FNDA:0,(anonymous_12)
FNDA:0,(anonymous_13)
FNDA:0,(anonymous_14)
FNDA:0,(anonymous_15)
FNDA:0,(anonymous_16)
FNDA:0,(anonymous_17)
FNDA:0,(anonymous_18)
FNDA:0,(anonymous_19)
FNDA:0,attributeByteLength
FNDA:0,(anonymous_21)
FNDA:0,(anonymous_22)
FNDA:0,(anonymous_23)
FNDA:0,(anonymous_24)
FNDA:0,(anonymous_25)
FNDA:0,(anonymous_26)
FNDA:0,(anonymous_27)
FNDA:0,(anonymous_28)
FNDA:0,(anonymous_29)
FNDA:0,(anonymous_30)
FNDA:0,(anonymous_31)
FNDA:0,(anonymous_32)
FNDA:0,(anonymous_33)
FNDA:0,(anonymous_34)
FNDA:0,(anonymous_35)
FNDA:0,(anonymous_36)
FNDA:0,(anonymous_37)
FNDA:0,(anonymous_38)
FNDA:0,(anonymous_39)
FNDA:0,(anonymous_40)
FNDA:0,(anonymous_41)
FNDA:0,(anonymous_42)
FNDA:0,(anonymous_43)
FNDA:0,(anonymous_44)
FNDA:0,(anonymous_45)
FNDA:0,(anonymous_46)
FNDA:0,(anonymous_47)
FNDA:0,(anonymous_48)
FNDA:0,(anonymous_49)
FNDA:0,(anonymous_50)
FNDA:0,(anonymous_51)
FNDA:0,(anonymous_52)
FNDA:0,(anonymous_53)
FNDA:0,(anonymous_54)
FNDA:0,(anonymous_55)
FNDA:0,(anonymous_56)
FNDA:0,(anonymous_57)
FNDA:0,(anonymous_58)
FNDA:0,(anonymous_59)
FNDA:0,(anonymous_60)
FNDA:0,(anonymous_61)
FNDA:0,(anonymous_62)
FNDA:0,(anonymous_63)
FNDA:0,(anonymous_64)
FNDA:0,(anonymous_65)
FNDA:0,(anonymous_66)
FNDA:0,(anonymous_67)
FNDA:0,(anonymous_68)
FNDA:0,(anonymous_69)
FNDA:0,(anonymous_70)
FNDA:0,(anonymous_71)
FNDA:0,(anonymous_72)
FNDA:0,(anonymous_73)
FNDA:0,(anonymous_74)
FNDA:0,(anonymous_75)
FNDA:0,(anonymous_76)
FNDA:0,(anonymous_77)
FNDA:0,(anonymous_78)
FNDA:0,(anonymous_79)
FNDA:0,(anonymous_80)
FNDA:0,(anonymous_81)
FNDA:0,(anonymous_82)
FNDA:0,(anonymous_83)
FNDA:0,(anonymous_84)
FNDA:0,(anonymous_85)
FNDA:0,(anonymous_86)
FNDA:0,(anonymous_87)
FNDA:0,(anonymous_88)
FNDA:0,(anonymous_89)
FNDA:0,(anonymous_90)
FNDA:0,(anonymous_91)
FNDA:0,(anonymous_92)
FNDA:0,(anonymous_93)
FNDA:0,(anonymous_94)
FNDA:0,(anonymous_95)
FNDA:0,(anonymous_96)
FNDA:0,(anonymous_97)
FNDA:0,(anonymous_98)
FNDA:0,(anonymous_99)
FNDA:0,(anonymous_100)
FNDA:0,(anonymous_101)
FNDA:0,(anonymous_102)
FNDA:0,(anonymous_103)
FNDA:0,(anonymous_104)
FNDA:0,(anonymous_105)
FNDA:0,(anonymous_106)
FNDA:0,(anonymous_107)
FNDA:0,(anonymous_108)
FNDA:0,(anonymous_109)
FNDA:0,(anonymous_110)
FNDA:0,(anonymous_111)
FNDA:0,(anonymous_112)
FNDA:0,(anonymous_113)
FNDA:0,(anonymous_114)
FNDA:0,(anonymous_115)
FNDA:0,(anonymous_116)
FNDA:0,(anonymous_117)
FNDA:0,(anonymous_118)
FNDA:0,(anonymous_119)
FNDA:0,(anonymous_120)
FNDA:0,(anonymous_121)
FNDA:0,(anonymous_122)
FNDA:0,(anonymous_123)
FNDA:0,(anonymous_124)
FNDA:0,(anonymous_125)
FNDA:0,(anonymous_126)
FNDA:0,(anonymous_127)
FNDA:0,(anonymous_128)
FNDA:0,(anonymous_129)
FNDA:0,(anonymous_130)
FNDA:0,(anonymous_131)
DA:30,0
DA:33,0
DA:34,0
DA:39,0
DA:43,0
DA:44,0
DA:48,0
DA:49,0
DA:52,0
DA:53,0
DA:55,0
DA:56,0
DA:57,0
DA:58,0
DA:62,0
DA:63,0
DA:64,0
DA:65,0
DA:69,0
DA:78,0
DA:80,0
DA:81,0
DA:82,0
DA:83,0
DA:87,0
DA:95,0
DA:99,0
DA:100,0
DA:101,0
DA:103,0
DA:104,0
DA:105,0
DA:106,0
DA:108,0
DA:109,0
DA:110,0
DA:111,0
DA:113,0
DA:114,0
DA:117,0
DA:118,0
DA:119,0
DA:122,0
DA:161,0
DA:164,0
DA:167,0
DA:170,0
DA:173,0
DA:175,0
DA:178,0
DA:207,0
DA:208,0
DA:209,0
DA:212,0
DA:213,0
DA:216,0
DA:218,0
DA:219,0
DA:220,0
DA:221,0
DA:225,0
DA:226,0
DA:227,0
DA:230,0
DA:233,0
DA:237,0
DA:238,0
DA:239,0
DA:243,0
DA:249,0
DA:252,0
DA:257,0
DA:258,0
DA:259,0
DA:262,0
DA:263,0
DA:264,0
DA:267,0
DA:269,0
DA:270,0
DA:271,0
DA:274,0
DA:275,0
DA:280,0
DA:306,0
DA:307,0
DA:308,0
DA:310,0
DA:311,0
DA:312,0
DA:313,0
DA:314,0
DA:315,0
DA:316,0
DA:318,0
DA:319,0
DA:320,0
DA:321,0
DA:322,0
DA:325,0
DA:328,0
DA:332,0
DA:333,0
DA:341,0
DA:342,0
DA:345,0
DA:346,0
DA:347,0
DA:348,0
DA:349,0
DA:351,0
DA:352,0
DA:355,0
DA:358,0
DA:377,0
DA:378,0
DA:379,0
DA:380,0
DA:381,0
DA:382,0
DA:383,0
DA:388,0
DA:392,0
DA:395,0
DA:398,0
DA:401,0
DA:405,0
DA:409,0
DA:415,0
DA:419,0
DA:426,0
DA:432,0
DA:438,0
DA:449,0
DA:450,0
DA:453,0
DA:454,0
DA:457,0
DA:459,0
DA:466,0
DA:475,0
DA:476,0
DA:478,0
DA:485,0
DA:488,0
DA:489,0
DA:490,0
DA:491,0
DA:492,0
DA:493,0
DA:494,0
DA:495,0
DA:497,0
DA:501,0
DA:502,0
DA:504,0
DA:505,0
DA:506,0
DA:509,0
DA:513,0
DA:521,0
DA:530,0
DA:532,0
DA:536,0
DA:537,0
DA:546,0
DA:550,0
DA:553,0
DA:554,0
DA:556,0
DA:557,0
DA:559,0
DA:560,0
DA:561,0
DA:562,0
DA:565,0
DA:569,0
DA:570,0
DA:571,0
DA:573,0
DA:574,0
DA:575,0
DA:578,0
DA:579,0
DA:585,0
DA:590,0
DA:591,0
DA:592,0
DA:593,0
DA:594,0
DA:595,0
DA:597,0
DA:598,0
DA:601,0
DA:602,0
DA:604,0
DA:605,0
DA:609,0
DA:612,0
DA:618,0
DA:619,0
DA:620,0
DA:621,0
DA:622,0
DA:623,0
DA:624,0
DA:635,0
DA:636,0
DA:637,0
DA:639,0
DA:640,0
DA:641,0
DA:643,0
DA:647,0
DA:648,0
DA:649,0
DA:650,0
DA:651,0
DA:655,0
DA:656,0
DA:663,0
DA:666,0
DA:674,0
DA:675,0
DA:676,0
DA:677,0
DA:678,0
DA:685,0
DA:686,0
DA:687,0
DA:688,0
DA:691,0
DA:692,0
DA:693,0
DA:694,0
DA:695,0
DA:696,0
DA:697,0
DA:698,0
DA:700,0
DA:701,0
DA:704,0
DA:705,0
DA:708,0
DA:709,0
DA:712,0
DA:713,0
DA:716,0
DA:717,0
DA:720,0
DA:721,0
DA:724,0
DA:725,0
DA:728,0
DA:734,0
DA:735,0
DA:737,0
DA:742,0
DA:745,0
DA:746,0
DA:747,0
DA:752,0
DA:753,0
DA:754,0
DA:755,0
DA:761,0
DA:764,0
DA:765,0
DA:766,0
DA:771,0
DA:772,0
DA:773,0
DA:774,0
DA:780,0
DA:781,0
DA:784,0
DA:785,0
DA:786,0
DA:787,0
DA:792,0
DA:793,0
DA:794,0
DA:795,0
DA:801,0
DA:802,0
DA:803,0
DA:806,0
DA:807,0
DA:808,0
DA:809,0
DA:810,0
DA:815,0
DA:816,0
DA:817,0
DA:818,0
DA:824,0
DA:825,0
DA:826,0
DA:827,0
DA:830,0
DA:831,0
DA:832,0
DA:833,0
DA:834,0
DA:835,0
DA:840,0
DA:841,0
DA:842,0
DA:843,0
DA:849,0
DA:863,0
DA:864,0
DA:865,0
DA:866,0
DA:867,0
DA:868,0
DA:869,0
DA:870,0
DA:871,0
DA:873,0
DA:874,0
DA:875,0
DA:876,0
DA:877,0
DA:878,0
DA:879,0
DA:885,0
DA:886,0
DA:887,0
DA:888,0
DA:893,0
DA:897,0
DA:898,0
DA:901,0
DA:902,0
DA:903,0
DA:904,0
DA:909,0
DA:910,0
DA:911,0
DA:916,0
DA:917,0
DA:918,0
DA:920,0
DA:921,0
DA:932,0
DA:933,0
DA:934,0
DA:935,0
DA:936,0
DA:937,0
DA:938,0
DA:939,0
DA:943,0
DA:946,0
DA:949,0
DA:952,0
DA:956,0
DA:957,0
DA:958,0
DA:959,0
DA:960,0
DA:962,0
DA:963,0
DA:967,0
DA:968,0
DA:969,0
DA:970,0
DA:971,0
DA:973,0
DA:974,0
DA:978,0
DA:979,0
DA:980,0
DA:981,0
DA:982,0
DA:984,0
DA:985,0
DA:989,0
DA:990,0
DA:991,0
DA:992,0
DA:993,0
DA:995,0
DA:996,0
DA:1000,0
DA:1001,0
DA:1002,0
DA:1003,0
DA:1004,0
DA:1006,0
DA:1007,0
DA:1022,0
DA:1023,0
DA:1024,0
DA:1025,0
DA:1026,0
DA:1028,0
DA:1029,0
DA:1033,0
DA:1034,0
DA:1035,0
DA:1036,0
DA:1037,0
DA:1039,0
DA:1040,0
DA:1044,0
DA:1045,0
DA:1046,0
DA:1047,0
DA:1048,0
DA:1049,0
DA:1050,0
DA:1051,0
DA:1053,0
DA:1054,0
DA:1055,0
DA:1057,0
DA:1060,0
DA:1061,0
DA:1062,0
DA:1063,0
DA:1067,0
DA:1068,0
DA:1069,0
DA:1070,0
DA:1072,0
DA:1073,0
DA:1076,0
DA:1077,0
DA:1080,0
DA:1081,0
DA:1084,0
DA:1085,0
DA:1088,0
DA:1096,0
DA:1100,0
DA:1101,0
DA:1102,0
DA:1107,0
DA:1108,0
DA:1109,0
DA:1111,0
DA:1112,0
DA:1113,0
DA:1114,0
DA:1116,0
DA:1117,0
DA:1119,0
DA:1123,0
DA:1124,0
DA:1130,0
DA:1131,0
DA:1132,0
DA:1133,0
DA:1134,0
DA:1135,0
DA:1136,0
DA:1137,0
DA:1138,0
DA:1141,0
DA:1142,0
DA:1143,0
DA:1144,0
DA:1148,0
DA:1151,0
DA:1155,0
DA:1156,0
DA:1157,0
DA:1159,0
DA:1160,0
DA:1161,0
DA:1169,0
DA:1170,0
DA:1171,0
DA:1172,0
DA:1176,0
DA:1177,0
DA:1182,0
DA:1186,0
DA:1188,0
DA:1189,0
DA:1190,0
DA:1191,0
DA:1194,0
DA:1196,0
DA:1197,0
DA:1198,0
DA:1199,0
DA:1200,0
DA:1203,0
DA:1204,0
DA:1209,0
DA:1210,0
DA:1215,0
DA:1216,0
DA:1217,0
DA:1218,0
DA:1221,0
DA:1224,0
DA:1225,0
DA:1231,0
DA:1232,0
DA:1233,0
DA:1234,0
DA:1235,0
DA:1236,0
DA:1237,0
DA:1238,0
DA:1239,0
DA:1243,0
DA:1246,0
DA:1249,0
DA:1252,0
DA:1256,0
DA:1257,0
DA:1258,0
DA:1259,0
DA:1263,0
DA:1264,0
DA:1265,0
DA:1270,0
DA:1273,0
DA:1274,0
DA:1275,0
DA:1276,0
DA:1277,0
DA:1281,0
DA:1282,0
DA:1283,0
DA:1288,0
DA:1293,0
DA:1298,0
DA:1303,0
DA:1306,0
DA:1307,0
DA:1308,0
DA:1319,0
DA:1322,0
DA:1326,0
DA:1327,0
DA:1328,0
DA:1333,0
DA:1334,0
DA:1340,0
DA:1341,0
DA:1342,0
DA:1343,0
DA:1344,0
DA:1345,0
DA:1349,0
DA:1352,0
DA:1355,0
DA:1358,0
DA:1359,0
DA:1360,0
DA:1365,0
DA:1366,0
DA:1369,0
DA:1370,0
DA:1371,0
DA:1372,0
DA:1376,0
DA:1377,0
DA:1378,0
DA:1379,0
DA:1380,0
DA:1383,0
DA:1387,0
DA:1388,0
DA:1389,0
DA:1394,0
DA:1395,0
LF:573
LH:0
BRDA:30,0,0,0
BRDA:30,0,1,0
BRDA:30,0,2,0
BRDA:33,1,0,0
BRDA:33,1,1,0
BRDA:34,2,0,0
BRDA:34,2,1,0
BRDA:39,3,0,0
BRDA:39,3,1,0
BRDA:44,4,0,0
BRDA:44,4,1,0
BRDA:48,5,0,0
BRDA:48,5,1,0
BRDA:55,6,0,0
BRDA:56,7,0,0
BRDA:57,8,0,0
BRDA:58,9,0,0
BRDA:70,10,0,0
BRDA:70,10,1,0
BRDA:70,10,2,0
BRDA:70,10,3,0
BRDA:88,11,0,0
BRDA:88,11,1,0
BRDA:88,11,2,0
BRDA:88,11,3,0
BRDA:99,12,0,0
BRDA:99,12,1,0
BRDA:117,13,0,0
BRDA:117,13,1,0
BRDA:207,14,0,0
BRDA:207,14,1,0
BRDA:213,15,0,0
BRDA:213,15,1,0
BRDA:257,16,0,0
BRDA:257,16,1,0
BRDA:262,17,0,0
BRDA:262,17,1,0
BRDA:52,18,0,0
BRDA:52,18,1,0
BRDA:331,19,0,0
BRDA:341,20,0,0
BRDA:341,20,1,0
BRDA:420,21,0,0
BRDA:420,21,1,0
BRDA:427,22,0,0
BRDA:427,22,1,0
BRDA:433,23,0,0
BRDA:433,23,1,0
BRDA:439,24,0,0
BRDA:439,24,1,0
BRDA:460,25,0,0
BRDA:460,25,1,0
BRDA:478,26,0,0
BRDA:478,26,1,0
BRDA:479,27,0,0
BRDA:479,27,1,0
BRDA:479,27,2,0
BRDA:479,27,3,0
BRDA:504,28,0,0
BRDA:504,28,1,0
BRDA:536,29,0,0
BRDA:536,29,1,0
BRDA:556,30,0,0
BRDA:556,30,1,0
BRDA:559,31,0,0
BRDA:559,31,1,0
BRDA:561,32,0,0
BRDA:561,32,1,0
BRDA:570,33,0,0
BRDA:570,33,1,0
BRDA:573,34,0,0
BRDA:573,34,1,0
BRDA:573,35,0,0
BRDA:573,35,1,0
BRDA:574,36,0,0
BRDA:574,36,1,0
BRDA:578,37,0,0
BRDA:578,37,1,0
BRDA:578,38,0,0
BRDA:578,38,1,0
BRDA:590,39,0,0
BRDA:590,39,1,0
BRDA:590,40,0,0
BRDA:590,40,1,0
BRDA:601,41,0,0
BRDA:601,41,1,0
BRDA:604,42,0,0
BRDA:604,42,1,0
BRDA:604,43,0,0
BRDA:604,43,1,0
BRDA:627,44,0,0
BRDA:627,44,1,0
BRDA:648,45,0,0
BRDA:648,45,1,0
BRDA:649,46,0,0
BRDA:649,46,1,0
BRDA:655,47,0,0
BRDA:655,47,1,0
BRDA:676,48,0,0
BRDA:677,49,0,0
BRDA:678,50,0,0
BRDA:686,51,0,0
BRDA:686,51,1,0
BRDA:691,52,0,0
BRDA:691,52,1,0
BRDA:696,53,0,0
BRDA:696,53,1,0
BRDA:696,54,0,0
BRDA:696,54,1,0
BRDA:699,55,0,0
BRDA:699,55,1,0
BRDA:699,55,2,0
BRDA:699,55,3,0
BRDA:699,55,4,0
BRDA:699,55,5,0
BRDA:699,55,6,0
BRDA:699,55,7,0
BRDA:734,56,0,0
BRDA:734,56,1,0
BRDA:745,57,0,0
BRDA:745,57,1,0
BRDA:753,58,0,0
BRDA:753,58,1,0
BRDA:753,59,0,0
BRDA:753,59,1,0
BRDA:764,60,0,0
BRDA:764,60,1,0
BRDA:772,61,0,0
BRDA:772,61,1,0
BRDA:772,62,0,0
BRDA:772,62,1,0
BRDA:784,63,0,0
BRDA:784,63,1,0
BRDA:784,64,0,0
BRDA:784,64,1,0
BRDA:793,65,0,0
BRDA:793,65,1,0
BRDA:793,66,0,0
BRDA:793,66,1,0
BRDA:806,67,0,0
BRDA:806,67,1,0
BRDA:806,68,0,0
BRDA:806,68,1,0
BRDA:806,68,2,0
BRDA:816,69,0,0
BRDA:816,69,1,0
BRDA:816,70,0,0
BRDA:816,70,1,0
BRDA:830,71,0,0
BRDA:830,71,1,0
BRDA:830,72,0,0
BRDA:830,72,1,0
BRDA:830,72,2,0
BRDA:830,72,3,0
BRDA:841,73,0,0
BRDA:841,73,1,0
BRDA:841,74,0,0
BRDA:841,74,1,0
BRDA:874,75,0,0
BRDA:874,75,1,0
BRDA:886,76,0,0
BRDA:886,76,1,0
BRDA:886,77,0,0
BRDA:886,77,1,0
BRDA:901,78,0,0
BRDA:901,78,1,0
BRDA:901,79,0,0
BRDA:901,79,1,0
BRDA:912,80,0,0
BRDA:912,80,1,0
BRDA:912,80,2,0
BRDA:916,81,0,0
BRDA:916,81,1,0
BRDA:916,82,0,0
BRDA:916,82,1,0
BRDA:924,83,0,0
BRDA:924,83,1,0
BRDA:923,84,0,0
BRDA:923,84,1,0
BRDA:923,84,2,0
BRDA:936,85,0,0
BRDA:937,86,0,0
BRDA:938,87,0,0
BRDA:939,88,0,0
BRDA:956,89,0,0
BRDA:956,89,1,0
BRDA:957,90,0,0
BRDA:957,90,1,0
BRDA:967,91,0,0
BRDA:967,91,1,0
BRDA:968,92,0,0
BRDA:968,92,1,0
BRDA:978,93,0,0
BRDA:978,93,1,0
BRDA:979,94,0,0
BRDA:979,94,1,0
BRDA:989,95,0,0
BRDA:989,95,1,0
BRDA:990,96,0,0
BRDA:990,96,1,0
BRDA:1000,97,0,0
BRDA:1000,97,1,0
BRDA:1001,98,0,0
BRDA:1001,98,1,0
BRDA:1022,99,0,0
BRDA:1022,99,1,0
BRDA:1023,100,0,0
BRDA:1023,100,1,0
BRDA:1033,101,0,0
BRDA:1033,101,1,0
BRDA:1034,102,0,0
BRDA:1034,102,1,0
BRDA:1045,103,0,0
BRDA:1045,103,1,0
BRDA:1054,104,0,0
BRDA:1054,104,1,0
BRDA:1060,105,0,0
BRDA:1060,105,1,0
BRDA:1068,106,0,0
BRDA:1068,106,1,0
BRDA:1068,107,0,0
BRDA:1068,107,1,0
BRDA:1071,108,0,0
BRDA:1071,108,1,0
BRDA:1071,108,2,0
BRDA:1071,108,3,0
BRDA:1071,108,4,0
BRDA:1108,109,0,0
BRDA:1108,109,1,0
BRDA:1113,110,0,0
BRDA:1113,110,1,0
BRDA:1116,111,0,0
BRDA:1116,111,1,0
BRDA:1123,112,0,0
BRDA:1123,112,1,0
BRDA:1156,113,0,0
BRDA:1156,113,1,0
BRDA:1157,114,0,0
BRDA:1157,114,1,0
BRDA:1159,115,0,0
BRDA:1159,115,1,0
BRDA:1159,116,0,0
BRDA:1159,116,1,0
BRDA:1159,116,2,0
BRDA:1168,117,0,0
BRDA:1169,118,0,0
BRDA:1169,118,1,0
BRDA:1176,119,0,0
BRDA:1176,119,1,0
BRDA:1188,120,0,0
BRDA:1188,120,1,0
BRDA:1196,121,0,0
BRDA:1196,121,1,0
BRDA:1203,122,0,0
BRDA:1203,122,1,0
BRDA:1224,123,0,0
BRDA:1224,123,1,0
BRDA:1235,124,0,0
BRDA:1236,125,0,0
BRDA:1237,126,0,0
BRDA:1238,127,0,0
BRDA:1239,128,0,0
BRDA:1255,129,0,0
BRDA:1263,130,0,0
BRDA:1263,130,1,0
BRDA:1273,131,0,0
BRDA:1273,131,1,0
BRDA:1281,132,0,0
BRDA:1281,132,1,0
BRDA:1286,133,0,0
BRDA:1286,133,1,0
BRDA:1291,134,0,0
BRDA:1291,134,1,0
BRDA:1296,135,0,0
BRDA:1296,135,1,0
BRDA:1301,136,0,0
BRDA:1301,136,1,0
BRDA:1306,137,0,0
BRDA:1306,137,1,0
BRDA:1326,138,0,0
BRDA:1326,138,1,0
BRDA:1333,139,0,0
BRDA:1333,139,1,0
BRDA:1342,140,0,0
BRDA:1343,141,0,0
BRDA:1344,142,0,0
BRDA:1345,143,0,0
BRDA:1358,144,0,0
BRDA:1358,144,1,0
BRDA:1369,145,0,0
BRDA:1369,145,1,0
BRDA:1376,146,0,0
BRDA:1376,146,1,0
BRDA:1387,147,0,0
BRDA:1387,147,1,0
BRDA:1394,148,0,0
BRDA:1394,148,1,0
BRDA:306,149,0,0
BRDA:306,149,1,0
BRF:299
BRH:0
end_of_record
TN:
SF:/Users/zacharymarion/src/speedscope-fork/src/gl/overlay-rectangle-renderer.ts
FN:23,(anonymous_0)
FN:73,(anonymous_1)
FN:90,(anonymous_2)
FNF:3
FNH:0
FNDA:0,(anonymous_0)
FNDA:0,(anonymous_1)
FNDA:0,(anonymous_2)
DA:1,0
DA:4,0
DA:5,0
DA:12,0
DA:13,0
DA:15,0
DA:23,0
DA:24,0
DA:25,0
DA:26,0
DA:69,0
DA:73,0
DA:74,0
DA:80,0
DA:81,0
DA:82,0
DA:83,0
DA:85,0
DA:86,0
DA:87,0
DA:91,0
DA:98,0
DA:99,0
DA:102,0
DA:103,0
DA:104,0
DA:106,0
DA:108,0
DA:112,0
LF:29
LH:0
BRF:0
BRH:0
end_of_record
TN:
SF:/Users/zacharymarion/src/speedscope-fork/src/gl/rectangle-batch-renderer.ts
FN:36,(anonymous_0)
FN:38,(anonymous_1)
FN:43,(anonymous_2)
FN:89,(anonymous_3)
FN:99,(anonymous_4)
FN:115,(anonymous_5)
FN:119,(anonymous_6)
FN:123,(anonymous_7)
FNF:8
FNH:0
FNDA:0,(anonymous_0)
FNDA:0,(anonymous_1)
FNDA:0,(anonymous_2)
FNDA:0,(anonymous_3)
FNDA:0,(anonymous_4)
FNDA:0,(anonymous_5)
FNDA:0,(anonymous_6)
FNDA:0,(anonymous_7)
DA:1,0
DA:3,0
DA:4,0
DA:6,0
DA:7,0
DA:8,0
DA:10,0
DA:24,0
DA:33,0
DA:34,0
DA:35,0
DA:36,0
DA:39,0
DA:42,0
DA:44,0
DA:45,0
DA:48,0
DA:57,0
DA:58,0
DA:59,0
DA:61,0
DA:62,0
DA:63,0
DA:70,0
DA:71,0
DA:72,0
DA:74,0
DA:75,0
DA:76,0
DA:80,0
DA:81,0
DA:84,0
DA:85,0
DA:86,0
DA:90,0
DA:91,0
DA:93,0
DA:94,0
DA:95,0
DA:100,0
DA:101,0
DA:102,0
DA:113,0
DA:115,0
DA:116,0
DA:120,0
DA:124,0
DA:129,0
DA:131,0
DA:135,0
DA:139,0
DA:140,0
LF:52
LH:0
BRDA:44,0,0,0
BRDA:44,0,1,0
BRDA:80,1,0,0
BRDA:80,1,1,0
BRDA:93,2,0,0
BRDA:93,2,1,0
BRDA:100,3,0,0
BRDA:100,3,1,0
BRF:8
BRH:0
end_of_record
TN:
SF:/Users/zacharymarion/src/speedscope-fork/src/gl/row-atlas.ts
FN:15,(anonymous_0)
FN:29,(anonymous_1)
FN:34,(anonymous_2)
FN:37,(anonymous_3)
FN:40,(anonymous_4)
FN:44,(anonymous_5)
FN:58,(anonymous_6)
FN:59,(anonymous_7)
FN:80,(anonymous_8)
FNF:9
FNH:0
FNDA:0,(anonymous_0)
FNDA:0,(anonymous_1)
FNDA:0,(anonymous_2)
FNDA:0,(anonymous_3)
FNDA:0,(anonymous_4)
FNDA:0,(anonymous_5)
FNDA:0,(anonymous_6)
FNDA:0,(anonymous_7)
FNDA:0,(anonymous_8)
DA:1,0
DA:2,0
DA:3,0
DA:4,0
DA:5,0
DA:7,0
DA:9,0
DA:16,0
DA:17,0
DA:18,0
DA:20,0
DA:21,0
DA:22,0
DA:23,0
DA:24,0
DA:29,0
DA:30,0
DA:35,0
DA:38,0
DA:41,0
DA:45,0
DA:47,0
DA:48,0
DA:49,0
DA:52,0
DA:53,0
DA:54,0
DA:59,0
DA:60,0
DA:61,0
DA:62,0
DA:64,0
DA:67,0
DA:69,0
DA:70,0
DA:75,0
DA:81,0
DA:82,0
DA:83,0
DA:86,0
DA:90,0
DA:95,0
LF:42
LH:0
BRDA:45,0,0,0
BRDA:45,0,1,0
BRDA:62,1,0,0
BRDA:62,1,1,0
BRDA:82,2,0,0
BRDA:82,2,1,0
BRF:6
BRH:0
end_of_record
TN:
SF:/Users/zacharymarion/src/speedscope-fork/src/gl/texture-renderer.ts
FN:46,(anonymous_0)
FN:70,(anonymous_1)
FN:75,(anonymous_2)
FN:92,(anonymous_3)
FNF:4
FNH:0
FNDA:0,(anonymous_0)
FNDA:0,(anonymous_1)
FNDA:0,(anonymous_2)
FNDA:0,(anonymous_3)
DA:1,0
DA:2,0
DA:3,0
DA:11,0
DA:25,0
DA:42,0
DA:46,0
DA:47,0
DA:48,0
DA:49,0
DA:51,0
DA:57,0
DA:58,0
DA:59,0
DA:60,0
DA:61,0
DA:62,0
DA:65,0
DA:66,0
DA:67,0
DA:71,0
DA:72,0
DA:76,0
DA:77,0
DA:85,0
DA:86,0
DA:89,0
DA:93,0
DA:95,0
DA:96,0
DA:98,0
DA:101,0
DA:102,0
DA:106,0
DA:107,0
LF:35
LH:0
BRF:0
BRH:0
end_of_record
TN:
SF:/Users/zacharymarion/src/speedscope-fork/src/gl/utils.ts
FN:4,setUniformAffineTransform
FN:12,setUniformVec2
FN:16,renderInto
FNF:3
FNH:0
FNDA:0,setUniformAffineTransform
FNDA:0,setUniformVec2
FNDA:0,renderInto
DA:4,0
DA:9,0
DA:10,0
DA:12,0
DA:13,0
DA:16,0
DA:17,0
DA:18,0
DA:19,0
DA:20,0
LF:10
LH:0
BRF:0
BRH:0
end_of_record
TN:
SF:/Users/zacharymarion/src/speedscope-fork/src/import/bg-flamegraph.ts
FN:11,parseBGFoldedStacks
FN:20,(anonymous_1)
FN:28,importFromBGFlameGraph
FN:30,(anonymous_3)
FNF:4
FNH:4
FNDA:13,parseBGFoldedStacks
FNDA:140,(anonymous_1)
FNDA:13,importFromBGFlameGraph
FNDA:50,(anonymous_3)
DA:3,17
DA:12,13
DA:13,13
DA:14,63
DA:15,63
DA:16,50
DA:17,50
DA:19,50
DA:20,140
DA:25,13
DA:28,17
DA:29,13
DA:30,50
DA:31,13
DA:32,13
DA:33,3
DA:35,10
DA:36,50
DA:38,10
LF:19
LH:19
BRDA:15,0,0,13
BRDA:15,0,1,50
BRDA:32,1,0,3
BRDA:32,1,1,10
BRF:4
BRH:4
end_of_record
TN:
SF:/Users/zacharymarion/src/speedscope-fork/src/import/callgrind.ts
FN:98,(anonymous_0)
FN:100,(anonymous_1)
FN:104,(anonymous_2)
FN:112,(anonymous_3)
FN:116,(anonymous_4)
FN:120,(anonymous_5)
FN:131,(anonymous_6)
FN:158,(anonymous_7)
FN:213,(anonymous_8)
FN:348,(anonymous_9)
FN:353,(anonymous_10)
FN:388,(anonymous_11)
FN:392,(anonymous_12)
FN:399,(anonymous_13)
FN:406,(anonymous_14)
FN:424,(anonymous_15)
FN:431,(anonymous_16)
FN:508,(anonymous_17)
FN:544,(anonymous_18)
FN:626,importFromCallgrind
FNF:20
FNH:19
FNDA:12,(anonymous_0)
FNDA:114,(anonymous_1)
FNDA:76,(anonymous_2)
FNDA:38,(anonymous_3)
FNDA:38,(anonymous_4)
FNDA:24,(anonymous_5)
FNDA:12,(anonymous_6)
FNDA:50,(anonymous_7)
FNDA:0,(anonymous_8)
FNDA:10,(anonymous_9)
FNDA:10,(anonymous_10)
FNDA:12,(anonymous_11)
FNDA:76,(anonymous_12)
FNDA:38,(anonymous_13)
FNDA:188,(anonymous_14)
FNDA:12,(anonymous_15)
FNDA:168,(anonymous_16)
FNDA:104,(anonymous_17)
FNDA:64,(anonymous_18)
FNDA:10,importFromCallgrind
DA:88,17
DA:89,17
DA:90,17
DA:94,12
DA:95,12
DA:96,12
DA:98,12
DA:101,114
DA:105,76
DA:106,38
DA:108,38
DA:113,38
DA:117,38
DA:118,38
DA:120,38
DA:122,38
DA:123,38
DA:125,0
DA:128,38
DA:132,12
DA:134,12
DA:138,12
DA:139,2
DA:140,2
DA:141,2
DA:142,10
DA:143,2
DA:144,2
DA:146,8
DA:149,12
DA:151,12
DA:153,12
DA:154,12
DA:155,38
DA:158,12
DA:159,50
DA:165,0
DA:186,50
DA:210,0
DA:213,50
DA:214,50
DA:215,0
DA:218,50
DA:220,50
DA:222,50
DA:223,50
DA:227,38
DA:229,38
DA:230,38
DA:240,38
DA:241,38
DA:243,50
DA:245,50
DA:246,50
DA:305,12
DA:307,12
DA:308,24
DA:309,38
DA:313,12
DA:314,12
DA:317,12
DA:337,10
DA:338,10
DA:340,10
DA:341,10
DA:342,10
DA:343,10
DA:345,10
DA:346,10
DA:348,10
DA:349,10
DA:350,10
DA:354,10
DA:355,230
DA:357,230
DA:359,8
DA:362,222
DA:364,34
DA:367,188
DA:368,20
DA:371,168
DA:372,136
DA:375,32
DA:376,32
DA:379,0
DA:382,10
DA:383,0
DA:385,10
DA:388,12
DA:393,76
DA:394,76
DA:395,76
DA:396,76
DA:400,38
DA:401,38
DA:402,38
DA:403,38
DA:407,188
DA:408,188
DA:410,20
DA:412,10
DA:416,10
DA:418,10
DA:419,0
DA:424,10
DA:425,12
DA:428,10
DA:432,168
DA:433,168
DA:435,136
DA:436,136
DA:438,136
DA:448,0
DA:449,0
DA:453,20
DA:454,20
DA:458,32
DA:459,32
DA:466,20
DA:467,20
DA:471,32
DA:472,32
DA:480,32
DA:488,32
DA:489,32
DA:490,32
DA:497,0
DA:501,0
DA:505,136
DA:510,104
DA:512,104
DA:513,20
DA:514,20
DA:515,20
DA:516,0
DA:521,20
DA:522,20
DA:527,84
DA:528,84
DA:529,20
DA:530,20
DA:531,0
DA:535,20
DA:539,64
DA:542,10
DA:547,64
DA:548,64
DA:550,64
DA:551,140
DA:553,140
DA:554,0
DA:557,140
DA:560,12
DA:561,0
DA:567,12
DA:568,12
DA:569,8
DA:572,4
DA:573,4
DA:574,0
DA:579,4
DA:582,128
DA:583,128
DA:584,0
DA:586,128
DA:590,64
DA:591,0
DA:595,64
DA:604,64
DA:605,0
DA:609,64
DA:610,76
DA:611,38
DA:612,38
DA:613,38
DA:621,64
DA:622,64
DA:626,17
DA:630,10
LF:179
LH:160
BRDA:105,0,0,38
BRDA:105,0,1,38
BRDA:122,1,0,38
BRDA:122,1,1,0
BRDA:138,2,0,2
BRDA:138,2,1,10
BRDA:142,3,0,2
BRDA:142,3,1,8
BRDA:159,4,0,0
BRDA:159,4,1,50
BRDA:186,5,0,0
BRDA:186,5,1,50
BRDA:214,6,0,0
BRDA:214,6,1,50
BRDA:223,7,0,50
BRDA:223,7,1,26
BRDA:357,8,0,8
BRDA:357,8,1,222
BRDA:362,9,0,34
BRDA:362,9,1,188
BRDA:367,10,0,20
BRDA:367,10,1,168
BRDA:371,11,0,136
BRDA:371,11,1,32
BRDA:375,12,0,32
BRDA:375,12,1,0
BRDA:382,13,0,0
BRDA:382,13,1,10
BRDA:393,14,0,76
BRDA:393,14,1,0
BRDA:394,15,0,76
BRDA:394,15,1,0
BRDA:400,16,0,38
BRDA:400,16,1,16
BRDA:400,16,2,0
BRDA:401,17,0,38
BRDA:401,17,1,0
BRDA:408,18,0,168
BRDA:408,18,1,20
BRDA:410,19,0,10
BRDA:410,19,1,10
BRDA:418,20,0,0
BRDA:418,20,1,10
BRDA:433,21,0,32
BRDA:433,21,1,136
BRDA:439,22,0,0
BRDA:439,22,1,0
BRDA:439,22,2,20
BRDA:439,22,3,32
BRDA:439,22,4,16
BRDA:439,22,5,20
BRDA:439,22,6,32
BRDA:439,22,7,32
BRDA:439,22,8,0
BRDA:439,22,9,0
BRDA:439,22,10,0
BRDA:512,23,0,20
BRDA:512,23,1,84
BRDA:515,24,0,0
BRDA:515,24,1,20
BRDA:528,25,0,20
BRDA:528,25,1,64
BRDA:530,26,0,0
BRDA:530,26,1,20
BRDA:553,27,0,0
BRDA:553,27,1,140
BRDA:557,28,0,12
BRDA:557,28,1,128
BRDA:557,29,0,140
BRDA:557,29,1,132
BRDA:557,29,2,128
BRDA:560,30,0,0
BRDA:560,30,1,12
BRDA:568,31,0,8
BRDA:568,31,1,4
BRDA:573,32,0,0
BRDA:573,32,1,4
BRDA:583,33,0,0
BRDA:583,33,1,128
BRDA:590,34,0,0
BRDA:590,34,1,64
BRDA:604,35,0,0
BRDA:604,35,1,64
BRDA:610,36,0,38
BRDA:610,36,1,38
BRDA:612,37,0,38
BRDA:612,37,1,0
BRDA:616,38,0,38
BRDA:616,38,1,0
BRF:89
BRH:63
end_of_record
TN:
SF:/Users/zacharymarion/src/speedscope-fork/src/import/chrome.ts
FN:52,isChromeTimeline
FN:59,(anonymous_1)
FN:66,isChromeTimelineObject
FN:74,importFromChromeTimeline
FN:88,(anonymous_4)
FN:150,(anonymous_5)
FN:177,frameInfoForCallFrame
FN:178,(anonymous_7)
FN:205,shouldIgnoreFunction
FN:216,shouldPlaceOnTopOfPreviousStack
FN:220,importFromChromeCPUProfile
FN:342,importFromOldV8CPUProfile
FNF:12
FNH:12
FNDA:94,isChromeTimeline
FNDA:31390,(anonymous_1)
FNDA:78,isChromeTimelineObject
FNDA:15,importFromChromeTimeline
FNDA:296306,(anonymous_4)
FNDA:19,(anonymous_5)
FNDA:6632,frameInfoForCallFrame
FNDA:472,(anonymous_7)
FNDA:3625,shouldIgnoreFunction
FNDA:7152,shouldPlaceOnTopOfPreviousStack
FNDA:23,importFromChromeCPUProfile
FNDA:2,importFromOldV8CPUProfile
DA:1,17
DA:2,17
DA:3,17
DA:4,17
DA:52,17
DA:53,94
DA:54,70
DA:55,70
DA:56,70
DA:57,14
DA:59,31390
DA:62,0
DA:63,14
DA:66,17
DA:70,78
DA:71,3
DA:74,17
DA:78,15
DA:81,15
DA:84,15
DA:88,296306
DA:90,15
DA:91,40478
DA:92,8
DA:93,8
DA:94,8
DA:95,8
DA:98,40478
DA:99,11
DA:100,11
DA:109,11
DA:110,11
DA:114,40478
DA:115,534
DA:118,40478
DA:119,249
DA:120,249
DA:121,249
DA:122,246
DA:123,246
DA:124,246
DA:125,49
DA:127,246
DA:128,246
DA:131,246
DA:132,246
DA:134,246
DA:135,0
DA:137,246
DA:138,0
DA:141,3
DA:146,15
DA:147,15
DA:148,15
DA:150,15
DA:151,19
DA:152,19
DA:153,19
DA:154,19
DA:155,19
DA:158,19
DA:159,19
DA:160,8
DA:161,8
DA:162,4
DA:165,11
DA:167,19
DA:170,15
DA:172,0
DA:176,17
DA:178,6632
DA:179,472
DA:185,472
DA:186,472
DA:188,472
DA:189,472
DA:192,472
DA:195,472
DA:206,3625
DA:207,3625
DA:211,4
DA:213,3621
DA:217,7152
DA:220,17
DA:221,23
DA:223,23
DA:224,23
DA:225,514
DA:227,23
DA:228,514
DA:229,371
DA:232,514
DA:233,86
DA:234,120
DA:235,120
DA:236,120
DA:240,23
DA:241,23
DA:245,23
DA:249,23
DA:251,23
DA:255,23
DA:256,55915
DA:257,55915
DA:258,2941
DA:259,2941
DA:260,4
DA:262,2937
DA:263,2937
DA:267,55915
DA:268,23
DA:269,23
DA:270,23
DA:271,0
DA:273,23
DA:274,23
DA:278,55892
DA:279,55892
DA:280,55892
DA:284,23
DA:286,23
DA:287,2964
DA:288,2964
DA:289,2964
DA:290,2964
DA:293,2964
DA:297,2964
DA:306,2964
DA:307,3284
DA:308,3284
DA:309,3284
DA:313,2964
DA:314,2964
DA:315,2964
DA:322,3316
DA:324,2964
DA:326,2964
DA:327,3316
DA:330,2964
DA:334,23
DA:335,32
DA:338,23
DA:339,23
DA:342,17
DA:343,2
LF:145
LH:140
BRDA:53,0,0,24
BRDA:53,0,1,70
BRDA:54,1,0,0
BRDA:54,1,1,70
BRDA:56,2,0,56
BRDA:56,2,1,14
BRDA:56,3,0,70
BRDA:56,3,1,70
BRDA:56,3,2,70
BRDA:56,3,3,70
BRDA:57,4,0,0
BRDA:57,4,1,14
BRDA:59,5,0,31390
BRDA:59,5,1,31384
BRDA:59,5,2,31377
BRDA:70,6,0,75
BRDA:70,6,1,3
BRDA:91,7,0,8
BRDA:91,7,1,40470
BRDA:93,8,0,8
BRDA:93,8,1,8
BRDA:98,9,0,11
BRDA:98,9,1,40467
BRDA:100,10,0,11
BRDA:100,10,1,0
BRDA:109,11,0,11
BRDA:109,11,1,0
BRDA:114,12,0,534
BRDA:114,12,1,39944
BRDA:118,13,0,249
BRDA:118,13,1,40229
BRDA:120,14,0,249
BRDA:120,14,1,0
BRDA:121,15,0,246
BRDA:121,15,1,3
BRDA:123,16,0,246
BRDA:123,16,1,0
BRDA:124,17,0,49
BRDA:124,17,1,197
BRDA:127,18,0,246
BRDA:127,18,1,0
BRDA:131,19,0,246
BRDA:131,19,1,0
BRDA:134,20,0,0
BRDA:134,20,1,246
BRDA:137,21,0,0
BRDA:137,21,1,246
BRDA:141,22,0,3
BRDA:141,22,1,0
BRDA:146,23,0,15
BRDA:146,23,1,0
BRDA:153,24,0,19
BRDA:153,24,1,0
BRDA:154,25,0,19
BRDA:154,25,1,0
BRDA:155,26,0,19
BRDA:155,26,1,0
BRDA:159,27,0,8
BRDA:159,27,1,11
BRDA:159,28,0,19
BRDA:159,28,1,19
BRDA:161,29,0,4
BRDA:161,29,1,4
BRDA:186,30,0,380
BRDA:186,30,1,92
BRDA:189,31,0,380
BRDA:189,31,1,92
BRDA:192,32,0,472
BRDA:192,32,1,118
BRDA:193,33,0,100
BRDA:193,33,1,18
BRDA:207,34,0,4
BRDA:207,34,1,3621
BRDA:213,35,0,3621
BRDA:213,35,1,3523
BRDA:217,36,0,7152
BRDA:217,36,1,7124
BRDA:228,37,0,371
BRDA:228,37,1,143
BRDA:232,38,0,428
BRDA:232,38,1,86
BRDA:235,39,0,0
BRDA:235,39,1,120
BRDA:257,40,0,2941
BRDA:257,40,1,52974
BRDA:259,41,0,4
BRDA:259,41,1,2937
BRDA:267,42,0,23
BRDA:267,42,1,55892
BRDA:268,43,0,23
BRDA:268,43,1,0
BRDA:270,44,0,0
BRDA:270,44,1,23
BRDA:290,45,0,0
BRDA:290,45,1,2964
BRDA:299,46,0,6800
BRDA:299,46,1,6311
BRDA:301,47,0,298
BRDA:301,47,1,3538
BRDA:302,48,0,3538
BRDA:302,48,1,309
BRDA:306,49,0,6248
BRDA:306,49,1,5759
BRDA:316,50,0,6280
BRDA:316,50,1,6100
BRDA:316,50,2,3625
BRDA:319,51,0,298
BRDA:319,51,1,3018
BRDA:320,52,0,3018
BRDA:320,52,1,0
BRF:110
BRH:90
end_of_record
TN:
SF:/Users/zacharymarion/src/speedscope-fork/src/import/firefox.ts
FN:153,importFromFirefox
FN:159,(anonymous_1)
FN:163,extractStack
FN:175,(anonymous_3)
FN:192,(anonymous_4)
FN:203,(anonymous_5)
FNF:6
FNH:5
FNDA:7,importFromFirefox
FNDA:0,(anonymous_1)
FNDA:667,extractStack
FNDA:5910,(anonymous_3)
FNDA:35,(anonymous_4)
FNDA:5910,(anonymous_5)
DA:1,17
DA:2,17
DA:3,17
DA:153,17
DA:154,7
DA:157,7
DA:159,0
DA:161,7
DA:164,667
DA:165,667
DA:167,667
DA:168,5910
DA:169,5910
DA:170,5910
DA:171,5910
DA:173,667
DA:174,667
DA:176,5910
DA:177,5910
DA:179,5910
DA:181,5910
DA:183,1728
DA:189,717
DA:192,1011
DA:203,5910
DA:206,7
DA:208,7
DA:209,7
DA:210,667
DA:211,667
DA:214,667
DA:216,667
DA:217,839
DA:218,109
DA:220,730
DA:224,667
DA:225,281
DA:228,667
DA:229,281
DA:232,667
DA:235,7
DA:236,7
LF:42
LH:41
BRDA:158,0,0,7
BRDA:158,0,1,0
BRDA:181,1,0,4182
BRDA:181,1,1,1728
BRDA:183,2,0,717
BRDA:183,2,1,1011
BRDA:184,3,0,1728
BRDA:184,3,1,1174
BRDA:184,3,2,1011
BRDA:199,4,0,35
BRDA:199,4,1,0
BRDA:200,5,0,17
BRDA:200,5,1,18
BRDA:217,6,0,109
BRDA:217,6,1,730
BRF:15
BRH:13
end_of_record
TN:
SF:/Users/zacharymarion/src/speedscope-fork/src/import/haskell.ts
FN:38,addToProfile
FN:65,importFromHaskell
FN:84,(anonymous_2)
FN:89,(anonymous_3)
FNF:4
FNH:4
FNDA:716,addToProfile
FNDA:2,importFromHaskell
FNDA:140,(anonymous_2)
FNDA:140,(anonymous_3)
DA:1,17
DA:2,17
DA:46,716
DA:47,436
DA:49,280
DA:50,280
DA:52,280
DA:54,280
DA:55,712
DA:58,280
DA:60,280
DA:62,280
DA:65,17
DA:66,2
DA:67,2
DA:68,300
DA:74,300
DA:77,48
DA:80,300
DA:83,2
DA:84,140
DA:85,2
DA:86,2
DA:88,2
DA:89,140
DA:90,2
DA:91,2
DA:93,2
LF:28
LH:28
BRDA:46,0,0,436
BRDA:46,0,1,280
BRDA:46,1,0,716
BRDA:46,1,1,660
BRDA:46,1,2,580
BRDA:46,1,3,520
BRDA:74,2,0,48
BRDA:74,2,1,252
BRF:8
BRH:8
end_of_record
TN:
SF:/Users/zacharymarion/src/speedscope-fork/src/import/index.ts
FN:28,importProfileGroupFromText
FN:35,importProfileGroupFromBase64
FN:44,importProfilesFromFile
FN:48,importProfilesFromArrayBuffer
FN:55,importProfileGroup
FN:73,toGroup
FN:78,_importProfileGroup
FN:214,importFromFileSystemDirectoryEntry
FNF:8
FNH:6
FNDA:5,importProfileGroupFromText
FNDA:0,importProfileGroupFromBase64
FNDA:0,importProfilesFromFile
FNDA:157,importProfilesFromArrayBuffer
FNDA:162,importProfileGroup
FNDA:51,toGroup
FNDA:162,_importProfileGroup
FNDA:3,importFromFileSystemDirectoryEntry
DA:4,17
DA:11,17
DA:12,17
DA:13,17
DA:14,17
DA:15,17
DA:16,17
DA:17,17
DA:18,17
DA:19,17
DA:20,17
DA:21,17
DA:22,17
DA:23,17
DA:24,17
DA:25,17
DA:26,17
DA:28,17
DA:32,5
DA:35,17
DA:39,0
DA:44,17
DA:45,0
DA:48,17
DA:52,157
DA:56,162
DA:58,162
DA:59,160
DA:60,156
DA:61,110
DA:63,156
DA:64,190
DA:65,48
DA:68,156
DA:70,4
DA:74,51
DA:75,51
DA:79,162
DA:81,162
DA:84,162
DA:85,162
DA:86,2
DA:87,2
DA:91,160
DA:94,160
DA:95,4
DA:96,4
DA:97,156
DA:98,1
DA:99,1
DA:100,155
DA:101,0
DA:102,0
DA:103,155
DA:104,0
DA:105,0
DA:106,155
DA:107,0
DA:108,0
DA:109,155
DA:110,7
DA:111,7
DA:112,148
DA:113,0
DA:114,0
DA:115,148
DA:116,1
DA:117,1
DA:118,147
DA:119,2
DA:120,2
DA:121,145
DA:122,1
DA:123,1
DA:124,144
DA:125,5
DA:126,5
DA:131,139
DA:132,139
DA:134,139
DA:135,104
DA:136,6
DA:137,6
DA:138,98
DA:139,7
DA:140,7
DA:141,91
DA:142,13
DA:143,13
DA:144,78
DA:145,1
DA:146,1
DA:147,77
DA:148,2
DA:149,2
DA:150,75
DA:151,56
DA:152,56
DA:153,19
DA:154,2
DA:155,2
DA:156,17
DA:157,9
DA:158,9
DA:159,8
DA:160,1
DA:161,1
DA:162,7
DA:163,2
DA:164,2
DA:165,5
DA:166,2
DA:167,2
DA:168,3
DA:169,2
DA:170,2
DA:177,35
DA:181,5
DA:182,5
DA:187,30
DA:188,6
DA:189,6
DA:192,24
DA:193,4
DA:194,4
DA:197,20
DA:198,20
DA:199,7
DA:200,7
DA:203,13
DA:204,13
DA:205,10
DA:206,10
DA:211,4
DA:214,17
DA:215,3
LF:136
LH:126
BRDA:59,0,0,156
BRDA:59,0,1,4
BRDA:60,1,0,110
BRDA:60,1,1,46
BRDA:64,2,0,48
BRDA:64,2,1,142
BRDA:64,3,0,190
BRDA:64,3,1,190
BRDA:74,4,0,0
BRDA:74,4,1,51
BRDA:85,5,0,2
BRDA:85,5,1,160
BRDA:94,6,0,4
BRDA:94,6,1,156
BRDA:97,7,0,1
BRDA:97,7,1,155
BRDA:100,8,0,0
BRDA:100,8,1,155
BRDA:100,9,0,155
BRDA:100,9,1,155
BRDA:103,10,0,0
BRDA:103,10,1,155
BRDA:106,11,0,0
BRDA:106,11,1,155
BRDA:109,12,0,7
BRDA:109,12,1,148
BRDA:112,13,0,0
BRDA:112,13,1,148
BRDA:115,14,0,1
BRDA:115,14,1,147
BRDA:118,15,0,2
BRDA:118,15,1,145
BRDA:121,16,0,1
BRDA:121,16,1,144
BRDA:124,17,0,5
BRDA:124,17,1,139
BRDA:134,18,0,104
BRDA:134,18,1,35
BRDA:135,19,0,6
BRDA:135,19,1,98
BRDA:138,20,0,7
BRDA:138,20,1,91
BRDA:138,21,0,98
BRDA:138,21,1,7
BRDA:141,22,0,13
BRDA:141,22,1,78
BRDA:144,23,0,1
BRDA:144,23,1,77
BRDA:147,24,0,2
BRDA:147,24,1,75
BRDA:147,25,0,77
BRDA:147,25,1,2
BRDA:147,25,2,2
BRDA:150,26,0,56
BRDA:150,26,1,19
BRDA:153,27,0,2
BRDA:153,27,1,17
BRDA:153,28,0,19
BRDA:153,28,1,4
BRDA:153,28,2,2
BRDA:156,29,0,9
BRDA:156,29,1,8
BRDA:156,30,0,17
BRDA:156,30,1,10
BRDA:156,30,2,10
BRDA:159,31,0,1
BRDA:159,31,1,7
BRDA:159,32,0,8
BRDA:159,32,1,1
BRDA:159,32,2,1
BRDA:162,33,0,2
BRDA:162,33,1,5
BRDA:162,34,0,7
BRDA:162,34,1,2
BRDA:165,35,0,2
BRDA:165,35,1,3
BRDA:165,36,0,5
BRDA:165,36,1,2
BRDA:168,37,0,2
BRDA:168,37,1,1
BRDA:168,38,0,3
BRDA:168,38,1,2
BRDA:177,39,0,5
BRDA:177,39,1,30
BRDA:178,40,0,35
BRDA:178,40,1,31
BRDA:178,40,2,1
BRDA:187,41,0,6
BRDA:187,41,1,24
BRDA:192,42,0,4
BRDA:192,42,1,20
BRDA:198,43,0,7
BRDA:198,43,1,13
BRDA:204,44,0,10
BRDA:204,44,1,3
BRF:95
BRH:90
end_of_record
TN:
SF:/Users/zacharymarion/src/speedscope-fork/src/import/instruments.ts
FN:16,parseTSV
FN:17,(anonymous_8)
FN:54,getWeight
FN:106,importFromInstrumentsDeepCopy
FN:167,extractDirectoryTree
FN:174,(anonymous_13)
FN:175,(anonymous_14)
FN:185,(anonymous_15)
FN:195,readAsArrayBuffer
FN:199,readAsText
FN:203,getCoreDirForRun
FN:212,(anonymous_19)
FN:215,(anonymous_20)
FN:218,(anonymous_21)
FN:221,(anonymous_22)
FN:224,(anonymous_23)
FN:227,(anonymous_24)
FN:235,(anonymous_25)
FN:240,(anonymous_26)
FN:249,(anonymous_27)
FN:265,getRawSampleList
FN:304,getIntegerArrays
FN:368,readFormTemplate
FN:400,(anonymous_34)
FN:430,importFromInstrumentsTrace
FN:466,importRunFromInstrumentsTrace
FN:483,(anonymous_39)
FN:487,(anonymous_40)
FN:488,(anonymous_41)
FN:493,(anonymous_42)
FN:505,importThreadFromInstrumentsTrace
FN:515,(anonymous_44)
FN:520,appendRecursive
FN:540,(anonymous_46)
FN:566,readInstrumentsKeyedArchive
FN:569,(anonymous_48)
FN:644,decodeUTF8
FN:650,isArray
FN:654,isDictionary
FN:658,followUID
FN:662,expandKeyedArchive
FN:664,(anonymous_54)
FN:687,(anonymous_55)
FN:713,paternMatchObjectiveC
FN:716,(anonymous_57)
FN:819,(anonymous_58)
FN:822,parseBinaryPlist
FN:845,(anonymous_60)
FN:847,(anonymous_61)
FN:867,(anonymous_62)
FN:876,(anonymous_63)
FN:883,(anonymous_64)
FN:907,(anonymous_65)
FN:913,(anonymous_66)
FN:919,(anonymous_67)
FN:924,(anonymous_68)
FN:934,(anonymous_69)
FN:945,(anonymous_70)
FN:949,(anonymous_71)
FN:961,(anonymous_72)
FN:978,(anonymous_73)
FNF:61
FNH:55
FNDA:6,parseTSV
FNDA:278,(anonymous_8)
FNDA:258,getWeight
FNDA:6,importFromInstrumentsDeepCopy
FNDA:141,extractDirectoryTree
FNDA:141,(anonymous_13)
FNDA:141,(anonymous_14)
FNDA:266,(anonymous_15)
FNDA:18,readAsArrayBuffer
FNDA:20,readAsText
FNDA:5,getCoreDirForRun
FNDA:15,(anonymous_19)
FNDA:5083,(anonymous_20)
FNDA:11452,(anonymous_21)
FNDA:5083,(anonymous_22)
FNDA:0,(anonymous_23)
FNDA:0,(anonymous_24)
FNDA:38158,(anonymous_25)
FNDA:11457,(anonymous_26)
FNDA:24139,(anonymous_27)
FNDA:5,getRawSampleList
FNDA:5,getIntegerArrays
FNDA:3,readFormTemplate
FNDA:2345,(anonymous_34)
FNDA:3,importFromInstrumentsTrace
FNDA:5,importRunFromInstrumentsTrace
FNDA:15,(anonymous_39)
FNDA:44,(anonymous_40)
FNDA:15,(anonymous_41)
FNDA:15,(anonymous_42)
FNDA:15,importThreadFromInstrumentsTrace
FNDA:12582,(anonymous_44)
FNDA:12260,appendRecursive
FNDA:653,(anonymous_46)
FNDA:3,readInstrumentsKeyedArchive
FNDA:1479,(anonymous_48)
FNDA:0,decodeUTF8
FNDA:14191,isArray
FNDA:18261,isDictionary
FNDA:3061,followUID
FNDA:3,expandKeyedArchive
FNDA:0,(anonymous_54)
FNDA:22046,(anonymous_55)
FNDA:5358,paternMatchObjectiveC
FNDA:0,(anonymous_57)
FNDA:12661,(anonymous_58)
FNDA:3,parseBinaryPlist
FNDA:3,(anonymous_60)
FNDA:3,(anonymous_61)
FNDA:29489,(anonymous_62)
FNDA:270,(anonymous_63)
FNDA:101838,(anonymous_64)
FNDA:32,(anonymous_65)
FNDA:0,(anonymous_66)
FNDA:93,(anonymous_67)
FNDA:24218,(anonymous_68)
FNDA:1,(anonymous_69)
FNDA:12661,(anonymous_70)
FNDA:1997,(anonymous_71)
FNDA:3180,(anonymous_72)
FNDA:51918,(anonymous_73)
DA:4,17
DA:11,17
DA:12,17
DA:14,17
DA:17,278
DA:19,6
DA:20,6
DA:22,6
DA:23,6
DA:24,24
DA:27,6
DA:28,6
DA:29,272
DA:30,272
DA:31,1046
DA:33,272
DA:35,6
DA:55,258
DA:56,52
DA:57,52
DA:58,52
DA:59,52
DA:60,52
DA:62,52
DA:64,0
DA:66,0
DA:68,52
DA:70,0
DA:72,0
DA:75,206
DA:76,206
DA:77,206
DA:78,206
DA:79,206
DA:80,206
DA:82,206
DA:84,116
DA:86,0
DA:88,0
DA:91,4
DA:93,6
DA:95,52
DA:97,28
DA:99,0
DA:102,0
DA:106,17
DA:107,6
DA:108,6
DA:110,6
DA:111,6
DA:113,6
DA:114,272
DA:115,272
DA:116,258
DA:117,258
DA:119,258
DA:120,0
DA:123,258
DA:125,258
DA:126,202
DA:127,202
DA:130,258
DA:131,202
DA:132,202
DA:135,258
DA:142,258
DA:143,258
DA:146,6
DA:147,56
DA:148,56
DA:149,56
DA:152,6
DA:153,2
DA:154,4
DA:155,4
DA:158,6
DA:168,141
DA:174,141
DA:175,141
DA:176,141
DA:180,141
DA:181,404
DA:182,138
DA:183,138
DA:185,266
DA:186,266
DA:188,266
DA:192,141
DA:196,18
DA:200,20
DA:204,5
DA:205,5
DA:206,5
DA:210,15
DA:213,15
DA:216,5083
DA:219,11452
DA:222,5083
DA:225,0
DA:228,0
DA:229,0
DA:230,0
DA:236,38158
DA:237,38158
DA:238,38158
DA:241,11457
DA:242,11457
DA:244,11457
DA:250,24139
DA:251,24139
DA:252,24139
DA:266,5
DA:267,5
DA:268,20
DA:269,20
DA:270,20
DA:271,20
DA:272,15
DA:274,5
DA:278,5
DA:279,5
DA:280,5
DA:281,5
DA:282,5
DA:284,5
DA:286,5
DA:287,5
DA:290,11457
DA:291,11457
DA:293,11452
DA:295,11452
DA:296,11452
DA:297,11452
DA:299,5
DA:301,0
DA:305,5
DA:306,5
DA:307,5
DA:308,5
DA:319,5
DA:320,5
DA:323,5
DA:325,5
DA:327,5
DA:328,5078
DA:330,5078
DA:333,5
DA:336,5073
DA:338,5073
DA:339,5073
DA:341,5073
DA:342,24139
DA:344,5073
DA:347,5
DA:369,3
DA:370,3
DA:372,3
DA:373,3
DA:374,3
DA:375,2
DA:377,3
DA:378,3
DA:379,2
DA:381,3
DA:383,3
DA:384,3
DA:385,3
DA:387,3
DA:392,3
DA:395,3
DA:396,5
DA:397,1344
DA:398,1344
DA:399,1344
DA:400,6262
DA:401,2345
DA:402,2345
DA:406,2345
DA:407,101
DA:409,2345
DA:414,5
DA:421,3
DA:430,17
DA:433,3
DA:435,3
DA:436,3
DA:437,0
DA:441,3
DA:442,3
DA:444,3
DA:445,3
DA:447,3
DA:448,5
DA:449,5
DA:456,5
DA:457,3
DA:460,5
DA:463,3
DA:466,17
DA:472,5
DA:473,5
DA:474,5
DA:475,5
DA:479,5
DA:480,5
DA:481,11452
DA:483,15
DA:486,5
DA:487,44
DA:488,15
DA:490,5
DA:494,15
DA:505,17
DA:512,15
DA:514,15
DA:515,12582
DA:517,15
DA:518,15
DA:521,12260
DA:522,12260
DA:523,10298
DA:524,1962
DA:525,1959
DA:526,11607
DA:529,3
DA:533,3
DA:534,3
DA:538,15
DA:539,15
DA:540,11452
DA:541,653
DA:542,653
DA:543,653
DA:544,653
DA:547,11452
DA:550,15
DA:551,15
DA:554,11452
DA:555,0
DA:558,11452
DA:559,11452
DA:562,15
DA:563,15
DA:566,17
DA:567,3
DA:568,3
DA:569,3
DA:570,1479
DA:575,2
DA:578,1008
DA:579,1008
DA:580,1008
DA:581,1008
DA:582,1008
DA:583,5376
DA:584,5376
DA:585,5376
DA:586,1008
DA:588,4368
DA:590,1008
DA:594,57
DA:595,57
DA:596,57
DA:597,57
DA:601,5
DA:602,5
DA:604,5
DA:605,5
DA:606,5
DA:607,1344
DA:609,5
DA:613,3
DA:614,3
DA:615,3
DA:616,3
DA:620,18
DA:621,18
DA:622,18
DA:623,37
DA:624,37
DA:625,37
DA:627,18
DA:631,22
DA:632,22
DA:633,22
DA:634,22
DA:637,364
DA:639,3
DA:644,17
DA:645,0
DA:646,0
DA:647,0
DA:651,14191
DA:655,18261
DA:659,3061
DA:664,0
DA:667,3
DA:673,0
DA:677,3
DA:678,3
DA:682,3
DA:683,5358
DA:687,3
DA:688,22046
DA:689,7858
DA:690,14188
DA:691,1288
DA:692,2119
DA:694,12900
DA:695,1575
DA:696,5420
DA:698,11325
DA:699,1389
DA:700,1389
DA:701,1389
DA:702,4573
DA:705,14188
DA:707,3
DA:708,5358
DA:710,3
DA:716,0
DA:718,5358
DA:719,3061
DA:720,3061
DA:722,0
DA:723,0
DA:724,0
DA:725,0
DA:726,0
DA:727,0
DA:729,0
DA:730,0
DA:732,0
DA:734,0
DA:737,0
DA:740,0
DA:741,0
DA:747,43
DA:752,9
DA:753,0
DA:754,0
DA:755,0
DA:760,1152
DA:761,1152
DA:763,0
DA:764,0
DA:765,0
DA:766,0
DA:767,0
DA:769,0
DA:771,0
DA:774,15
DA:781,15
DA:782,15
DA:783,240
DA:784,240
DA:786,15
DA:791,363
DA:792,363
DA:793,363
DA:794,1202
DA:797,0
DA:798,0
DA:799,0
DA:800,0
DA:801,0
DA:803,0
DA:806,363
DA:809,1479
DA:810,1479
DA:813,2661
DA:818,17
DA:819,12661
DA:823,3
DA:824,3
DA:825,24
DA:826,0
DA:829,3
DA:841,3
DA:842,3
DA:843,3
DA:845,3
DA:848,3
DA:849,3
DA:850,3
DA:853,3
DA:854,3
DA:855,3
DA:858,3
DA:859,25263
DA:860,25263
DA:864,3
DA:868,29489
DA:869,2533
DA:870,2533
DA:871,0
DA:872,2533
DA:873,2533
DA:877,270
DA:878,270
DA:879,99
DA:880,0
DA:884,101838
DA:885,90432
DA:886,29820
DA:888,3507
DA:889,3505
DA:895,2
DA:896,2
DA:904,0
DA:908,32
DA:909,32
DA:910,0
DA:914,0
DA:915,0
DA:916,0
DA:920,93
DA:921,93
DA:925,24218
DA:926,24218
DA:927,24218
DA:928,24218
DA:929,173287
DA:931,24218
DA:935,1
DA:936,1
DA:937,1
DA:938,1
DA:939,13
DA:940,13
DA:942,1
DA:946,12661
DA:950,1997
DA:951,1997
DA:952,1997
DA:953,1997
DA:954,1997
DA:955,8297
DA:956,8297
DA:958,1997
DA:962,3180
DA:963,3180
DA:964,3180
DA:965,3180
DA:966,3180
DA:967,3180
DA:968,21809
DA:969,21809
DA:970,21809
DA:971,21809
DA:972,21809
DA:973,21809
DA:975,3180
DA:979,51918
DA:980,51918
DA:981,51918
DA:983,270
DA:985,9466
DA:987,32
DA:989,0
DA:991,93
DA:993,24218
DA:995,1
DA:997,12661
DA:999,1997
DA:1001,3180
DA:1003,0
LF:467
LH:406
BRDA:20,0,0,0
BRDA:20,0,1,6
BRDA:55,1,0,52
BRDA:55,1,1,206
BRDA:58,2,0,0
BRDA:58,2,1,52
BRDA:63,3,0,0
BRDA:63,3,1,0
BRDA:63,3,2,52
BRDA:63,3,3,0
BRDA:75,4,0,206
BRDA:75,4,1,0
BRDA:75,5,0,206
BRDA:75,5,1,116
BRDA:76,6,0,206
BRDA:76,6,1,116
BRDA:78,7,0,0
BRDA:78,7,1,206
BRDA:83,8,0,116
BRDA:83,8,1,0
BRDA:83,8,2,0
BRDA:83,8,3,4
BRDA:83,8,4,6
BRDA:83,8,5,52
BRDA:83,8,6,28
BRDA:115,9,0,14
BRDA:115,9,1,258
BRDA:119,10,0,0
BRDA:119,10,1,258
BRDA:136,11,0,258
BRDA:136,11,1,258
BRDA:152,12,0,2
BRDA:152,12,1,4
BRDA:154,13,0,4
BRDA:154,13,1,0
BRDA:154,14,0,4
BRDA:154,14,1,2
BRDA:181,15,0,138
BRDA:181,15,1,266
BRDA:229,16,0,0
BRDA:229,16,1,0
BRDA:237,17,0,0
BRDA:237,17,1,38158
BRDA:242,18,0,0
BRDA:242,18,1,11457
BRDA:251,19,0,0
BRDA:251,19,1,24139
BRDA:269,20,0,0
BRDA:269,20,1,20
BRDA:271,21,0,15
BRDA:271,21,1,5
BRDA:291,22,0,5
BRDA:291,22,1,11452
BRDA:330,23,0,5
BRDA:330,23,1,5073
BRDA:374,24,0,2
BRDA:374,24,1,1
BRDA:378,25,0,2
BRDA:378,25,1,1
BRDA:397,26,0,0
BRDA:397,26,1,1344
BRDA:401,27,0,2345
BRDA:401,27,1,22
BRDA:406,28,0,101
BRDA:406,28,1,2244
BRDA:436,29,0,0
BRDA:436,29,1,3
BRDA:456,30,0,3
BRDA:456,30,1,2
BRDA:522,31,0,10298
BRDA:522,31,1,1962
BRDA:524,32,0,1959
BRDA:524,32,1,3
BRDA:547,33,0,15
BRDA:547,33,1,11437
BRDA:554,34,0,0
BRDA:554,34,1,11452
BRDA:571,35,0,1
BRDA:571,35,1,1
BRDA:571,35,2,2
BRDA:571,35,3,1008
BRDA:571,35,4,57
BRDA:571,35,5,5
BRDA:571,35,6,3
BRDA:571,35,7,18
BRDA:571,35,8,22
BRDA:585,36,0,1008
BRDA:585,36,1,4368
BRDA:585,37,0,5376
BRDA:585,37,1,5376
BRDA:646,38,0,0
BRDA:646,38,1,0
BRDA:655,39,0,18261
BRDA:655,39,1,18253
BRDA:655,39,2,6279
BRDA:659,40,0,3061
BRDA:659,40,1,0
BRDA:664,41,0,0
BRDA:667,42,0,0
BRDA:667,42,1,3
BRDA:668,43,0,3
BRDA:668,43,1,3
BRDA:668,43,2,3
BRDA:668,43,3,3
BRDA:677,44,0,3
BRDA:677,44,1,0
BRDA:688,45,0,7858
BRDA:688,45,1,14188
BRDA:690,46,0,1288
BRDA:690,46,1,12900
BRDA:694,47,0,1575
BRDA:694,47,1,11325
BRDA:698,48,0,1389
BRDA:698,48,1,9936
BRDA:716,49,0,0
BRDA:718,50,0,3061
BRDA:718,50,1,2297
BRDA:718,51,0,5358
BRDA:718,51,1,3174
BRDA:721,52,0,0
BRDA:721,52,1,0
BRDA:721,52,2,43
BRDA:721,52,3,0
BRDA:721,52,4,9
BRDA:721,52,5,72
BRDA:721,52,6,1152
BRDA:721,52,7,15
BRDA:721,52,8,144
BRDA:721,52,9,363
BRDA:721,52,10,1479
BRDA:732,53,0,0
BRDA:732,53,1,0
BRDA:741,54,0,0
BRDA:741,54,1,0
BRDA:747,55,0,43
BRDA:747,55,1,43
BRDA:752,56,0,9
BRDA:752,56,1,0
BRDA:753,57,0,0
BRDA:753,57,1,0
BRDA:760,58,0,1152
BRDA:760,58,1,0
BRDA:766,59,0,0
BRDA:766,59,1,0
BRDA:792,60,0,363
BRDA:792,60,1,0
BRDA:792,61,0,363
BRDA:792,61,1,363
BRDA:800,62,0,0
BRDA:800,62,1,0
BRDA:800,63,0,0
BRDA:800,63,1,0
BRDA:810,64,0,1115
BRDA:810,64,1,364
BRDA:825,65,0,0
BRDA:825,65,1,24
BRDA:868,66,0,26956
BRDA:868,66,1,2533
BRDA:870,67,0,0
BRDA:870,67,1,2533
BRDA:877,68,0,0
BRDA:877,68,1,270
BRDA:878,69,0,171
BRDA:878,69,1,99
BRDA:879,70,0,99
BRDA:879,70,1,0
BRDA:884,71,0,11406
BRDA:884,71,1,90432
BRDA:885,72,0,60612
BRDA:885,72,1,29820
BRDA:886,73,0,26313
BRDA:886,73,1,3507
BRDA:888,74,0,3505
BRDA:888,74,1,2
BRDA:895,75,0,2
BRDA:895,75,1,0
BRDA:908,76,0,0
BRDA:908,76,1,32
BRDA:909,77,0,32
BRDA:909,77,1,0
BRDA:914,78,0,0
BRDA:914,78,1,0
BRDA:970,79,0,0
BRDA:970,79,1,21809
BRDA:982,80,0,270
BRDA:982,80,1,9466
BRDA:982,80,2,32
BRDA:982,80,3,0
BRDA:982,80,4,93
BRDA:982,80,5,24218
BRDA:982,80,6,1
BRDA:982,80,7,12661
BRDA:982,80,8,1997
BRDA:982,80,9,3180
BRF:194
BRH:138
end_of_record
TN:
SF:/Users/zacharymarion/src/speedscope-fork/src/import/linux-tools-perf.ts
FN:26,parseEvents
FN:39,parseEvent
FN:40,(anonymous_2)
FN:97,importFromLinuxPerf
FN:113,(anonymous_4)
FN:123,(anonymous_5)
FN:141,(anonymous_6)
FNF:7
FNH:7
FNDA:27,parseEvents
FNDA:3920,parseEvent
FNDA:20993,(anonymous_2)
FNDA:27,importFromLinuxPerf
FNDA:24,(anonymous_4)
FNDA:17000,(anonymous_5)
FNDA:24,(anonymous_6)
DA:1,17
DA:2,17
DA:3,17
DA:27,27
DA:28,27
DA:29,24899
DA:30,3906
DA:31,3906
DA:32,20993
DA:35,27
DA:40,20993
DA:42,3920
DA:51,3920
DA:52,3920
DA:57,3909
DA:58,3909
DA:60,3900
DA:63,3900
DA:64,274
DA:65,274
DA:67,3626
DA:70,3900
DA:71,3900
DA:72,3896
DA:75,3900
DA:76,3900
DA:77,3896
DA:80,3900
DA:81,17016
DA:82,17016
DA:83,17000
DA:88,17000
DA:90,17000
DA:92,3900
DA:94,3900
DA:97,17
DA:98,27
DA:100,27
DA:102,27
DA:103,3920
DA:104,3900
DA:105,3900
DA:106,3896
DA:108,3896
DA:109,3896
DA:110,3896
DA:111,3896
DA:112,3896
DA:113,3896
DA:114,24
DA:115,24
DA:116,24
DA:117,24
DA:120,3896
DA:122,3896
DA:124,17000
DA:134,27
DA:135,13
DA:138,14
DA:141,24
LF:60
LH:60
BRDA:29,0,0,3906
BRDA:29,0,1,20993
BRDA:35,1,0,14
BRDA:35,1,1,13
BRDA:52,2,0,11
BRDA:52,2,1,3909
BRDA:58,3,0,9
BRDA:58,3,1,3900
BRDA:63,4,0,274
BRDA:63,4,1,3626
BRDA:71,5,0,3896
BRDA:71,5,1,4
BRDA:76,6,0,3896
BRDA:76,6,1,4
BRDA:82,7,0,16
BRDA:82,7,1,17000
BRDA:103,8,0,20
BRDA:103,8,1,3900
BRDA:104,9,0,0
BRDA:104,9,1,3900
BRDA:104,10,0,3900
BRDA:104,10,1,3882
BRDA:105,11,0,4
BRDA:105,11,1,3896
BRDA:109,12,0,3896
BRDA:109,12,1,0
BRDA:110,13,0,274
BRDA:110,13,1,3622
BRDA:111,14,0,1576
BRDA:111,14,1,2320
BRDA:126,15,0,11810
BRDA:126,15,1,5190
BRDA:134,16,0,13
BRDA:134,16,1,14
BRDA:139,17,0,8
BRDA:139,17,1,6
BRF:36
BRH:34
end_of_record
TN:
SF:/Users/zacharymarion/src/speedscope-fork/src/import/papyrus.ts
FN:37,importFromPapyrus
FN:42,(anonymous_1)
FN:62,enterFrame
FN:63,enterFrameHelper
FN:80,(anonymous_4)
FN:90,leaveFrame
FN:107,tryToLeaveFrame
FN:125,parseLine
FN:147,(anonymous_8)
FNF:9
FNH:9
FNDA:4,importFromPapyrus
FNDA:84,(anonymous_1)
FNDA:28,enterFrame
FNDA:40,enterFrameHelper
FNDA:30,(anonymous_4)
FNDA:40,leaveFrame
FNDA:34,tryToLeaveFrame
FNDA:98,parseLine
FNDA:60,(anonymous_8)
DA:25,17
DA:26,17
DA:27,17
DA:37,17
DA:38,4
DA:39,4
DA:41,4
DA:42,84
DA:45,4
DA:46,4
DA:47,4
DA:48,4
DA:49,4
DA:50,4
DA:51,4
DA:52,4
DA:53,4
DA:55,4
DA:56,4
DA:57,4
DA:60,4
DA:64,40
DA:65,40
DA:66,40
DA:69,28
DA:70,8
DA:72,8
DA:74,0
DA:77,28
DA:79,28
DA:80,30
DA:84,12
DA:85,12
DA:87,28
DA:91,40
DA:92,40
DA:93,40
DA:94,40
DA:97,40
DA:98,0
DA:99,0
DA:101,40
DA:102,2
DA:104,40
DA:108,34
DA:109,26
DA:111,8
DA:112,2
DA:115,2
DA:116,2
DA:118,6
DA:126,98
DA:127,98
DA:128,98
DA:129,98
DA:130,94
DA:138,4
DA:147,4
DA:148,60
DA:149,60
DA:150,60
DA:151,26
DA:152,26
DA:153,26
DA:157,26
DA:158,16
DA:163,12
DA:165,12
DA:166,12
DA:168,4
DA:169,4
DA:172,34
DA:173,22
DA:174,12
DA:175,8
DA:176,8
DA:177,8
DA:182,4
DA:183,4
DA:186,4
LF:80
LH:77
BRDA:47,0,0,0
BRDA:47,0,1,4
BRDA:50,1,0,0
BRDA:50,1,1,4
BRDA:52,2,0,0
BRDA:52,2,1,4
BRDA:69,3,0,8
BRDA:69,3,1,20
BRDA:72,4,0,0
BRDA:72,4,1,8
BRDA:72,5,0,8
BRDA:72,5,1,4
BRDA:79,6,0,12
BRDA:79,6,1,16
BRDA:84,7,0,6
BRDA:84,7,1,6
BRDA:92,8,0,0
BRDA:92,8,1,40
BRDA:97,9,0,0
BRDA:97,9,1,40
BRDA:97,10,0,40
BRDA:97,10,1,30
BRDA:101,11,0,2
BRDA:101,11,1,38
BRDA:101,12,0,40
BRDA:101,12,1,8
BRDA:101,12,2,8
BRDA:108,13,0,26
BRDA:108,13,1,8
BRDA:111,14,0,2
BRDA:111,14,1,6
BRDA:126,15,0,0
BRDA:126,15,1,98
BRDA:128,16,0,0
BRDA:128,16,1,98
BRDA:129,17,0,94
BRDA:129,17,1,4
BRDA:149,18,0,0
BRDA:149,18,1,60
BRDA:150,19,0,26
BRDA:150,19,1,34
BRDA:157,20,0,42
BRDA:157,20,1,30
BRDA:158,21,0,12
BRDA:158,21,1,4
BRDA:159,22,0,16
BRDA:159,22,1,12
BRDA:159,22,2,12
BRDA:169,23,0,4
BRDA:169,23,1,0
BRDA:172,24,0,22
BRDA:172,24,1,12
BRDA:174,25,0,8
BRDA:174,25,1,4
BRF:54
BRH:44
end_of_record
TN:
SF:/Users/zacharymarion/src/speedscope-fork/src/import/pprof.ts
FN:13,getSampleTypeIndex
FN:24,(anonymous_2)
FN:31,importAsPprofProfile
FN:41,i32
FN:45,stringVal
FN:51,frameInfoForFunction
FN:85,frameInfoForLocation
FN:126,(anonymous_8)
FN:155,(anonymous_9)
FN:163,(anonymous_10)
FNF:10
FNH:9
FNDA:4,getSampleTypeIndex
FNDA:0,(anonymous_2)
FNDA:162,importAsPprofProfile
FNDA:358,i32
FNDA:108,stringVal
FNDA:50,frameInfoForFunction
FNDA:62,frameInfoForLocation
FNDA:4,(anonymous_8)
FNDA:78,(anonymous_9)
FNDA:78,(anonymous_10)
DA:1,17
DA:2,17
DA:3,17
DA:4,17
DA:5,17
DA:14,4
DA:15,4
DA:16,4
DA:20,4
DA:21,4
DA:24,0
DA:25,0
DA:26,0
DA:28,0
DA:31,17
DA:32,162
DA:35,157
DA:36,157
DA:38,153
DA:42,358
DA:46,108
DA:49,4
DA:52,50
DA:54,50
DA:55,50
DA:56,50
DA:58,50
DA:60,50
DA:65,50
DA:66,50
DA:69,50
DA:70,50
DA:73,50
DA:76,4
DA:77,50
DA:78,50
DA:79,50
DA:80,50
DA:86,62
DA:87,62
DA:100,62
DA:101,62
DA:103,62
DA:104,62
DA:105,62
DA:106,62
DA:107,60
DA:109,62
DA:111,0
DA:115,4
DA:117,4
DA:118,62
DA:119,62
DA:120,62
DA:121,60
DA:126,4
DA:131,4
DA:133,4
DA:134,2
DA:137,2
DA:139,2
DA:141,2
DA:146,2
DA:147,2
DA:150,0
DA:151,0
DA:154,2
DA:155,78
DA:156,18
DA:158,18
DA:159,0
DA:162,18
DA:163,78
DA:166,2
LF:74
LH:66
BRDA:20,0,0,4
BRDA:20,0,1,0
BRDA:20,1,0,4
BRDA:20,1,1,4
BRDA:25,2,0,0
BRDA:25,2,1,0
BRDA:32,3,0,5
BRDA:32,3,1,157
BRDA:42,4,0,0
BRDA:42,4,1,358
BRDA:46,5,0,108
BRDA:46,5,1,0
BRDA:54,6,0,50
BRDA:54,6,1,50
BRDA:54,6,2,0
BRDA:55,7,0,50
BRDA:55,7,1,0
BRDA:56,8,0,50
BRDA:56,8,1,0
BRDA:65,9,0,50
BRDA:65,9,1,0
BRDA:69,10,0,50
BRDA:69,10,1,0
BRDA:77,11,0,50
BRDA:77,11,1,0
BRDA:79,12,0,50
BRDA:79,12,1,0
BRDA:87,13,0,0
BRDA:87,13,1,62
BRDA:101,14,0,0
BRDA:101,14,1,62
BRDA:103,15,0,62
BRDA:103,15,1,0
BRDA:105,16,0,62
BRDA:105,16,1,0
BRDA:106,17,0,60
BRDA:106,17,1,2
BRDA:106,18,0,62
BRDA:106,18,1,60
BRDA:106,18,2,60
BRDA:109,19,0,62
BRDA:109,19,1,2
BRDA:118,20,0,62
BRDA:118,20,1,0
BRDA:120,21,0,60
BRDA:120,21,1,2
BRDA:127,22,0,4
BRDA:127,22,1,4
BRDA:127,22,2,0
BRDA:128,23,0,4
BRDA:128,23,1,4
BRDA:128,23,2,0
BRDA:133,24,0,2
BRDA:133,24,1,2
BRDA:133,25,0,4
BRDA:133,25,1,2
BRDA:142,26,0,2
BRDA:142,26,1,2
BRDA:142,26,2,2
BRDA:142,26,3,2
BRDA:142,26,4,0
BRDA:155,27,0,18
BRDA:155,27,1,0
BRDA:158,28,0,0
BRDA:158,28,1,18
BRDA:158,29,0,18
BRDA:158,29,1,18
BRF:67
BRH:45
end_of_record
TN:
SF:/Users/zacharymarion/src/speedscope-fork/src/import/safari.ts
FN:68,makeStack
FN:70,(anonymous_1)
FN:80,importFromSafari
FN:100,(anonymous_3)
FNF:4
FNH:4
FNDA:134,makeStack
FNDA:661,(anonymous_1)
FNDA:3,importFromSafari
FNDA:134,(anonymous_3)
DA:1,17
DA:2,17
DA:69,134
DA:70,661
DA:80,17
DA:81,3
DA:82,0
DA:85,3
DA:86,3
DA:88,3
DA:89,3
DA:90,0
DA:91,0
DA:95,3
DA:96,3
DA:98,3
DA:100,3
DA:101,134
DA:102,134
DA:103,134
DA:104,134
DA:108,134
DA:109,8
DA:112,134
DA:114,134
DA:117,3
DA:118,3
DA:119,3
LF:28
LH:25
BRDA:75,0,0,661
BRDA:75,0,1,136
BRDA:75,1,0,136
BRDA:75,1,1,0
BRDA:81,2,0,0
BRDA:81,2,1,3
BRDA:89,3,0,0
BRDA:89,3,1,3
BRDA:108,4,0,8
BRDA:108,4,1,126
BRF:10
BRH:7
end_of_record
TN:
SF:/Users/zacharymarion/src/speedscope-fork/src/import/stackprof.ts
FN:21,importFromStackprof
FNF:1
FNH:1
FNDA:9,importFromStackprof
DA:3,17
DA:4,17
DA:21,17
DA:22,9
DA:23,9
DA:24,9
DA:26,9
DA:28,9
DA:30,9
DA:31,2799
DA:33,2799
DA:34,2799
DA:35,18141
DA:36,18141
DA:37,18141
DA:38,36
DA:40,18141
DA:45,18141
DA:47,2799
DA:48,666
DA:50,2799
DA:52,2799
DA:54,256
DA:55,256
DA:56,256
DA:58,1005
DA:59,1005
DA:61,1538
DA:62,1538
DA:63,3108
DA:65,1538
DA:68,2799
DA:71,9
LF:33
LH:33
BRDA:37,0,0,36
BRDA:37,0,1,18105
BRDA:47,1,0,666
BRDA:47,1,1,2133
BRDA:47,2,0,2799
BRDA:47,2,1,666
BRDA:53,3,0,256
BRDA:53,3,1,1005
BRDA:53,3,2,1538
BRF:9
BRH:9
end_of_record
TN:
SF:/Users/zacharymarion/src/speedscope-fork/src/import/trace-event.ts
FN:68,pidTidKey
FN:73,partitionByPidTid
FN:77,(anonymous_2)
FN:84,selectQueueToTakeFromNext
FN:114,convertToEventQueues
FN:155,dur
FN:159,(anonymous_6)
FN:182,compareTimestamps
FN:197,filterIgnoredEventTypes
FN:210,getProcessNamesByPid
FN:220,getThreadNamesByPidTid
FN:231,getEventName
FN:235,keyForEvent
FN:243,frameInfoForEvent
FN:251,eventListToProfileGroup
FN:260,(anonymous_15)
FN:300,(anonymous_16)
FN:305,(anonymous_17)
FN:422,(anonymous_18)
FN:427,(anonymous_19)
FN:431,isTraceEventList
FN:463,isTraceEventObject
FN:470,isTraceEventFormatted
FN:479,importTraceEvents
FNF:24
FNH:24
FNDA:482,pidTidKey
FNDA:56,partitionByPidTid
FNDA:70,(anonymous_2)
FNDA:446,selectQueueToTakeFromNext
FNDA:70,convertToEventQueues
FNDA:144,dur
FNDA:94,(anonymous_6)
FNDA:482,compareTimestamps
FNDA:56,filterIgnoredEventTypes
FNDA:56,getProcessNamesByPid
FNDA:56,getThreadNamesByPidTid
FNDA:1868,getEventName
FNDA:934,keyForEvent
FNDA:934,frameInfoForEvent
FNDA:56,eventListToProfileGroup
FNDA:70,(anonymous_15)
FNDA:226,(anonymous_16)
FNDA:220,(anonymous_17)
FNDA:28,(anonymous_18)
FNDA:70,(anonymous_19)
FNDA:131,isTraceEventList
FNDA:131,isTraceEventObject
FNDA:75,isTraceEventFormatted
FNDA:56,importTraceEvents
DA:1,17
DA:2,17
DA:3,17
DA:70,482
DA:74,56
DA:76,56
DA:77,330
DA:78,330
DA:81,56
DA:88,446
DA:89,0
DA:91,446
DA:92,440
DA:94,300
DA:95,300
DA:97,300
DA:98,300
DA:100,300
DA:101,86
DA:111,28
DA:115,70
DA:116,70
DA:119,70
DA:120,70
DA:121,70
DA:122,330
DA:124,70
DA:125,330
DA:130,70
DA:131,70
DA:132,330
DA:134,110
DA:135,110
DA:139,104
DA:140,104
DA:144,116
DA:145,116
DA:149,0
DA:150,0
DA:156,144
DA:159,70
DA:160,94
DA:161,88
DA:167,14
DA:168,14
DA:169,14
DA:170,8
DA:173,4
DA:176,70
DA:177,116
DA:178,116
DA:179,116
DA:183,482
DA:184,320
DA:188,58
DA:191,70
DA:192,70
DA:194,70
DA:198,56
DA:199,56
DA:200,348
DA:204,330
DA:207,56
DA:211,56
DA:212,56
DA:213,348
DA:214,6
DA:217,56
DA:221,56
DA:223,56
DA:224,348
DA:225,12
DA:228,56
DA:232,1868
DA:236,934
DA:237,934
DA:238,156
DA:240,934
DA:244,934
DA:245,934
DA:252,56
DA:253,56
DA:255,56
DA:256,56
DA:258,56
DA:260,56
DA:261,70
DA:263,70
DA:265,70
DA:266,70
DA:268,70
DA:269,70
DA:271,70
DA:272,8
DA:273,62
DA:274,4
DA:275,58
DA:276,4
DA:278,54
DA:297,70
DA:299,70
DA:300,70
DA:301,226
DA:302,226
DA:305,70
DA:306,220
DA:308,220
DA:309,2
DA:314,2
DA:317,218
DA:318,218
DA:320,218
DA:321,14
DA:324,14
DA:327,204
DA:328,10
DA:333,204
DA:334,204
DA:337,70
DA:338,446
DA:339,446
DA:341,226
DA:342,226
DA:349,220
DA:350,220
DA:351,218
DA:353,218
DA:355,218
DA:356,162
DA:357,162
DA:359,132
DA:362,30
DA:363,30
DA:365,20
DA:366,20
DA:367,20
DA:368,20
DA:369,20
DA:373,218
DA:375,198
DA:376,140
DA:377,140
DA:379,130
DA:382,10
DA:384,2
DA:385,2
DA:386,2
DA:387,2
DA:388,2
DA:397,220
DA:399,220
DA:400,220
DA:404,0
DA:405,0
DA:409,70
DA:410,22
DA:411,22
DA:412,22
DA:415,70
DA:422,56
DA:424,56
DA:427,70
DA:432,131
DA:433,112
DA:438,112
DA:439,696
DA:440,0
DA:443,696
DA:449,660
DA:450,0
DA:456,696
DA:460,112
DA:466,131
DA:467,4
DA:470,17
DA:476,75
DA:479,17
DA:482,56
DA:483,2
DA:484,54
DA:485,54
DA:487,0
DA:488,0
LF:183
LH:174
BRDA:88,0,0,0
BRDA:88,0,1,446
BRDA:88,1,0,446
BRDA:88,1,1,140
BRDA:91,2,0,6
BRDA:91,2,1,440
BRDA:92,3,0,140
BRDA:92,3,1,300
BRDA:100,4,0,214
BRDA:100,4,1,86
BRDA:101,5,0,58
BRDA:101,5,1,28
BRDA:111,6,0,6
BRDA:111,6,1,22
BRDA:119,7,0,70
BRDA:119,7,1,0
BRDA:133,8,0,110
BRDA:133,8,1,104
BRDA:133,8,2,116
BRDA:133,8,3,0
BRDA:156,9,0,144
BRDA:156,9,1,0
BRDA:156,10,0,144
BRDA:156,10,1,144
BRDA:156,11,0,128
BRDA:156,11,1,16
BRDA:156,12,0,144
BRDA:156,12,1,144
BRDA:160,13,0,6
BRDA:160,13,1,88
BRDA:161,14,0,74
BRDA:161,14,1,14
BRDA:169,15,0,6
BRDA:169,15,1,8
BRDA:170,16,0,4
BRDA:170,16,1,4
BRDA:183,17,0,162
BRDA:183,17,1,320
BRDA:184,18,0,262
BRDA:184,18,1,58
BRDA:201,19,0,110
BRDA:201,19,1,214
BRDA:201,19,2,330
BRDA:213,20,0,6
BRDA:213,20,1,342
BRDA:213,21,0,348
BRDA:213,21,1,18
BRDA:213,21,2,6
BRDA:213,21,3,6
BRDA:224,22,0,12
BRDA:224,22,1,336
BRDA:224,23,0,348
BRDA:224,23,1,18
BRDA:224,23,2,12
BRDA:224,23,3,12
BRDA:232,24,0,1868
BRDA:232,24,1,16
BRDA:237,25,0,156
BRDA:237,25,1,778
BRDA:261,26,0,0
BRDA:261,26,1,70
BRDA:271,27,0,8
BRDA:271,27,1,62
BRDA:271,28,0,70
BRDA:271,28,1,12
BRDA:273,29,0,4
BRDA:273,29,1,58
BRDA:275,30,0,4
BRDA:275,30,1,54
BRDA:308,31,0,2
BRDA:308,31,1,218
BRDA:320,32,0,14
BRDA:320,32,1,204
BRDA:327,33,0,10
BRDA:327,33,1,194
BRDA:337,34,0,516
BRDA:337,34,1,210
BRDA:340,35,0,226
BRDA:340,35,1,220
BRDA:340,35,2,0
BRDA:350,36,0,218
BRDA:350,36,1,2
BRDA:357,37,0,132
BRDA:357,37,1,30
BRDA:363,38,0,20
BRDA:363,38,1,10
BRDA:373,39,0,198
BRDA:373,39,1,20
BRDA:377,40,0,130
BRDA:377,40,1,10
BRDA:382,41,0,2
BRDA:382,41,1,8
BRDA:432,42,0,19
BRDA:432,42,1,112
BRDA:433,43,0,0
BRDA:433,43,1,112
BRDA:439,44,0,0
BRDA:439,44,1,696
BRDA:444,45,0,220
BRDA:444,45,1,428
BRDA:444,45,2,660
BRDA:444,45,3,696
BRDA:449,46,0,0
BRDA:449,46,1,660
BRDA:466,47,0,127
BRDA:466,47,1,4
BRDA:476,48,0,75
BRDA:476,48,1,73
BRDA:482,49,0,2
BRDA:482,49,1,54
BRDA:484,50,0,54
BRDA:484,50,1,0
BRF:112
BRH:102
end_of_record
TN:
SF:/Users/zacharymarion/src/speedscope-fork/src/import/utils.ts
FN:37,withMockedFileChunkSizeForTests
FN:47,permissivelyParseJSONString
FN:66,permissivelyParseJSONUint8Array
FN:108,(anonymous_17)
FN:154,(anonymous_18)
FN:155,(anonymous_19)
FN:176,(anonymous_20)
FN:180,(anonymous_21)
FN:191,(anonymous_22)
FN:193,(anonymous_23)
FN:197,(anonymous_24)
FN:201,(anonymous_25)
FN:207,(anonymous_26)
FN:208,(anonymous_27)
FN:212,(anonymous_29)
FN:216,(anonymous_31)
FN:224,(anonymous_33)
FN:228,(anonymous_34)
FN:228,(anonymous_35)
FN:238,(anonymous_36)
FN:242,(anonymous_38)
FN:246,(anonymous_40)
FN:251,(anonymous_42)
FN:252,(anonymous_43)
FN:254,(anonymous_44)
FN:266,(anonymous_45)
FNF:26
FNH:26
FNDA:8,withMockedFileChunkSizeForTests
FNDA:140,permissivelyParseJSONString
FNDA:10,permissivelyParseJSONUint8Array
FNDA:182,(anonymous_17)
FNDA:59,(anonymous_18)
FNDA:59,(anonymous_19)
FNDA:130,(anonymous_20)
FNDA:144,(anonymous_21)
FNDA:8,(anonymous_22)
FNDA:7,(anonymous_23)
FNDA:13,(anonymous_24)
FNDA:6,(anonymous_25)
FNDA:5,(anonymous_26)
FNDA:10,(anonymous_27)
FNDA:5,(anonymous_29)
FNDA:5,(anonymous_31)
FNDA:195,(anonymous_33)
FNDA:195,(anonymous_34)
FNDA:195,(anonymous_35)
FNDA:314,(anonymous_36)
FNDA:350,(anonymous_38)
FNDA:175,(anonymous_40)
FNDA:38,(anonymous_42)
FNDA:38,(anonymous_43)
FNDA:38,(anonymous_44)
FNDA:157,(anonymous_45)
DA:1,18
DA:2,18
DA:35,18
DA:37,18
DA:38,8
DA:39,8
DA:40,8
DA:41,8
DA:43,8
DA:56,140
DA:57,140
DA:58,60
DA:59,60
DA:60,7
DA:63,140
DA:67,10
DA:68,10
DA:69,14
DA:70,10
DA:71,10
DA:74,10
DA:79,7
DA:80,7
DA:81,10
DA:85,7
DA:86,5
DA:89,7
DA:95,7
DA:96,7
DA:97,7
DA:98,7
DA:101,10
DA:104,18
DA:105,182
DA:109,182
DA:111,182
DA:112,182
DA:113,181
DA:115,2
DA:116,179
DA:118,2
DA:122,182
DA:124,182
DA:126,182
DA:127,18793
DA:128,18793
DA:133,18793
DA:134,18793
DA:141,0
DA:142,0
DA:143,0
DA:144,0
DA:145,0
DA:147,0
DA:148,0
DA:155,59
DA:156,59
DA:157,59
DA:158,3082
DA:159,3082
DA:160,28613
DA:162,25531
DA:163,25531
DA:168,59
DA:171,59
DA:177,130
DA:183,144
DA:184,134
DA:186,10
DA:190,18
DA:191,8
DA:194,7
DA:198,13
DA:202,6
DA:206,18
DA:207,5
DA:209,10
DA:213,5
DA:217,5
DA:221,18
DA:225,195
DA:228,195
DA:229,195
DA:230,195
DA:231,25
DA:233,170
DA:239,314
DA:243,350
DA:247,175
DA:248,175
DA:252,38
DA:253,38
DA:254,38
DA:255,38
DA:256,0
DA:258,38
DA:260,38
DA:263,38
DA:267,157
LF:99
LH:91
BRDA:57,0,0,60
BRDA:57,0,1,80
BRDA:59,1,0,7
BRDA:59,1,1,53
BRDA:69,2,0,10
BRDA:69,2,1,4
BRDA:74,3,0,7
BRDA:74,3,1,3
BRDA:75,4,0,10
BRDA:75,4,1,9
BRDA:80,5,0,17
BRDA:80,5,1,17
BRDA:85,6,0,5
BRDA:85,6,1,2
BRDA:89,7,0,7
BRDA:89,7,1,0
BRDA:112,8,0,181
BRDA:112,8,1,1
BRDA:113,9,0,2
BRDA:113,9,1,179
BRDA:113,10,0,181
BRDA:113,10,1,2
BRDA:116,11,0,2
BRDA:116,11,1,177
BRDA:116,12,0,179
BRDA:116,12,1,2
BRDA:122,13,0,182
BRDA:122,13,1,0
BRDA:147,14,0,0
BRDA:147,14,1,0
BRDA:160,15,0,3082
BRDA:160,15,1,25531
BRDA:177,16,0,130
BRDA:177,16,1,0
BRDA:183,17,0,134
BRDA:183,17,1,10
BRDA:255,18,0,0
BRDA:255,18,1,38
BRF:38
BRH:32
end_of_record
TN:
SF:/Users/zacharymarion/src/speedscope-fork/src/import/v8cpuFormatter.ts
FN:31,treeToArray
FN:33,visit
FN:44,(anonymous_2)
FN:52,timestampsToDeltas
FN:53,(anonymous_4)
FN:62,chromeTreeToNodes
FNF:6
FNH:6
FNDA:2,treeToArray
FNDA:14,visit
FNDA:12,(anonymous_2)
FNDA:2,timestampsToDeltas
FNDA:60,(anonymous_4)
FNDA:2,chromeTreeToNodes
DA:32,2
DA:34,14
DA:44,12
DA:46,14
DA:48,2
DA:49,2
DA:53,2
DA:54,60
DA:55,60
DA:62,17
DA:64,2
LF:11
LH:11
BRDA:54,0,0,2
BRDA:54,0,1,58
BRF:2
BRH:2
end_of_record
TN:
SF:/Users/zacharymarion/src/speedscope-fork/src/import/v8heapalloc.ts
FN:38,frameInfoForCallFrame
FN:39,(anonymous_1)
FN:56,importFromChromeHeapProfile
FN:59,(anonymous_3)
FN:66,(anonymous_4)
FN:71,(anonymous_5)
FN:73,(anonymous_6)
FN:104,(anonymous_7)
FNF:8
FNH:8
FNDA:13274,frameInfoForCallFrame
FNDA:1246,(anonymous_1)
FNDA:4,importFromChromeHeapProfile
FNDA:1246,(anonymous_3)
FNDA:1242,(anonymous_4)
FNDA:1246,(anonymous_5)
FNDA:1242,(anonymous_6)
FNDA:13274,(anonymous_7)
DA:1,17
DA:2,17
DA:3,17
DA:37,17
DA:39,13274
DA:40,1246
DA:41,1246
DA:42,1246
DA:44,1246
DA:46,1246
DA:56,17
DA:57,4
DA:58,4
DA:59,4
DA:60,1246
DA:61,1246
DA:62,1246
DA:63,1242
DA:66,1246
DA:68,4
DA:71,4
DA:72,1246
DA:73,940
DA:74,1242
DA:75,1242
DA:77,940
DA:78,940
DA:80,4
DA:83,4
DA:84,4
DA:85,1246
DA:86,1246
DA:88,1246
DA:89,13274
DA:90,12028
DA:91,12028
DA:93,12028
DA:94,12028
DA:96,1246
DA:99,4
DA:101,4
DA:102,1246
DA:103,1246
DA:104,13274
DA:109,4
DA:110,4
LF:46
LH:46
BRDA:44,0,0,1246
BRDA:44,0,1,230
BRDA:45,1,0,230
BRDA:45,1,1,0
BRDA:62,2,0,1242
BRDA:62,2,1,4
BRDA:72,3,0,306
BRDA:72,3,1,940
BRDA:72,4,0,306
BRDA:72,4,1,0
BRDA:89,5,0,1246
BRDA:89,5,1,12028
BRDA:91,6,0,0
BRDA:91,6,1,12028
BRF:14
BRH:11
end_of_record
TN:
SF:/Users/zacharymarion/src/speedscope-fork/src/import/v8proflog.ts
FN:60,codeToFrameInfo
FN:139,importFromV8ProfLog
FN:143,getFrameInfo
FN:144,(anonymous_3)
FN:152,(anonymous_4)
FNF:5
FNH:5
FNDA:56,codeToFrameInfo
FNDA:2,importFromV8ProfLog
FNDA:602,getFrameInfo
FNDA:56,(anonymous_3)
FNDA:100,(anonymous_4)
DA:1,17
DA:2,17
DA:3,17
DA:61,56
DA:62,0
DA:68,56
DA:69,56
DA:71,8
DA:72,8
DA:73,8
DA:77,0
DA:78,0
DA:81,48
DA:82,48
DA:83,48
DA:84,48
DA:85,48
DA:87,48
DA:92,48
DA:100,0
DA:104,0
DA:111,0
DA:112,0
DA:115,0
DA:116,0
DA:118,0
DA:119,0
DA:121,0
DA:122,0
DA:124,0
DA:125,0
DA:127,0
DA:131,0
DA:132,0
DA:136,8
DA:139,17
DA:140,2
DA:142,2
DA:144,602
DA:145,56
DA:146,56
DA:150,2
DA:152,100
DA:154,2
DA:155,52
DA:171,52
DA:172,602
DA:174,602
DA:175,602
DA:177,0
DA:181,0
DA:183,602
DA:185,52
DA:186,52
DA:194,2
DA:196,2
LF:56
LH:36
BRDA:61,0,0,0
BRDA:61,0,1,56
BRDA:61,1,0,56
BRDA:61,1,1,56
BRDA:70,2,0,8
BRDA:70,2,1,0
BRDA:70,2,2,48
BRDA:70,2,3,0
BRDA:70,2,4,0
BRDA:72,3,0,8
BRDA:72,3,1,0
BRDA:82,4,0,48
BRDA:82,4,1,0
BRDA:88,5,0,36
BRDA:88,5,1,12
BRDA:90,6,0,12
BRDA:90,6,1,0
BRDA:95,7,0,48
BRDA:95,7,1,0
BRDA:105,8,0,0
BRDA:105,8,1,0
BRDA:105,8,2,0
BRDA:105,8,3,0
BRDA:105,8,4,0
BRDA:105,8,5,0
BRDA:105,8,6,0
BRDA:105,8,7,0
BRDA:105,8,8,0
BRDA:105,8,9,0
BRDA:174,9,0,0
BRDA:174,9,1,602
BRDA:175,10,0,0
BRDA:175,10,1,602
BRF:33
BRH:13
end_of_record
TN:
SF:/Users/zacharymarion/src/speedscope-fork/src/lib/atom.ts
FN:69,(anonymous_0)
FN:85,(anonymous_1)
FN:108,(anonymous_2)
FN:114,(anonymous_3)
FN:117,(anonymous_4)
FN:121,(anonymous_5)
FN:125,(anonymous_6)
FN:133,useAtom
FN:136,(anonymous_8)
FN:142,listener
FN:147,(anonymous_10)
FNF:11
FNH:6
FNDA:0,(anonymous_0)
FNDA:5,(anonymous_1)
FNDA:10,(anonymous_2)
FNDA:5,(anonymous_3)
FNDA:13,(anonymous_4)
FNDA:3,(anonymous_5)
FNDA:1,(anonymous_6)
FNDA:0,useAtom
FNDA:0,(anonymous_8)
FNDA:0,listener
FNDA:0,(anonymous_10)
DA:58,1
DA:62,1
DA:63,1
DA:66,1
DA:67,0
DA:69,0
DA:70,0
DA:71,0
DA:72,0
DA:73,0
DA:77,0
DA:80,0
DA:83,1
DA:84,5
DA:85,5
DA:86,5
DA:87,0
DA:90,0
DA:93,0
DA:94,0
DA:95,0
DA:97,0
DA:104,5
DA:105,5
DA:109,10
DA:111,1
DA:113,9
DA:114,9
DA:118,13
DA:122,3
DA:126,1
DA:127,1
DA:128,1
DA:133,1
DA:134,0
DA:136,0
DA:140,0
DA:143,0
DA:146,0
DA:147,0
DA:148,0
DA:152,0
LF:42
LH:20
BRDA:66,0,0,0
BRDA:66,0,1,1
BRDA:70,1,0,0
BRDA:70,1,1,0
BRDA:80,2,0,0
BRDA:80,2,1,0
BRDA:86,3,0,0
BRDA:86,3,1,5
BRDA:87,4,0,0
BRDA:87,4,1,0
BRDA:87,5,0,0
BRDA:87,5,1,0
BRDA:87,6,0,0
BRDA:87,6,1,0
BRDA:93,7,0,0
BRDA:93,7,1,0
BRDA:94,8,0,0
BRDA:94,8,1,0
BRDA:109,9,0,1
BRDA:109,9,1,9
BRDA:127,10,0,1
BRDA:127,10,1,0
BRF:22
BRH:5
end_of_record
TN:
SF:/Users/zacharymarion/src/speedscope-fork/src/lib/canvas-2d-batch-renderers.ts
FN:15,(anonymous_0)
FN:18,(anonymous_1)
FN:22,(anonymous_2)
FN:39,(anonymous_3)
FN:42,(anonymous_4)
FN:46,(anonymous_5)
FN:55,(anonymous_6)
FN:62,(anonymous_7)
FNF:8
FNH:0
FNDA:0,(anonymous_0)
FNDA:0,(anonymous_1)
FNDA:0,(anonymous_2)
FNDA:0,(anonymous_3)
FNDA:0,(anonymous_4)
FNDA:0,(anonymous_5)
FNDA:0,(anonymous_6)
FNDA:0,(anonymous_7)
DA:15,0
DA:16,0
DA:19,0
DA:23,0
DA:24,0
DA:25,0
DA:26,0
DA:28,0
DA:39,0
DA:40,0
DA:43,0
DA:47,0
DA:48,0
DA:49,0
DA:51,0
DA:52,0
DA:56,0
DA:57,0
DA:58,0
DA:59,0
DA:63,0
DA:64,0
DA:65,0
DA:66,0
DA:67,0
LF:25
LH:0
BRDA:23,0,0,0
BRDA:23,0,1,0
BRDA:56,1,0,0
BRDA:56,1,1,0
BRDA:63,2,0,0
BRDA:63,2,1,0
BRF:6
BRH:0
end_of_record
TN:
SF:/Users/zacharymarion/src/speedscope-fork/src/lib/color.ts
FN:4,(anonymous_0)
FN:11,(anonymous_1)
FN:37,(anonymous_2)
FN:50,(anonymous_3)
FN:54,(anonymous_4)
FNF:5
FNH:3
FNDA:17,(anonymous_0)
FNDA:12,(anonymous_1)
FNDA:0,(anonymous_2)
FNDA:0,(anonymous_3)
FNDA:17,(anonymous_4)
DA:1,1
DA:3,1
DA:5,17
DA:6,17
DA:7,17
DA:8,17
DA:17,12
DA:18,12
DA:20,12
DA:32,12
DA:34,12
DA:38,0
DA:39,0
DA:41,0
DA:42,0
DA:43,0
DA:44,0
DA:45,0
DA:47,0
DA:51,0
DA:55,17
LF:21
LH:12
BRDA:5,0,0,1
BRDA:6,1,0,1
BRDA:7,2,0,1
BRDA:8,3,0,1
BRDA:21,4,0,5
BRDA:21,4,1,7
BRDA:23,5,0,2
BRDA:23,5,1,5
BRDA:25,6,0,1
BRDA:25,6,1,4
BRDA:27,7,0,1
BRDA:27,7,1,3
BRDA:29,8,0,1
BRDA:29,8,1,2
BRDA:38,9,0,0
BRDA:38,9,1,0
BRDA:38,10,0,0
BRDA:38,10,1,0
BRDA:44,11,0,0
BRDA:44,11,1,0
BRDA:44,12,0,0
BRDA:44,12,1,0
BRDA:44,12,2,0
BRDA:44,12,3,0
BRDA:44,12,4,0
BRDA:44,12,5,0
BRF:26
BRH:14
end_of_record
TN:
SF:/Users/zacharymarion/src/speedscope-fork/src/lib/demangle-cpp.ts
FN:6,demangleCpp
FNF:1
FNH:1
FNDA:4,demangleCpp
DA:2,20
DA:6,20
DA:7,4
DA:8,2
DA:9,2
DA:10,1
DA:12,1
DA:13,1
DA:15,1
DA:16,1
DA:17,1
DA:18,1
DA:21,4
DA:25,20
LF:14
LH:14
BRDA:7,0,0,2
BRDA:7,0,1,2
BRDA:9,1,0,1
BRDA:9,1,1,1
BRDA:12,2,0,1
BRDA:12,2,1,0
BRDA:16,3,0,0
BRDA:16,3,1,1
BRF:8
BRH:6
end_of_record
TN:
SF:/Users/zacharymarion/src/speedscope-fork/src/lib/emscripten.ts
FN:7,unescapeHex
FN:8,(anonymous_1)
FN:19,importEmscriptenSymbolMap
FN:49,(anonymous_3)
FNF:4
FNH:4
FNDA:18,unescapeHex
FNDA:3,(anonymous_1)
FNDA:8,importEmscriptenSymbolMap
FNDA:16,(anonymous_3)
DA:8,18
DA:9,3
DA:10,3
DA:19,1
DA:20,8
DA:21,8
DA:24,8
DA:25,8
DA:27,7
DA:28,7
DA:29,7
DA:31,7
DA:33,21
DA:34,21
DA:35,8
DA:36,8
DA:40,13
DA:41,13
DA:42,10
DA:43,10
DA:46,3
DA:49,4
DA:50,16
DA:51,0
DA:54,16
LF:25
LH:24
BRDA:21,0,0,0
BRDA:21,0,1,8
BRDA:24,1,0,6
BRDA:24,1,1,2
BRDA:25,2,0,1
BRDA:25,2,1,7
BRDA:34,3,0,8
BRDA:34,3,1,13
BRDA:41,4,0,10
BRDA:41,4,1,3
BRDA:50,5,0,0
BRDA:50,5,1,16
BRF:12
BRH:10
end_of_record
TN:
SF:/Users/zacharymarion/src/speedscope-fork/src/lib/file-format-spec.ts
FN:3,(anonymous_0)
FN:46,(anonymous_1)
FN:122,(anonymous_2)
FNF:3
FNH:3
FNDA:17,(anonymous_0)
FNDA:17,(anonymous_1)
FNDA:17,(anonymous_2)
DA:3,17
DA:46,17
DA:47,17
DA:48,17
DA:122,17
DA:123,17
DA:124,17
LF:7
LH:7
BRDA:46,0,0,17
BRDA:46,0,1,17
BRDA:122,1,0,17
BRDA:122,1,1,17
BRDA:3,2,0,17
BRDA:3,2,1,17
BRF:6
BRH:6
end_of_record
TN:
SF:/Users/zacharymarion/src/speedscope-fork/src/lib/file-format.ts
FN:13,exportProfileGroup
FN:17,getIndexForFrame
FN:49,exportProfile
FN:58,(anonymous_3)
FN:65,(anonymous_4)
FN:76,importSpeedscopeProfile
FN:80,setCommonProperties
FN:102,importEventedProfile
FN:108,(anonymous_8)
FN:125,importSampledProfile
FN:130,(anonymous_10)
FN:142,(anonymous_11)
FN:158,importSpeedscopeProfiles
FN:162,(anonymous_13)
FN:166,saveToFile
FNF:15
FNH:14
FNDA:300,exportProfileGroup
FNDA:50056,getIndexForFrame
FNDA:368,exportProfile
FNDA:25028,(anonymous_3)
FNDA:25028,(anonymous_4)
FNDA:104,importSpeedscopeProfile
FNDA:104,setCommonProperties
FNDA:98,importEventedProfile
FNDA:1410,(anonymous_8)
FNDA:6,importSampledProfile
FNDA:24,(anonymous_10)
FNDA:84,(anonymous_11)
FNDA:85,importSpeedscopeProfiles
FNDA:104,(anonymous_13)
FNDA:0,saveToFile
DA:1,17
DA:10,17
DA:11,17
DA:13,17
DA:14,300
DA:16,300
DA:18,50056
DA:19,50056
DA:20,4380
DA:23,4380
DA:24,4380
DA:25,4380
[...]
FN:30,useFlamechartSetters
FN:33,(anonymous_1)
FN:39,(anonymous_2)
FN:45,(anonymous_3)
FN:51,(anonymous_4)
FN:70,(anonymous_5)
FN:86,(anonymous_6)
FN:88,(anonymous_7)
FN:113,(anonymous_8)
FN:155,(anonymous_9)
FN:173,(anonymous_10)
FNF:11
FNH:0
FNDA:0,useFlamechartSetters
FNDA:0,(anonymous_1)
FNDA:0,(anonymous_2)
FNDA:0,(anonymous_3)
FNDA:0,(anonymous_4)
FNDA:0,(anonymous_5)
FNDA:0,(anonymous_6)
FNDA:0,(anonymous_7)
FNDA:0,(anonymous_8)
FNDA:0,(anonymous_9)
FNDA:0,(anonymous_10)
DA:1,0
DA:3,0
DA:4,0
DA:6,0
DA:7,0
DA:8,0
DA:16,0
DA:18,0
DA:19,0
DA:20,0
DA:21,0
DA:30,0
DA:31,0
DA:34,0
DA:40,0
DA:46,0
DA:52,0
DA:69,0
DA:77,0
DA:86,0
DA:87,0
DA:95,0
DA:106,0
DA:113,0
DA:114,0
DA:115,0
DA:117,0
DA:119,0
DA:120,0
DA:121,0
DA:122,0
DA:124,0
DA:125,0
DA:130,0
DA:132,0
DA:154,0
DA:162,0
DA:171,0
DA:173,0
DA:174,0
DA:176,0
DA:178,0
DA:180,0
DA:181,0
DA:182,0
DA:183,0
DA:185,0
DA:189,0
DA:194,0
DA:196,0
LF:50
LH:0
BRF:0
BRH:0
end_of_record
TN:
SF:/Users/zacharymarion/src/speedscope-fork/src/views/flamechart-view.tsx
FN:20,(anonymous_0)
FN:32,(anonymous_1)
FN:52,(anonymous_2)
FN:56,(anonymous_3)
FN:61,(anonymous_4)
FN:65,(anonymous_5)
FN:103,(anonymous_6)
FN:21,(anonymous_7)
FN:25,(anonymous_8)
FN:69,(anonymous_9)
FN:76,(anonymous_10)
FN:107,(anonymous_11)
FN:122,(anonymous_12)
FNF:13
FNH:0
FNDA:0,(anonymous_0)
FNDA:0,(anonymous_1)
FNDA:0,(anonymous_2)
FNDA:0,(anonymous_3)
FNDA:0,(anonymous_4)
FNDA:0,(anonymous_5)
FNDA:0,(anonymous_6)
FNDA:0,(anonymous_7)
FNDA:0,(anonymous_8)
FNDA:0,(anonymous_9)
FNDA:0,(anonymous_10)
FNDA:0,(anonymous_11)
FNDA:0,(anonymous_12)
DA:1,0
DA:2,0
DA:6,0
DA:7,0
DA:8,0
DA:10,0
DA:11,0
DA:12,0
DA:13,0
DA:15,0
DA:16,0
DA:17,0
DA:18,0
DA:20,0
DA:22,0
DA:26,0
DA:32,0
DA:33,0
DA:35,0
DA:37,0
DA:38,0
DA:40,0
DA:49,0
DA:52,0
DA:53,0
DA:56,0
DA:57,0
DA:58,0
DA:61,0
DA:62,0
DA:65,0
DA:66,0
DA:70,0
DA:71,0
DA:72,0
DA:73,0
DA:77,0
DA:79,0
DA:80,0
DA:81,0
DA:82,0
DA:83,0
DA:85,0
DA:87,0
DA:102,0
DA:103,0
DA:104,0
DA:108,0
DA:110,0
DA:123,0
LF:50
LH:0
BRDA:104,0,0,0
BRDA:104,0,1,0
BRDA:77,1,0,0
BRDA:77,1,1,0
BRDA:80,2,0,0
BRDA:80,2,1,0
BRDA:94,3,0,0
BRDA:94,3,1,0
BRDA:145,4,0,0
BRDA:145,4,1,0
BRF:10
BRH:0
end_of_record
TN:
SF:/Users/zacharymarion/src/speedscope-fork/src/views/flamechart-wrapper.tsx
FN:13,(anonymous_0)
FN:21,(anonymous_1)
FN:24,(anonymous_2)
FN:28,(anonymous_3)
FN:61,(anonymous_4)
FN:64,(anonymous_5)
FN:14,(anonymous_6)
FN:31,(anonymous_7)
FN:37,(anonymous_8)
FN:72,(anonymous_9)
FN:100,(anonymous_10)
FNF:11
FNH:0
FNDA:0,(anonymous_0)
FNDA:0,(anonymous_1)
FNDA:0,(anonymous_2)
FNDA:0,(anonymous_3)
FNDA:0,(anonymous_4)
FNDA:0,(anonymous_5)
FNDA:0,(anonymous_6)
FNDA:0,(anonymous_7)
FNDA:0,(anonymous_8)
FNDA:0,(anonymous_9)
FNDA:0,(anonymous_10)
DA:2,0
DA:3,0
DA:4,0
DA:5,0
DA:6,0
DA:7,0
DA:8,0
DA:10,0
DA:11,0
DA:13,0
DA:15,0
DA:16,0
DA:21,0
DA:22,0
DA:24,0
DA:25,0
DA:28,0
DA:29,0
DA:32,0
DA:33,0
DA:34,0
DA:35,0
DA:38,0
DA:39,0
DA:40,0
DA:41,0
DA:42,0
DA:43,0
DA:44,0
DA:46,0
DA:60,0
DA:61,0
DA:62,0
DA:64,0
DA:70,0
DA:73,0
DA:100,0
DA:101,0
LF:38
LH:0
BRDA:62,0,0,0
BRDA:62,0,1,0
BRDA:38,1,0,0
BRDA:38,1,1,0
BRDA:40,2,0,0
BRDA:40,2,1,0
BRDA:53,3,0,0
BRDA:53,3,1,0
BRF:8
BRH:0
end_of_record
TN:
SF:/Users/zacharymarion/src/speedscope-fork/src/views/hovertip.tsx
FN:14,Hovertip
FN:23,(anonymous_1)
FN:69,(anonymous_2)
FNF:3
FNH:0
FNDA:0,Hovertip
FNDA:0,(anonymous_1)
FNDA:0,(anonymous_2)
DA:2,0
DA:3,0
DA:4,0
DA:5,0
DA:6,0
DA:14,0
DA:15,0
DA:17,0
DA:18,0
DA:19,0
DA:21,0
DA:23,0
DA:24,0
DA:26,0
DA:29,0
DA:33,0
DA:34,0
DA:38,0
DA:40,0
DA:43,0
DA:49,0
DA:50,0
DA:54,0
DA:56,0
DA:60,0
DA:67,0
DA:69,0
DA:70,0
LF:28
LH:0
BRDA:24,0,0,0
BRDA:24,0,1,0
BRDA:33,1,0,0
BRDA:33,1,1,0
BRDA:38,2,0,0
BRDA:38,2,1,0
BRDA:49,3,0,0
BRDA:49,3,1,0
BRDA:54,4,0,0
BRDA:54,4,1,0
BRF:10
BRH:0
end_of_record
TN:
SF:/Users/zacharymarion/src/speedscope-fork/src/views/inverted-caller-flamegraph-view.tsx
FN:24,(anonymous_0)
FN:39,(anonymous_1)
FN:57,(anonymous_2)
FNF:3
FNH:0
FNDA:0,(anonymous_0)
FNDA:0,(anonymous_1)
FNDA:0,(anonymous_2)
DA:1,0
DA:3,0
DA:4,0
DA:9,0
DA:15,0
DA:16,0
DA:17,0
DA:18,0
DA:19,0
DA:20,0
DA:21,0
DA:23,0
DA:33,0
DA:34,0
DA:38,0
DA:46,0
DA:55,0
DA:57,0
DA:58,0
DA:59,0
DA:60,0
DA:61,0
DA:62,0
DA:64,0
DA:65,0
DA:66,0
DA:67,0
DA:68,0
DA:70,0
DA:71,0
DA:72,0
DA:73,0
DA:75,0
DA:83,0
DA:85,0
LF:35
LH:0
BRDA:34,0,0,0
BRDA:34,0,1,0
BRDA:64,1,0,0
BRDA:64,1,1,0
BRDA:65,2,0,0
BRDA:65,2,1,0
BRDA:67,3,0,0
BRDA:67,3,1,0
BRF:8
BRH:0
end_of_record
TN:
SF:/Users/zacharymarion/src/speedscope-fork/src/views/profile-select.tsx
FN:24,highlightRanges
FN:41,ProfileSelectRow
FN:56,(anonymous_2)
FN:62,(anonymous_3)
FN:73,(anonymous_4)
FN:113,stopPropagation
FN:124,getSortedFilteredProfiles
FN:136,(anonymous_7)
FN:140,ProfileSelect
FN:152,(anonymous_9)
FN:160,(anonymous_10)
FN:172,(anonymous_11)
FN:179,(anonymous_12)
FN:201,(anonymous_13)
FN:225,(anonymous_14)
FN:238,(anonymous_15)
FN:263,(anonymous_16)
FN:272,(anonymous_17)
FN:286,(anonymous_18)
FN:317,(anonymous_19)
FN:355,(anonymous_20)
FNF:21
FNH:0
FNDA:0,highlightRanges
FNDA:0,ProfileSelectRow
FNDA:0,(anonymous_2)
FNDA:0,(anonymous_3)
FNDA:0,(anonymous_4)
FNDA:0,stopPropagation
FNDA:0,getSortedFilteredProfiles
FNDA:0,(anonymous_7)
FNDA:0,ProfileSelect
FNDA:0,(anonymous_9)
FNDA:0,(anonymous_10)
FNDA:0,(anonymous_11)
FNDA:0,(anonymous_12)
FNDA:0,(anonymous_13)
FNDA:0,(anonymous_14)
FNDA:0,(anonymous_15)
FNDA:0,(anonymous_16)
FNDA:0,(anonymous_17)
FNDA:0,(anonymous_18)
FNDA:0,(anonymous_19)
FNDA:0,(anonymous_20)
DA:2,0
DA:3,0
DA:4,0
DA:5,0
DA:6,0
DA:7,0
DA:8,0
DA:29,0
DA:30,0
DA:31,0
DA:32,0
DA:33,0
DA:34,0
DA:36,0
DA:38,0
DA:41,0
DA:54,0
DA:56,0
DA:57,0
DA:58,0
DA:61,0
DA:63,0
DA:68,0
DA:70,0
DA:72,0
DA:73,0
DA:74,0
DA:75,0
DA:81,0
DA:114,0
DA:125,0
DA:126,0
DA:127,0
DA:128,0
DA:129,0
DA:130,0
DA:136,0
DA:137,0
DA:140,0
DA:147,0
DA:149,0
DA:151,0
DA:153,0
DA:154,0
DA:159,0
DA:161,0
DA:162,0
DA:163,0
DA:165,0
DA:172,0
DA:173,0
DA:176,0
DA:178,0
DA:179,0
DA:180,0
DA:184,0
DA:187,0
DA:188,0
DA:200,0
DA:204,0
DA:206,0
DA:208,0
DA:210,0
DA:211,0
DA:212,0
DA:214,0
DA:217,0
DA:218,0
DA:221,0
DA:222,0
DA:223,0
DA:224,0
DA:225,0
DA:227,0
DA:228,0
DA:231,0
DA:234,0
DA:235,0
DA:236,0
DA:237,0
DA:238,0
DA:240,0
DA:241,0
DA:244,0
DA:248,0
DA:254,0
DA:255,0
DA:256,0
DA:262,0
DA:263,0
DA:265,0
DA:266,0
DA:267,0
DA:271,0
DA:273,0
DA:274,0
DA:279,0
DA:285,0
DA:287,0
DA:288,0
DA:297,0
DA:318,0
DA:319,0
DA:320,0
DA:321,0
DA:322,0
DA:323,0
DA:324,0
DA:325,0
DA:326,0
DA:328,0
DA:353,0
DA:355,0
DA:356,0
LF:114
LH:0
BRDA:89,0,0,0
BRDA:89,0,1,0
BRDA:90,1,0,0
BRDA:90,1,1,0
BRDA:91,2,0,0
BRDA:91,2,1,0
BRDA:95,3,0,0
BRDA:95,3,1,0
BRDA:129,4,0,0
BRDA:129,4,1,0
BRDA:161,5,0,0
BRDA:161,5,1,0
BRDA:162,6,0,0
BRDA:162,6,1,0
BRDA:180,7,0,0
BRDA:180,7,1,0
BRDA:187,8,0,0
BRDA:187,8,1,0
BRDA:209,9,0,0
BRDA:209,9,1,0
BRDA:209,9,2,0
BRDA:209,9,3,0
BRDA:210,10,0,0
BRDA:210,10,1,0
BRDA:223,11,0,0
BRDA:223,11,1,0
BRDA:227,12,0,0
BRDA:227,12,1,0
BRDA:236,13,0,0
BRDA:236,13,1,0
BRDA:240,14,0,0
BRDA:240,14,1,0
BRDA:248,15,0,0
BRDA:248,15,1,0
BRDA:249,16,0,0
BRDA:249,16,1,0
BRDA:249,16,2,0
BRDA:265,17,0,0
BRDA:265,17,1,0
BRDA:273,18,0,0
BRDA:273,18,1,0
BRDA:273,19,0,0
BRDA:273,19,1,0
BRDA:321,20,0,0
BRDA:321,20,1,0
BRDA:321,21,0,0
BRDA:321,21,1,0
BRDA:323,22,0,0
BRDA:323,22,1,0
BRDA:325,23,0,0
BRDA:325,23,1,0
BRDA:345,24,0,0
BRDA:345,24,1,0
BRF:53
BRH:0
end_of_record
TN:
SF:/Users/zacharymarion/src/speedscope-fork/src/views/profile-table-view.tsx
FN:30,HBarDisplay
FN:44,SortIcon
FN:79,highlightRanges
FN:96,(anonymous_3)
FN:160,(anonymous_4)
FN:173,(anonymous_5)
FN:209,(anonymous_6)
FN:264,(anonymous_7)
FN:267,(anonymous_8)
FN:271,(anonymous_9)
FN:274,(anonymous_10)
FN:278,(anonymous_11)
FN:328,(anonymous_12)
FN:425,(anonymous_13)
FN:436,(anonymous_14)
FNF:15
FNH:0
FNDA:0,HBarDisplay
FNDA:0,SortIcon
FNDA:0,highlightRanges
FNDA:0,(anonymous_3)
FNDA:0,(anonymous_4)
FNDA:0,(anonymous_5)
FNDA:0,(anonymous_6)
FNDA:0,(anonymous_7)
FNDA:0,(anonymous_8)
FNDA:0,(anonymous_9)
FNDA:0,(anonymous_10)
FNDA:0,(anonymous_11)
FNDA:0,(anonymous_12)
FNDA:0,(anonymous_13)
FNDA:0,(anonymous_14)
DA:1,0
DA:2,0
DA:4,0
DA:5,0
DA:6,0
DA:7,0
DA:8,0
DA:9,0
DA:10,0
DA:11,0
DA:12,0
DA:13,0
DA:14,0
DA:23,0
DA:31,0
DA:33,0
DA:45,0
DA:46,0
DA:48,0
DA:50,0
DA:52,0
DA:54,0
DA:84,0
DA:85,0
DA:86,0
DA:87,0
DA:88,0
DA:89,0
DA:91,0
DA:93,0
DA:96,0
DA:105,0
DA:107,0
DA:108,0
DA:109,0
DA:110,0
DA:112,0
DA:116,0
DA:159,0
DA:170,0
DA:172,0
DA:174,0
DA:176,0
DA:178,0
DA:187,0
DA:189,0
DA:190,0
DA:193,0
DA:194,0
DA:197,0
DA:198,0
DA:206,0
DA:208,0
DA:210,0
DA:212,0
DA:214,0
DA:215,0
DA:216,0
DA:217,0
DA:230,0
DA:231,0
DA:232,0
DA:240,0
DA:248,0
DA:263,0
DA:265,0
DA:267,0
DA:271,0
DA:274,0
DA:277,0
DA:278,0
DA:282,0
DA:328,0
DA:329,0
DA:425,0
DA:426,0
DA:427,0
DA:428,0
DA:429,0
DA:430,0
DA:431,0
DA:432,0
DA:433,0
DA:434,0
DA:436,0
DA:437,0
DA:439,0
DA:440,0
DA:442,0
LF:89
LH:0
BRDA:50,0,0,0
BRDA:50,0,1,0
BRDA:52,1,0,0
BRDA:52,1,1,0
BRDA:122,2,0,0
BRDA:122,2,1,0
BRDA:123,3,0,0
BRDA:123,3,1,0
BRDA:137,4,0,0
BRDA:137,4,1,0
BRDA:140,5,0,0
BRDA:140,5,1,0
BRDA:176,6,0,0
BRDA:176,6,1,0
BRDA:182,7,0,0
BRDA:182,7,1,0
BRDA:188,8,0,0
BRDA:188,8,1,0
BRDA:188,8,2,0
BRDA:210,9,0,0
BRDA:210,9,1,0
BRDA:220,10,0,0
BRDA:220,10,1,0
BRDA:230,11,0,0
BRDA:230,11,1,0
BRDA:231,12,0,0
BRDA:231,12,1,0
BRDA:266,13,0,0
BRDA:266,13,1,0
BRDA:290,14,0,0
BRDA:290,14,1,0
BRDA:298,15,0,0
BRDA:298,15,1,0
BRDA:306,16,0,0
BRDA:306,16,1,0
BRDA:320,17,0,0
BRDA:320,17,1,0
BRDA:320,18,0,0
BRDA:320,18,1,0
BRDA:320,19,0,0
BRDA:320,19,1,0
BRDA:428,20,0,0
BRDA:428,20,1,0
BRDA:432,21,0,0
BRDA:432,21,1,0
BRF:45
BRH:0
end_of_record
TN:
SF:/Users/zacharymarion/src/speedscope-fork/src/views/sandwich-search-view.tsx
FN:7,(anonymous_0)
FN:17,(anonymous_1)
FN:19,(anonymous_2)
FN:19,(anonymous_3)
FN:23,(anonymous_4)
FN:28,(anonymous_5)
FNF:6
FNH:0
FNDA:0,(anonymous_0)
FNDA:0,(anonymous_1)
FNDA:0,(anonymous_2)
FNDA:0,(anonymous_3)
FNDA:0,(anonymous_4)
FNDA:0,(anonymous_5)
DA:1,0
DA:2,0
DA:3,0
DA:4,0
DA:5,0
DA:7,0
DA:8,0
DA:10,0
DA:12,0
DA:15,0
DA:17,0
DA:18,0
DA:19,0
DA:22,0
DA:24,0
DA:25,0
DA:26,0
DA:29,0
DA:30,0
DA:31,0
DA:36,0
LF:21
LH:0
BRDA:10,0,0,0
BRDA:10,0,1,0
BRDA:13,1,0,0
BRDA:13,1,1,0
BRDA:12,2,0,0
BRDA:12,2,1,0
BRDA:12,3,0,0
BRDA:12,3,1,0
BRDA:15,4,0,0
BRDA:15,4,1,0
BRDA:18,5,0,0
BRDA:18,5,1,0
BRDA:18,6,0,0
BRDA:18,6,1,0
BRDA:18,6,2,0
BRDA:18,6,3,0
BRDA:24,7,0,0
BRDA:24,7,1,0
BRDA:25,8,0,0
BRDA:25,8,1,0
BRDA:29,9,0,0
BRDA:29,9,1,0
BRDA:30,10,0,0
BRDA:30,10,1,0
BRF:24
BRH:0
end_of_record
TN:
SF:/Users/zacharymarion/src/speedscope-fork/src/views/sandwich-view.tsx
FN:28,(anonymous_0)
FN:29,(anonymous_1)
FN:33,(anonymous_2)
FN:39,(anonymous_3)
FN:42,(anonymous_4)
FN:46,(anonymous_5)
FN:90,(anonymous_6)
FN:148,(anonymous_7)
FN:154,(anonymous_8)
FN:164,(anonymous_9)
FN:167,(anonymous_10)
FN:176,(anonymous_11)
FN:180,(anonymous_12)
FN:184,(anonymous_13)
FN:195,(anonymous_14)
FN:200,(anonymous_15)
FN:206,(anonymous_16)
FN:207,(anonymous_17)
FNF:18
FNH:0
FNDA:0,(anonymous_0)
FNDA:0,(anonymous_1)
FNDA:0,(anonymous_2)
FNDA:0,(anonymous_3)
FNDA:0,(anonymous_4)
FNDA:0,(anonymous_5)
FNDA:0,(anonymous_6)
FNDA:0,(anonymous_7)
FNDA:0,(anonymous_8)
FNDA:0,(anonymous_9)
FNDA:0,(anonymous_10)
FNDA:0,(anonymous_11)
FNDA:0,(anonymous_12)
FNDA:0,(anonymous_13)
FNDA:0,(anonymous_14)
FNDA:0,(anonymous_15)
FNDA:0,(anonymous_16)
FNDA:0,(anonymous_17)
DA:2,0
DA:3,0
DA:4,0
DA:5,0
DA:6,0
DA:7,0
DA:8,0
DA:9,0
DA:10,0
DA:12,0
DA:13,0
DA:14,0
DA:15,0
DA:16,0
DA:17,0
DA:29,0
DA:30,0
DA:33,0
DA:34,0
DA:35,0
DA:40,0
DA:43,0
DA:47,0
DA:49,0
DA:50,0
DA:52,0
DA:53,0
DA:78,0
DA:90,0
DA:91,0
DA:146,0
DA:148,0
DA:149,0
DA:150,0
DA:151,0
DA:153,0
DA:154,0
DA:155,0
DA:158,0
DA:159,0
DA:160,0
DA:162,0
DA:164,0
DA:165,0
DA:167,0
DA:168,0
DA:169,0
DA:171,0
DA:174,0
DA:176,0
DA:177,0
DA:180,0
DA:181,0
DA:184,0
DA:185,0
DA:188,0
DA:189,0
DA:192,0
DA:195,0
DA:196,0
DA:197,0
DA:198,0
DA:200,0
DA:201,0
DA:202,0
DA:206,0
DA:207,0
DA:208,0
DA:209,0
DA:213,0
DA:221,0
LF:71
LH:0
BRDA:34,0,0,0
BRDA:34,0,1,0
BRDA:52,1,0,0
BRDA:52,1,1,0
BRDA:162,2,0,0
BRDA:162,2,1,0
BRDA:168,3,0,0
BRDA:168,3,1,0
BRDA:168,4,0,0
BRDA:168,4,1,0
BRDA:175,5,0,0
BRDA:175,5,1,0
BRDA:175,5,2,0
BRDA:188,6,0,0
BRDA:188,6,1,0
BRDA:202,7,0,0
BRDA:202,7,1,0
BRDA:208,8,0,0
BRDA:208,8,1,0
BRF:19
BRH:0
end_of_record
TN:
SF:/Users/zacharymarion/src/speedscope-fork/src/views/scrollable-list-view.tsx
FN:28,(anonymous_0)
FN:46,(anonymous_1)
FN:51,(anonymous_2)
FN:53,(anonymous_3)
FN:68,(anonymous_4)
FN:110,(anonymous_5)
FN:110,(anonymous_6)
FN:112,(anonymous_7)
FN:118,(anonymous_8)
FN:119,(anonymous_9)
FN:126,(anonymous_10)
FN:131,(anonymous_11)
FN:137,(anonymous_12)
FNF:13
FNH:0
FNDA:0,(anonymous_0)
FNDA:0,(anonymous_1)
FNDA:0,(anonymous_2)
FNDA:0,(anonymous_3)
FNDA:0,(anonymous_4)
FNDA:0,(anonymous_5)
FNDA:0,(anonymous_6)
FNDA:0,(anonymous_7)
FNDA:0,(anonymous_8)
FNDA:0,(anonymous_9)
FNDA:0,(anonymous_10)
FNDA:0,(anonymous_11)
FNDA:0,(anonymous_12)
DA:4,0
DA:5,0
DA:28,0
DA:35,0
DA:36,0
DA:38,0
DA:40,0
DA:41,0
DA:42,0
DA:45,0
DA:46,0
DA:48,0
DA:50,0
DA:52,0
DA:53,0
DA:54,0
DA:55,0
DA:56,0
DA:57,0
DA:61,0
DA:63,0
DA:68,0
DA:69,0
DA:70,0
DA:75,0
DA:76,0
DA:78,0
DA:79,0
DA:81,0
DA:82,0
DA:83,0
DA:84,0
DA:85,0
DA:86,0
DA:87,0
DA:91,0
DA:93,0
DA:94,0
DA:95,0
DA:96,0
DA:97,0
DA:101,0
DA:103,0
DA:110,0
DA:112,0
DA:113,0
DA:114,0
DA:118,0
DA:119,0
DA:120,0
DA:121,0
DA:125,0
DA:126,0
DA:127,0
DA:131,0
DA:132,0
DA:137,0
DA:138,0
DA:147,0
LF:59
LH:0
BRDA:40,0,0,0
BRDA:40,0,1,0
BRDA:41,1,0,0
BRDA:41,1,1,0
BRDA:42,2,0,0
BRDA:42,2,1,0
BRDA:46,3,0,0
BRDA:46,3,1,0
BRDA:46,4,0,0
BRDA:46,4,1,0
BRDA:52,5,0,0
BRDA:52,5,1,0
BRDA:55,6,0,0
BRDA:55,6,1,0
BRDA:69,7,0,0
BRDA:69,7,1,0
BRDA:69,8,0,0
BRDA:69,8,1,0
BRDA:69,8,2,0
BRDA:86,9,0,0
BRDA:86,9,1,0
BRDA:96,10,0,0
BRDA:96,10,1,0
BRDA:113,11,0,0
BRDA:113,11,1,0
BRDA:120,12,0,0
BRDA:120,12,1,0
BRDA:133,13,0,0
BRDA:133,13,1,0
BRDA:140,14,0,0
BRDA:140,14,1,0
BRDA:140,15,0,0
BRDA:140,15,1,0
BRDA:140,16,0,0
BRDA:140,16,1,0
BRF:35
BRH:0
end_of_record
TN:
SF:/Users/zacharymarion/src/speedscope-fork/src/views/search-view.tsx
FN:13,stopPropagation
FN:19,(anonymous_1)
FN:25,(anonymous_2)
FN:45,(anonymous_3)
FN:54,(anonymous_4)
FN:63,(anonymous_5)
FN:66,(anonymous_6)
FN:77,(anonymous_7)
FN:104,(anonymous_8)
FN:105,(anonymous_9)
FN:118,(anonymous_10)
FN:128,(anonymous_11)
FN:181,(anonymous_12)
FNF:13
FNH:0
FNDA:0,stopPropagation
FNDA:0,(anonymous_1)
FNDA:0,(anonymous_2)
FNDA:0,(anonymous_3)
FNDA:0,(anonymous_4)
FNDA:0,(anonymous_5)
FNDA:0,(anonymous_6)
FNDA:0,(anonymous_7)
FNDA:0,(anonymous_8)
FNDA:0,(anonymous_9)
FNDA:0,(anonymous_10)
FNDA:0,(anonymous_11)
FNDA:0,(anonymous_12)
DA:1,0
DA:2,0
DA:3,0
DA:4,0
DA:5,0
DA:6,0
DA:8,0
DA:9,0
DA:10,0
DA:11,0
DA:14,0
DA:17,0
DA:19,0
DA:20,0
DA:21,0
DA:22,0
DA:23,0
DA:25,0
DA:26,0
DA:27,0
DA:29,0
DA:32,0
DA:44,0
DA:46,0
DA:47,0
DA:48,0
DA:49,0
DA:50,0
DA:51,0
DA:53,0
DA:55,0
DA:56,0
DA:61,0
DA:63,0
DA:65,0
DA:67,0
DA:68,0
DA:70,0
DA:76,0
DA:78,0
DA:81,0
DA:82,0
DA:85,0
DA:86,0
DA:89,0
DA:90,0
DA:92,0
DA:98,0
DA:104,0
DA:105,0
DA:107,0
DA:109,0
DA:111,0
DA:113,0
DA:117,0
DA:118,0
DA:119,0
DA:120,0
DA:127,0
DA:128,0
DA:129,0
DA:133,0
DA:135,0
DA:181,0
DA:182,0
LF:65
LH:0
BRDA:21,0,0,0
BRDA:21,0,1,0
BRDA:26,1,0,0
BRDA:26,1,1,0
BRDA:26,2,0,0
BRDA:26,2,1,0
BRDA:26,2,2,0
BRDA:67,3,0,0
BRDA:67,3,1,0
BRDA:81,4,0,0
BRDA:81,4,1,0
BRDA:85,5,0,0
BRDA:85,5,1,0
BRDA:89,6,0,0
BRDA:89,6,1,0
BRDA:89,7,0,0
BRDA:89,7,1,0
BRDA:89,7,2,0
BRDA:90,8,0,0
BRDA:90,8,1,0
BRDA:107,9,0,0
BRDA:107,9,1,0
BRDA:107,10,0,0
BRDA:107,10,1,0
BRDA:107,10,2,0
BRDA:111,11,0,0
BRDA:111,11,1,0
BRDA:119,12,0,0
BRDA:119,12,1,0
BRDA:133,13,0,0
BRDA:133,13,1,0
BRDA:149,14,0,0
BRDA:149,14,1,0
BRDA:152,15,0,0
BRDA:152,15,1,0
BRF:35
BRH:0
end_of_record
TN:
SF:/Users/zacharymarion/src/speedscope-fork/src/views/style.ts
FN:3,(anonymous_0)
FN:7,(anonymous_1)
FN:13,(anonymous_2)
FN:24,(anonymous_3)
FN:28,(anonymous_4)
FNF:5
FNH:0
FNDA:0,(anonymous_0)
FNDA:0,(anonymous_1)
FNDA:0,(anonymous_2)
FNDA:0,(anonymous_3)
FNDA:0,(anonymous_4)
DA:1,0
DA:3,0
DA:4,0
DA:7,0
DA:8,0
DA:9,0
DA:10,0
DA:13,0
DA:14,0
DA:15,0
DA:16,0
DA:17,0
DA:18,0
DA:19,0
DA:20,0
DA:21,0
DA:24,0
DA:25,0
DA:28,0
DA:29,0
DA:30,0
DA:33,0
LF:22
LH:0
BRDA:3,0,0,0
BRDA:3,0,1,0
BRDA:7,1,0,0
BRDA:7,1,1,0
BRDA:13,2,0,0
BRDA:13,2,1,0
BRDA:24,3,0,0
BRDA:24,3,1,0
BRDA:28,4,0,0
BRDA:28,4,1,0
BRF:10
BRH:0
end_of_record
TN:
SF:/Users/zacharymarion/src/speedscope-fork/src/views/toolbar.tsx
FN:21,useSetViewMode
FN:22,(anonymous_1)
FN:25,ToolbarLeftContent
FN:66,(anonymous_3)
FN:76,(anonymous_4)
FN:77,(anonymous_5)
FN:90,ToolbarCenterContent
FN:97,(anonymous_7)
FN:101,(anonymous_8)
FN:105,(anonymous_9)
FN:106,(anonymous_10)
FN:113,(anonymous_11)
FN:118,(anonymous_12)
FN:119,(anonymous_13)
FN:126,(anonymous_14)
FN:159,ToolbarRightContent
FN:205,Toolbar
FN:216,(anonymous_17)
FNF:18
FNH:0
FNDA:0,useSetViewMode
FNDA:0,(anonymous_1)
FNDA:0,ToolbarLeftContent
FNDA:0,(anonymous_3)
FNDA:0,(anonymous_4)
FNDA:0,(anonymous_5)
FNDA:0,ToolbarCenterContent
FNDA:0,(anonymous_7)
FNDA:0,(anonymous_8)
FNDA:0,(anonymous_9)
FNDA:0,(anonymous_10)
FNDA:0,(anonymous_11)
FNDA:0,(anonymous_12)
FNDA:0,(anonymous_13)
FNDA:0,(anonymous_14)
FNDA:0,ToolbarRightContent
FNDA:0,Toolbar
FNDA:0,(anonymous_17)
DA:2,0
DA:3,0
DA:4,0
DA:5,0
DA:6,0
DA:8,0
DA:9,0
DA:11,0
DA:13,0
DA:14,0
DA:22,0
DA:26,0
DA:27,0
DA:28,0
DA:29,0
DA:31,0
DA:33,0
DA:66,0
DA:74,0
DA:76,0
DA:77,0
DA:79,0
DA:83,0
DA:86,0
DA:91,0
DA:93,0
DA:94,0
DA:95,0
DA:97,0
DA:98,0
DA:101,0
DA:102,0
DA:105,0
DA:106,0
DA:107,0
DA:108,0
DA:109,0
DA:112,0
DA:113,0
DA:114,0
DA:118,0
DA:119,0
DA:120,0
DA:121,0
DA:122,0
DA:125,0
DA:126,0
DA:127,0
DA:131,0
DA:132,0
DA:133,0
DA:135,0
DA:156,0
DA:160,0
DA:161,0
DA:164,0
DA:169,0
DA:175,0
DA:184,0
DA:195,0
DA:205,0
DA:206,0
DA:207,0
DA:216,0
DA:217,0
LF:65
LH:0
BRDA:31,0,0,0
BRDA:31,0,1,0
BRDA:38,1,0,0
BRDA:38,1,1,0
BRDA:47,2,0,0
BRDA:47,2,1,0
BRDA:56,3,0,0
BRDA:56,3,1,0
BRDA:77,4,0,0
BRDA:77,4,1,0
BRDA:77,5,0,0
BRDA:77,5,1,0
BRDA:77,6,0,0
BRDA:77,6,1,0
BRDA:79,7,0,0
BRDA:79,7,1,0
BRDA:80,8,0,0
BRDA:80,8,1,0
BRDA:80,8,2,0
BRDA:107,9,0,0
BRDA:107,9,1,0
BRDA:120,10,0,0
BRDA:120,10,1,0
BRDA:131,11,0,0
BRDA:131,11,1,0
BRDA:131,12,0,0
BRDA:131,12,1,0
BRDA:131,12,2,0
BRDA:132,13,0,0
BRDA:132,13,1,0
BRDA:143,14,0,0
BRDA:143,14,1,0
BRDA:197,15,0,0
BRDA:197,15,1,0
BRF:34
BRH:0
end_of_record
TN:
SF:/Users/zacharymarion/src/speedscope-fork/src/views/themes/dark-theme.ts
FN:8,(anonymous_0)
FN:28,(anonymous_1)
FNF:2
FNH:0
FNDA:0,(anonymous_0)
FNDA:0,(anonymous_1)
DA:1,0
DA:2,0
DA:8,0
DA:9,0
DA:10,0
DA:11,0
DA:12,0
DA:13,0
DA:14,0
DA:15,0
DA:16,0
DA:17,0
DA:18,0
DA:19,0
DA:20,0
DA:23,0
DA:24,0
DA:25,0
DA:26,0
DA:28,0
DA:29,0
DA:30,0
DA:31,0
DA:32,0
DA:33,0
DA:35,0
DA:45,0
LF:27
LH:0
BRDA:8,0,0,0
BRDA:8,0,1,0
BRF:2
BRH:0
end_of_record
TN:
SF:/Users/zacharymarion/src/speedscope-fork/src/views/themes/light-theme.ts
FN:8,(anonymous_0)
FN:28,(anonymous_1)
FNF:2
FNH:0
FNDA:0,(anonymous_0)
FNDA:0,(anonymous_1)
DA:1,0
DA:2,0
DA:8,0
DA:9,0
DA:10,0
DA:11,0
DA:12,0
DA:13,0
DA:14,0
DA:15,0
DA:16,0
DA:17,0
DA:18,0
DA:19,0
DA:20,0
DA:23,0
DA:24,0
DA:25,0
DA:26,0
DA:28,0
DA:29,0
DA:30,0
DA:31,0
DA:32,0
DA:33,0
DA:35,0
DA:45,0
LF:27
LH:0
BRDA:8,0,0,0
BRDA:8,0,1,0
BRF:2
BRH:0
end_of_record
TN:
SF:/Users/zacharymarion/src/speedscope-fork/src/views/themes/theme.tsx
FN:36,useTheme
FN:40,withTheme
FN:44,matchMediaDarkColorScheme
FN:48,colorSchemeToString
FN:62,getTheme
FN:76,ThemeProvider
FN:78,(anonymous_6)
FN:82,(anonymous_7)
FN:88,(anonymous_8)
FN:91,(anonymous_9)
FNF:10
FNH:0
FNDA:0,useTheme
FNDA:0,withTheme
FNDA:0,matchMediaDarkColorScheme
FNDA:0,colorSchemeToString
FNDA:0,getTheme
FNDA:0,ThemeProvider
FNDA:0,(anonymous_6)
FNDA:0,(anonymous_7)
FNDA:0,(anonymous_8)
FNDA:0,(anonymous_9)
DA:1,0
DA:2,0
DA:3,0
DA:4,0
DA:6,0
DA:7,0
DA:8,0
DA:34,0
DA:36,0
DA:37,0
DA:40,0
DA:41,0
DA:45,0
DA:48,0
DA:49,0
DA:51,0
DA:54,0
DA:57,0
DA:63,0
DA:65,0
DA:68,0
DA:71,0
DA:76,0
DA:77,0
DA:78,0
DA:81,0
DA:83,0
DA:88,0
DA:89,0
DA:90,0
DA:91,0
DA:92,0
DA:96,0
DA:97,0
DA:98,0
LF:35
LH:0
BRDA:50,0,0,0
BRDA:50,0,1,0
BRDA:50,0,2,0
BRDA:64,1,0,0
BRDA:64,1,1,0
BRDA:64,1,2,0
BRDA:65,2,0,0
BRDA:65,2,1,0
BRF:8
BRH:0
end_of_record
