TN:
SF:/Users/zacharymarion/src/speedscope-fork/sample/programs/javascript/source-maps/alpha.ts
FN:4,alpha
FN:5,(anonymous_1)
FNF:2
FNH:0
FNDA:0,alpha
FNDA:0,(anonymous_1)
DA:1,0
DA:2,0
DA:4,0
DA:5,0
DA:6,0
DA:7,0
DA:8,0
LF:7
LH:0
BRF:0
BRH:0
end_of_record
TN:
SF:/Users/zacharymarion/src/speedscope-fork/sample/programs/javascript/source-maps/beta.ts
FN:3,beta
FNF:1
FNH:0
FNDA:0,beta
DA:1,0
DA:3,0
DA:4,0
DA:5,0
LF:4
LH:0
BRF:0
BRH:0
end_of_record
TN:
SF:/Users/zacharymarion/src/speedscope-fork/sample/programs/javascript/source-maps/delta.ts
FN:3,(anonymous_0)
FNF:1
FNH:0
FNDA:0,(anonymous_0)
DA:1,0
DA:3,0
DA:4,0
DA:5,0
LF:4
LH:0
BRF:0
BRH:0
end_of_record
TN:
SF:/Users/zacharymarion/src/speedscope-fork/sample/programs/javascript/source-maps/gamma.ts
FN:1,(anonymous_0)
FNF:1
FNH:0
FNDA:0,(anonymous_0)
DA:1,0
DA:2,0
DA:3,0
DA:4,0
DA:6,0
LF:5
LH:0
BRF:0
BRH:0
end_of_record
TN:
SF:/Users/zacharymarion/src/speedscope-fork/sample/programs/javascript/source-maps/kludge.ts
FN:4,(anonymous_0)
FN:9,(anonymous_1)
FN:13,(anonymous_2)
FNF:3
FNH:0
FNDA:0,(anonymous_0)
FNDA:0,(anonymous_1)
FNDA:0,(anonymous_2)
DA:1,0
DA:3,0
DA:5,0
DA:6,0
DA:10,0
DA:14,0
DA:15,0
LF:7
LH:0
BRF:0
BRH:0
end_of_record
TN:
SF:/Users/zacharymarion/src/speedscope-fork/sample/programs/javascript/source-maps/typescript-source-map-test.ts
FNF:0
FNH:0
DA:1,0
DA:3,0
DA:4,0
LF:3
LH:0
BRF:0
BRH:0
end_of_record
TN:
SF:/Users/zacharymarion/src/speedscope-fork/src/speedscope.tsx
FN:9,(anonymous_0)
FNF:1
FNH:0
FNDA:0,(anonymous_0)
DA:1,0
DA:2,0
DA:3,0
DA:5,0
DA:8,0
DA:9,0
DA:11,0
DA:13,0
DA:16,0
LF:9
LH:0
BRDA:8,0,0,0
BRDA:8,0,1,0
BRDA:11,1,0,0
BRDA:11,1,1,0
BRDA:21,2,0,0
BRDA:21,2,1,0
BRF:6
BRH:0
end_of_record
TN:
SF:/Users/zacharymarion/src/speedscope-fork/src/app-state/active-profile-state.ts
FN:17,useActiveProfileState
FNF:1
FNH:0
FNDA:0,useActiveProfileState
DA:2,0
DA:3,0
DA:5,0
DA:17,0
DA:18,0
DA:19,0
DA:21,0
DA:22,0
DA:24,0
DA:25,0
DA:26,0
LF:11
LH:0
BRDA:21,0,0,0
BRDA:21,0,1,0
BRDA:22,1,0,0
BRDA:22,1,1,0
BRF:4
BRH:0
end_of_record
TN:
SF:/Users/zacharymarion/src/speedscope-fork/src/app-state/color-scheme.ts
FN:16,getStoredPreference
FN:27,matchMediaDarkColorScheme
FN:31,nextColorScheme
FN:65,(anonymous_3)
FN:66,(anonymous_4)
FN:73,(anonymous_5)
FNF:6
FNH:0
FNDA:0,getStoredPreference
FNDA:0,matchMediaDarkColorScheme
FNDA:0,nextColorScheme
FNDA:0,(anonymous_3)
FNDA:0,(anonymous_4)
FNDA:0,(anonymous_5)
DA:1,0
DA:14,0
DA:17,0
DA:18,0
DA:19,0
DA:20,0
DA:21,0
DA:23,0
DA:28,0
DA:32,0
DA:38,0
DA:39,0
DA:41,0
DA:44,0
DA:47,0
DA:51,0
DA:53,0
DA:56,0
DA:59,0
DA:66,0
DA:67,0
DA:71,0
DA:73,0
DA:74,0
DA:76,0
DA:78,0
DA:79,0
DA:82,0
DA:83,0
DA:86,0
DA:87,0
DA:90,0
DA:91,0
DA:94,0
LF:34
LH:0
BRDA:17,0,0,0
BRDA:17,0,1,0
BRDA:18,1,0,0
BRDA:18,1,1,0
BRDA:20,2,0,0
BRDA:20,2,1,0
BRDA:38,3,0,0
BRDA:38,3,1,0
BRDA:40,4,0,0
BRDA:40,4,1,0
BRDA:40,4,2,0
BRDA:52,5,0,0
BRDA:52,5,1,0
BRDA:52,5,2,0
BRDA:77,6,0,0
BRDA:77,6,1,0
BRDA:77,6,2,0
BRDA:77,6,3,0
BRF:18
BRH:0
end_of_record
TN:
SF:/Users/zacharymarion/src/speedscope-fork/src/app-state/getters.ts
FN:9,(anonymous_0)
FN:10,(anonymous_1)
FN:17,(anonymous_2)
FN:25,(anonymous_3)
FN:33,(anonymous_4)
FN:38,(anonymous_5)
FN:47,(anonymous_6)
FN:52,(anonymous_7)
FN:54,(anonymous_8)
FN:55,key
FN:58,compare
FNF:11
FNH:0
FNDA:0,(anonymous_0)
FNDA:0,(anonymous_1)
FNDA:0,(anonymous_2)
FNDA:0,(anonymous_3)
FNDA:0,(anonymous_4)
FNDA:0,(anonymous_5)
FNDA:0,(anonymous_6)
FNDA:0,(anonymous_7)
FNDA:0,(anonymous_8)
FNDA:0,key
FNDA:0,compare
DA:2,0
DA:3,0
DA:4,0
DA:8,0
DA:10,0
DA:11,0
DA:16,0
DA:24,0
DA:25,0
DA:26,0
DA:27,0
DA:32,0
DA:34,0
DA:38,0
DA:39,0
DA:46,0
DA:48,0
DA:51,0
DA:53,0
DA:54,0
DA:56,0
DA:59,0
DA:61,0
DA:62,0
DA:63,0
DA:64,0
DA:67,0
LF:27
LH:0
BRDA:11,0,0,0
BRDA:11,0,1,0
BRDA:48,1,0,0
BRDA:48,1,1,0
BRDA:56,2,0,0
BRDA:56,2,1,0
BRDA:59,3,0,0
BRDA:59,3,1,0
BRF:8
BRH:0
end_of_record
TN:
SF:/Users/zacharymarion/src/speedscope-fork/src/app-state/index.ts
FN:23,(anonymous_0)
FN:54,(anonymous_1)
FN:60,(anonymous_2)
FNF:3
FNH:0
FNDA:0,(anonymous_0)
FNDA:0,(anonymous_1)
FNDA:0,(anonymous_2)
DA:1,0
DA:3,0
DA:4,0
DA:7,0
DA:14,0
DA:15,0
DA:18,0
DA:21,0
DA:23,0
DA:25,0
DA:29,0
DA:30,0
DA:33,0
DA:37,0
DA:45,0
DA:46,0
DA:47,0
DA:48,0
DA:52,0
DA:54,0
DA:55,0
DA:56,0
DA:57,0
DA:60,0
DA:61,0
DA:62,0
DA:72,0
LF:27
LH:0
BRDA:46,0,0,0
BRDA:46,0,1,0
BRDA:47,1,0,0
BRDA:47,1,1,0
BRDA:54,2,0,0
BRDA:54,2,1,0
BRDA:60,3,0,0
BRDA:60,3,1,0
BRF:8
BRH:0
end_of_record
TN:
SF:/Users/zacharymarion/src/speedscope-fork/src/app-state/profile-group.ts
FN:42,(anonymous_0)
FN:56,(anonymous_1)
FN:70,(anonymous_2)
FN:74,(anonymous_3)
FN:83,(anonymous_4)
FN:115,(anonymous_5)
FN:123,(anonymous_6)
FN:57,(anonymous_7)
FN:65,(anonymous_8)
FN:94,(anonymous_9)
FN:99,(anonymous_10)
FN:106,(anonymous_11)
FN:109,(anonymous_12)
FN:137,(anonymous_13)
FN:143,(anonymous_14)
FN:151,(anonymous_15)
FN:159,(anonymous_16)
FN:173,(anonymous_17)
FN:188,(anonymous_18)
FN:192,(anonymous_19)
FN:198,(anonymous_20)
FN:199,(anonymous_21)
FN:205,(anonymous_22)
FN:206,(anonymous_23)
FN:212,(anonymous_24)
FN:213,(anonymous_25)
FN:219,(anonymous_26)
FNF:27
FNH:0
FNDA:0,(anonymous_0)
FNDA:0,(anonymous_1)
FNDA:0,(anonymous_2)
FNDA:0,(anonymous_3)
FNDA:0,(anonymous_4)
FNDA:0,(anonymous_5)
FNDA:0,(anonymous_6)
FNDA:0,(anonymous_7)
FNDA:0,(anonymous_8)
FNDA:0,(anonymous_9)
FNDA:0,(anonymous_10)
FNDA:0,(anonymous_11)
FNDA:0,(anonymous_12)
FNDA:0,(anonymous_13)
FNDA:0,(anonymous_14)
FNDA:0,(anonymous_15)
FNDA:0,(anonymous_16)
FNDA:0,(anonymous_17)
FNDA:0,(anonymous_18)
FNDA:0,(anonymous_19)
FNDA:0,(anonymous_20)
FNDA:0,(anonymous_21)
FNDA:0,(anonymous_22)
FNDA:0,(anonymous_23)
FNDA:0,(anonymous_24)
FNDA:0,(anonymous_25)
FNDA:0,(anonymous_26)
DA:1,0
DA:2,0
DA:4,0
DA:42,0
DA:43,0
DA:44,0
DA:45,0
DA:46,0
DA:49,0
DA:56,0
DA:58,0
DA:59,0
DA:60,0
DA:62,0
DA:66,0
DA:67,0
DA:70,0
DA:71,0
DA:74,0
DA:83,0
DA:84,0
DA:86,0
DA:88,0
DA:95,0
DA:96,0
DA:97,0
DA:100,0
DA:101,0
DA:109,0
DA:115,0
DA:116,0
DA:118,0
DA:119,0
DA:120,0
DA:123,0
DA:124,0
DA:125,0
DA:127,0
DA:141,0
DA:143,0
DA:147,0
DA:151,0
DA:155,0
DA:159,0
DA:169,0
DA:173,0
DA:183,0
DA:192,0
DA:199,0
DA:206,0
DA:213,0
DA:222,0
DA:223,0
DA:224,0
DA:225,0
LF:55
LH:0
BRDA:42,0,0,0
BRDA:42,0,1,0
BRDA:84,1,0,0
BRDA:84,1,1,0
BRDA:116,2,0,0
BRDA:116,2,1,0
BRDA:119,3,0,0
BRDA:119,3,1,0
BRDA:124,4,0,0
BRDA:124,4,1,0
BRDA:59,5,0,0
BRDA:59,5,1,0
BRDA:59,6,0,0
BRDA:59,6,1,0
BRDA:59,6,2,0
BRDA:66,7,0,0
BRDA:66,7,1,0
BRDA:67,8,0,0
BRDA:67,8,1,0
BRDA:67,9,0,0
BRDA:67,9,1,0
BRDA:67,10,0,0
BRDA:67,10,1,0
BRDA:95,11,0,0
BRDA:95,11,1,0
BRDA:100,12,0,0
BRDA:100,12,1,0
BRDA:142,13,0,0
BRDA:142,13,1,0
BRDA:142,13,2,0
BRDA:142,13,3,0
BRDA:163,14,0,0
BRDA:163,14,1,0
BRDA:177,15,0,0
BRDA:177,15,1,0
BRF:35
BRH:0
end_of_record
TN:
SF:/Users/zacharymarion/src/speedscope-fork/src/gl/canvas-context.ts
FN:20,(anonymous_0)
FN:56,(anonymous_1)
FN:38,(anonymous_2)
FN:45,(anonymous_3)
FN:48,(anonymous_4)
FN:51,(anonymous_5)
FN:67,(anonymous_6)
FN:78,(anonymous_7)
FNF:8
FNH:0
FNDA:0,(anonymous_0)
FNDA:0,(anonymous_1)
FNDA:0,(anonymous_2)
FNDA:0,(anonymous_3)
FNDA:0,(anonymous_4)
FNDA:0,(anonymous_5)
FNDA:0,(anonymous_6)
FNDA:0,(anonymous_7)
DA:1,0
DA:2,0
DA:3,0
DA:4,0
DA:5,0
DA:6,0
DA:7,0
DA:12,0
DA:21,0
DA:22,0
DA:23,0
DA:24,0
DA:25,0
DA:26,0
DA:30,0
DA:32,0
DA:33,0
DA:34,0
DA:38,0
DA:39,0
DA:43,0
DA:44,0
DA:46,0
DA:49,0
DA:52,0
DA:53,0
DA:56,0
DA:57,0
DA:58,0
DA:59,0
DA:60,0
DA:62,0
DA:63,0
DA:68,0
DA:69,0
DA:70,0
DA:72,0
DA:74,0
DA:75,0
DA:79,0
DA:80,0
DA:85,0
LF:42
LH:0
BRDA:33,0,0,0
BRDA:33,0,1,0
BRDA:52,1,0,0
BRDA:52,1,1,0
BRF:4
BRH:0
end_of_record
TN:
SF:/Users/zacharymarion/src/speedscope-fork/src/gl/flamechart-color-pass-renderer.ts
FN:24,(anonymous_0)
FN:105,(anonymous_1)
FN:128,(anonymous_2)
FNF:3
FNH:0
FNDA:0,(anonymous_0)
FNDA:0,(anonymous_1)
FNDA:0,(anonymous_2)
DA:1,0
DA:3,0
DA:4,0
DA:6,0
DA:7,0
DA:8,0
DA:10,0
DA:24,0
DA:101,0
DA:106,0
DA:109,0
DA:115,0
DA:116,0
DA:117,0
DA:118,0
DA:119,0
DA:120,0
DA:123,0
DA:124,0
DA:125,0
DA:129,0
DA:130,0
DA:138,0
DA:139,0
DA:141,0
DA:142,0
DA:144,0
DA:147,0
DA:148,0
DA:150,0
DA:154,0
DA:155,0
DA:156,0
DA:157,0
DA:158,0
DA:160,0
DA:161,0
LF:37
LH:0
BRDA:156,0,0,0
BRDA:156,0,1,0
BRF:2
BRH:0
end_of_record
TN:
SF:/Users/zacharymarion/src/speedscope-fork/src/gl/flamechart-renderer.ts
FN:23,(anonymous_0)
FN:29,(anonymous_1)
FN:32,(anonymous_2)
FN:35,(anonymous_3)
FN:38,(anonymous_4)
FN:41,(anonymous_5)
FN:44,(anonymous_6)
FN:53,(anonymous_7)
FN:75,(anonymous_8)
FN:78,(anonymous_9)
FN:81,(anonymous_10)
FN:85,(anonymous_11)
FN:110,(anonymous_12)
FN:113,(anonymous_13)
FN:118,(anonymous_14)
FN:130,(anonymous_15)
FN:203,(anonymous_16)
FN:220,(anonymous_17)
FN:234,(anonymous_18)
FN:245,(anonymous_19)
FN:256,(anonymous_20)
FN:323,(anonymous_21)
FN:325,(anonymous_22)
FN:339,(anonymous_23)
FN:358,(anonymous_24)
FNF:25
FNH:0
FNDA:0,(anonymous_0)
FNDA:0,(anonymous_1)
FNDA:0,(anonymous_2)
FNDA:0,(anonymous_3)
FNDA:0,(anonymous_4)
FNDA:0,(anonymous_5)
FNDA:0,(anonymous_6)
FNDA:0,(anonymous_7)
FNDA:0,(anonymous_8)
FNDA:0,(anonymous_9)
FNDA:0,(anonymous_10)
FNDA:0,(anonymous_11)
FNDA:0,(anonymous_12)
FNDA:0,(anonymous_13)
FNDA:0,(anonymous_14)
FNDA:0,(anonymous_15)
FNDA:0,(anonymous_16)
FNDA:0,(anonymous_17)
FNDA:0,(anonymous_18)
FNDA:0,(anonymous_19)
FNDA:0,(anonymous_20)
FNDA:0,(anonymous_21)
FNDA:0,(anonymous_22)
FNDA:0,(anonymous_23)
FNDA:0,(anonymous_24)
DA:2,0
DA:3,0
DA:4,0
DA:5,0
DA:7,0
DA:9,0
DA:11,0
DA:21,0
DA:24,0
DA:25,0
DA:26,0
DA:30,0
DA:33,0
DA:36,0
DA:39,0
DA:42,0
DA:45,0
DA:46,0
DA:51,0
DA:53,0
DA:54,0
DA:55,0
DA:57,0
DA:58,0
DA:59,0
DA:60,0
DA:61,0
DA:62,0
DA:63,0
DA:64,0
DA:65,0
DA:66,0
DA:67,0
DA:69,0
DA:76,0
DA:79,0
DA:82,0
DA:86,0
DA:87,0
DA:88,0
DA:105,0
DA:111,0
DA:114,0
DA:115,0
DA:116,0
DA:119,0
DA:127,0
DA:128,0
DA:131,0
DA:132,0
DA:133,0
DA:134,0
DA:135,0
DA:136,0
DA:138,0
DA:139,0
DA:140,0
DA:141,0
DA:143,0
DA:144,0
DA:145,0
DA:147,0
DA:149,0
DA:151,0
DA:152,0
DA:153,0
DA:154,0
DA:161,0
DA:162,0
DA:163,0
DA:165,0
DA:169,0
DA:170,0
DA:177,0
DA:182,0
DA:183,0
DA:186,0
DA:187,0
DA:198,0
DA:202,0
DA:204,0
DA:205,0
DA:206,0
DA:207,0
DA:210,0
DA:216,0
DA:219,0
DA:221,0
DA:222,0
DA:223,0
DA:224,0
DA:225,0
DA:228,0
DA:229,0
DA:231,0
DA:235,0
DA:236,0
DA:238,0
DA:239,0
DA:243,0
DA:246,0
DA:247,0
DA:249,0
DA:251,0
DA:252,0
DA:253,0
DA:257,0
DA:259,0
DA:264,0
DA:265,0
DA:267,0
DA:270,0
DA:271,0
DA:272,0
DA:277,0
DA:278,0
DA:279,0
DA:280,0
DA:282,0
DA:285,0
DA:286,0
DA:288,0
DA:289,0
DA:290,0
DA:293,0
DA:297,0
DA:299,0
DA:300,0
DA:301,0
DA:302,0
DA:307,0
DA:308,0
DA:309,0
DA:318,0
DA:319,0
DA:320,0
DA:323,0
DA:324,0
DA:325,0
DA:326,0
DA:334,0
DA:339,0
DA:340,0
DA:342,0
DA:346,0
DA:349,0
DA:350,0
DA:351,0
DA:355,0
DA:356,0
DA:357,0
DA:358,0
DA:359,0
DA:368,0
DA:373,0
LF:155
LH:0
BRDA:45,0,0,0
BRDA:45,0,1,0
BRDA:54,1,0,0
BRDA:54,1,1,0
BRDA:86,2,0,0
BRDA:86,2,1,0
BRDA:136,3,0,0
BRDA:141,4,0,0
BRDA:141,4,1,0
BRDA:153,5,0,0
BRDA:153,5,1,0
BRDA:186,6,0,0
BRDA:186,6,1,0
BRDA:204,7,0,0
BRDA:204,7,1,0
BRDA:206,8,0,0
BRDA:206,8,1,0
BRDA:206,9,0,0
BRDA:206,9,1,0
BRDA:222,10,0,0
BRDA:222,10,1,0
BRDA:223,11,0,0
BRDA:223,11,1,0
BRDA:228,12,0,0
BRDA:228,12,1,0
BRDA:235,13,0,0
BRDA:235,13,1,0
BRDA:238,14,0,0
BRDA:238,14,1,0
BRDA:252,15,0,0
BRDA:252,15,1,0
BRDA:265,16,0,0
BRDA:265,16,1,0
BRDA:279,17,0,0
BRDA:279,17,1,0
BRDA:301,18,0,0
BRDA:301,18,1,0
BRDA:308,19,0,0
BRDA:308,19,1,0
BRF:39
BRH:0
end_of_record
TN:
SF:/Users/zacharymarion/src/speedscope-fork/src/gl/graphics.ts
FN:32,assert
FN:38,appendOne
FN:42,removeOne
FN:47,TEXTURE_N
FN:52,(anonymous_4)
FN:54,(anonymous_5)
FN:61,(anonymous_6)
FN:68,(anonymous_7)
FN:79,(anonymous_8)
FN:86,(anonymous_9)
FN:99,(anonymous_10)
FN:117,(anonymous_11)
FN:122,(anonymous_12)
FN:160,(anonymous_13)
FN:163,(anonymous_14)
FN:166,(anonymous_15)
FN:169,(anonymous_16)
FN:174,(anonymous_17)
FN:177,(anonymous_18)
FN:207,(anonymous_19)
FN:212,attributeByteLength
FN:217,(anonymous_21)
FN:225,(anonymous_22)
FN:229,(anonymous_23)
FN:232,(anonymous_24)
FN:236,(anonymous_25)
FN:248,(anonymous_26)
FN:251,(anonymous_27)
FN:257,(anonymous_28)
FN:262,(anonymous_29)
FN:268,(anonymous_30)
FN:306,(anonymous_31)
FN:324,(anonymous_32)
FN:327,(anonymous_33)
FN:331,(anonymous_34)
FN:377,(anonymous_35)
FN:351,(anonymous_36)
FN:387,(anonymous_37)
FN:391,(anonymous_38)
FN:394,(anonymous_39)
FN:397,(anonymous_40)
FN:400,(anonymous_41)
FN:404,(anonymous_42)
FN:408,(anonymous_43)
FN:412,(anonymous_44)
FN:414,(anonymous_45)
FN:418,(anonymous_46)
FN:425,(anonymous_47)
FN:431,(anonymous_48)
FN:437,(anonymous_49)
FN:443,(anonymous_50)
FN:469,(anonymous_51)
FN:497,(anonymous_52)
FN:500,(anonymous_53)
FN:512,(anonymous_54)
FN:516,(anonymous_55)
FN:535,(anonymous_56)
FN:540,(anonymous_57)
FN:549,(anonymous_58)
FN:555,(anonymous_59)
FN:568,(anonymous_60)
FN:589,(anonymous_61)
FN:616,(anonymous_62)
FN:646,(anonymous_63)
FN:654,(anonymous_64)
FN:659,(anonymous_65)
FN:673,(anonymous_66)
FN:684,(anonymous_67)
FN:741,(anonymous_68)
FN:744,(anonymous_69)
FN:751,(anonymous_70)
FN:760,(anonymous_71)
FN:763,(anonymous_72)
FN:770,(anonymous_73)
FN:779,(anonymous_74)
FN:783,(anonymous_75)
FN:791,(anonymous_76)
FN:800,(anonymous_77)
FN:805,(anonymous_78)
FN:814,(anonymous_79)
FN:823,(anonymous_80)
FN:829,(anonymous_81)
FN:839,(anonymous_82)
FN:848,(anonymous_83)
FN:851,(anonymous_84)
FN:884,(anonymous_85)
FN:896,(anonymous_86)
FN:900,(anonymous_87)
FN:908,(anonymous_88)
FN:931,(anonymous_89)
FN:942,(anonymous_90)
FN:945,(anonymous_91)
FN:948,(anonymous_92)
FN:951,(anonymous_93)
FN:955,(anonymous_94)
FN:966,(anonymous_95)
FN:977,(anonymous_96)
FN:988,(anonymous_97)
FN:999,(anonymous_98)
FN:1010,(anonymous_99)
FN:1032,(anonymous_100)
FN:1043,(anonymous_101)
FN:1099,(anonymous_102)
FN:1106,(anonymous_103)
FN:1122,(anonymous_104)
FN:1140,(anonymous_105)
FN:1147,(anonymous_106)
FN:1150,(anonymous_107)
FN:1154,(anonymous_108)
FN:1168,(anonymous_109)
FN:1175,(anonymous_110)
FN:1185,(anonymous_111)
FN:1214,(anonymous_112)
FN:1223,(anonymous_113)
FN:1230,(anonymous_114)
FN:1242,(anonymous_115)
FN:1245,(anonymous_116)
FN:1248,(anonymous_117)
FN:1251,(anonymous_118)
FN:1255,(anonymous_119)
FN:1262,(anonymous_120)
FN:1269,(anonymous_121)
FN:1325,(anonymous_122)
FN:1332,(anonymous_123)
FN:1339,(anonymous_124)
FN:1348,(anonymous_125)
FN:1351,(anonymous_126)
FN:1354,(anonymous_127)
FN:1357,(anonymous_128)
FN:1364,(anonymous_129)
FN:1386,(anonymous_130)
FN:1393,(anonymous_131)
FNF:132
FNH:0
FNDA:0,assert
FNDA:0,appendOne
FNDA:0,removeOne
FNDA:0,TEXTURE_N
FNDA:0,(anonymous_4)
FNDA:0,(anonymous_5)
FNDA:0,(anonymous_6)
FNDA:0,(anonymous_7)
FNDA:0,(anonymous_8)
FNDA:0,(anonymous_9)
FNDA:0,(anonymous_10)
FNDA:0,(anonymous_11)
FNDA:0,(anonymous_12)
FNDA:0,(anonymous_13)
FNDA:0,(anonymous_14)
FNDA:0,(anonymous_15)
FNDA:0,(anonymous_16)
FNDA:0,(anonymous_17)
FNDA:0,(anonymous_18)
FNDA:0,(anonymous_19)
FNDA:0,attributeByteLength
FNDA:0,(anonymous_21)
FNDA:0,(anonymous_22)
FNDA:0,(anonymous_23)
FNDA:0,(anonymous_24)
FNDA:0,(anonymous_25)
FNDA:0,(anonymous_26)
FNDA:0,(anonymous_27)
FNDA:0,(anonymous_28)
FNDA:0,(anonymous_29)
FNDA:0,(anonymous_30)
FNDA:0,(anonymous_31)
FNDA:0,(anonymous_32)
FNDA:0,(anonymous_33)
FNDA:0,(anonymous_34)
FNDA:0,(anonymous_35)
FNDA:0,(anonymous_36)
FNDA:0,(anonymous_37)
FNDA:0,(anonymous_38)
FNDA:0,(anonymous_39)
FNDA:0,(anonymous_40)
FNDA:0,(anonymous_41)
FNDA:0,(anonymous_42)
FNDA:0,(anonymous_43)
FNDA:0,(anonymous_44)
FNDA:0,(anonymous_45)
FNDA:0,(anonymous_46)
FNDA:0,(anonymous_47)
FNDA:0,(anonymous_48)
FNDA:0,(anonymous_49)
FNDA:0,(anonymous_50)
FNDA:0,(anonymous_51)
FNDA:0,(anonymous_52)
FNDA:0,(anonymous_53)
FNDA:0,(anonymous_54)
FNDA:0,(anonymous_55)
FNDA:0,(anonymous_56)
FNDA:0,(anonymous_57)
FNDA:0,(anonymous_58)
FNDA:0,(anonymous_59)
FNDA:0,(anonymous_60)
FNDA:0,(anonymous_61)
FNDA:0,(anonymous_62)
FNDA:0,(anonymous_63)
FNDA:0,(anonymous_64)
FNDA:0,(anonymous_65)
FNDA:0,(anonymous_66)
FNDA:0,(anonymous_67)
FNDA:0,(anonymous_68)
FNDA:0,(anonymous_69)
FNDA:0,(anonymous_70)
FNDA:0,(anonymous_71)
FNDA:0,(anonymous_72)
FNDA:0,(anonymous_73)
FNDA:0,(anonymous_74)
FNDA:0,(anonymous_75)
FNDA:0,(anonymous_76)
FNDA:0,(anonymous_77)
FNDA:0,(anonymous_78)
FNDA:0,(anonymous_79)
FNDA:0,(anonymous_80)
FNDA:0,(anonymous_81)
FNDA:0,(anonymous_82)
FNDA:0,(anonymous_83)
FNDA:0,(anonymous_84)
FNDA:0,(anonymous_85)
FNDA:0,(anonymous_86)
FNDA:0,(anonymous_87)
FNDA:0,(anonymous_88)
FNDA:0,(anonymous_89)
FNDA:0,(anonymous_90)
FNDA:0,(anonymous_91)
FNDA:0,(anonymous_92)
FNDA:0,(anonymous_93)
FNDA:0,(anonymous_94)
FNDA:0,(anonymous_95)
FNDA:0,(anonymous_96)
FNDA:0,(anonymous_97)
FNDA:0,(anonymous_98)
FNDA:0,(anonymous_99)
FNDA:0,(anonymous_100)
FNDA:0,(anonymous_101)
FNDA:0,(anonymous_102)
FNDA:0,(anonymous_103)
FNDA:0,(anonymous_104)
FNDA:0,(anonymous_105)
FNDA:0,(anonymous_106)
FNDA:0,(anonymous_107)
FNDA:0,(anonymous_108)
FNDA:0,(anonymous_109)
FNDA:0,(anonymous_110)
FNDA:0,(anonymous_111)
FNDA:0,(anonymous_112)
FNDA:0,(anonymous_113)
FNDA:0,(anonymous_114)
FNDA:0,(anonymous_115)
FNDA:0,(anonymous_116)
FNDA:0,(anonymous_117)
FNDA:0,(anonymous_118)
FNDA:0,(anonymous_119)
FNDA:0,(anonymous_120)
FNDA:0,(anonymous_121)
FNDA:0,(anonymous_122)
FNDA:0,(anonymous_123)
FNDA:0,(anonymous_124)
FNDA:0,(anonymous_125)
FNDA:0,(anonymous_126)
FNDA:0,(anonymous_127)
FNDA:0,(anonymous_128)
FNDA:0,(anonymous_129)
FNDA:0,(anonymous_130)
FNDA:0,(anonymous_131)
DA:30,0
DA:33,0
DA:34,0
DA:39,0
DA:43,0
DA:44,0
DA:48,0
DA:49,0
DA:52,0
DA:53,0
DA:55,0
DA:56,0
DA:57,0
DA:58,0
DA:62,0
DA:63,0
DA:64,0
DA:65,0
DA:69,0
DA:78,0
DA:80,0
DA:81,0
DA:82,0
DA:83,0
DA:87,0
DA:95,0
DA:99,0
DA:100,0
DA:101,0
DA:103,0
DA:104,0
DA:105,0
DA:106,0
DA:108,0
DA:109,0
DA:110,0
DA:111,0
DA:113,0
DA:114,0
DA:117,0
DA:118,0
DA:119,0
DA:122,0
DA:161,0
DA:164,0
DA:167,0
DA:170,0
DA:173,0
DA:175,0
DA:178,0
DA:207,0
DA:208,0
DA:209,0
DA:212,0
DA:213,0
DA:216,0
DA:218,0
DA:219,0
DA:220,0
DA:221,0
DA:225,0
DA:226,0
DA:227,0
DA:230,0
DA:233,0
DA:237,0
DA:238,0
DA:239,0
DA:243,0
DA:249,0
DA:252,0
DA:257,0
DA:258,0
DA:259,0
DA:262,0
DA:263,0
DA:264,0
DA:267,0
DA:269,0
DA:270,0
DA:271,0
DA:274,0
DA:275,0
DA:280,0
DA:306,0
DA:307,0
DA:308,0
DA:310,0
DA:311,0
DA:312,0
DA:313,0
DA:314,0
DA:315,0
DA:316,0
DA:318,0
DA:319,0
DA:320,0
DA:321,0
DA:322,0
DA:325,0
DA:328,0
DA:332,0
DA:333,0
DA:341,0
DA:342,0
DA:345,0
DA:346,0
DA:347,0
DA:348,0
DA:349,0
DA:351,0
DA:352,0
DA:355,0
DA:358,0
DA:377,0
DA:378,0
DA:379,0
DA:380,0
DA:381,0
DA:382,0
DA:383,0
DA:388,0
DA:392,0
DA:395,0
DA:398,0
DA:401,0
DA:405,0
DA:409,0
DA:415,0
DA:419,0
DA:426,0
DA:432,0
DA:438,0
DA:449,0
DA:450,0
DA:453,0
DA:454,0
DA:457,0
DA:459,0
DA:466,0
DA:475,0
DA:476,0
DA:478,0
DA:485,0
DA:488,0
DA:489,0
DA:490,0
DA:491,0
DA:492,0
DA:493,0
DA:494,0
DA:495,0
DA:497,0
DA:501,0
DA:502,0
DA:504,0
DA:505,0
DA:506,0
DA:509,0
DA:513,0
DA:521,0
DA:530,0
DA:532,0
DA:536,0
DA:537,0
DA:546,0
DA:550,0
DA:553,0
DA:554,0
DA:556,0
DA:557,0
DA:559,0
DA:560,0
DA:561,0
DA:562,0
DA:565,0
DA:569,0
DA:570,0
DA:571,0
DA:573,0
DA:574,0
DA:575,0
DA:578,0
DA:579,0
DA:585,0
DA:590,0
DA:591,0
DA:592,0
DA:593,0
DA:594,0
DA:595,0
DA:597,0
DA:598,0
DA:601,0
DA:602,0
DA:604,0
DA:605,0
DA:609,0
DA:612,0
DA:618,0
DA:619,0
DA:620,0
DA:621,0
DA:622,0
DA:623,0
DA:624,0
DA:635,0
DA:636,0
DA:637,0
DA:639,0
DA:640,0
DA:641,0
DA:643,0
DA:647,0
DA:648,0
DA:649,0
DA:650,0
DA:651,0
DA:655,0
DA:656,0
DA:663,0
DA:666,0
DA:674,0
DA:675,0
DA:676,0
DA:677,0
DA:678,0
DA:685,0
DA:686,0
DA:687,0
DA:688,0
DA:691,0
DA:692,0
DA:693,0
DA:694,0
DA:695,0
DA:696,0
DA:697,0
DA:698,0
DA:700,0
DA:701,0
DA:704,0
DA:705,0
DA:708,0
DA:709,0
DA:712,0
DA:713,0
DA:716,0
DA:717,0
DA:720,0
DA:721,0
DA:724,0
DA:725,0
DA:728,0
DA:734,0
DA:735,0
DA:737,0
DA:742,0
DA:745,0
DA:746,0
DA:747,0
DA:752,0
DA:753,0
DA:754,0
DA:755,0
DA:761,0
DA:764,0
DA:765,0
DA:766,0
DA:771,0
DA:772,0
DA:773,0
DA:774,0
DA:780,0
DA:781,0
DA:784,0
DA:785,0
DA:786,0
DA:787,0
DA:792,0
DA:793,0
DA:794,0
DA:795,0
DA:801,0
DA:802,0
DA:803,0
DA:806,0
DA:807,0
DA:808,0
DA:809,0
DA:810,0
DA:815,0
DA:816,0
DA:817,0
DA:818,0
DA:824,0
DA:825,0
DA:826,0
DA:827,0
DA:830,0
DA:831,0
DA:832,0
DA:833,0
DA:834,0
DA:835,0
DA:840,0
DA:841,0
DA:842,0
DA:843,0
DA:849,0
DA:863,0
DA:864,0
DA:865,0
DA:866,0
DA:867,0
DA:868,0
DA:869,0
DA:870,0
DA:871,0
DA:873,0
DA:874,0
DA:875,0
DA:876,0
DA:877,0
DA:878,0
DA:879,0
DA:885,0
DA:886,0
DA:887,0
DA:888,0
DA:893,0
DA:897,0
DA:898,0
DA:901,0
DA:902,0
DA:903,0
DA:904,0
DA:909,0
DA:910,0
DA:911,0
DA:916,0
DA:917,0
DA:918,0
DA:920,0
DA:921,0
DA:932,0
DA:933,0
DA:934,0
DA:935,0
DA:936,0
DA:937,0
DA:938,0
DA:939,0
DA:943,0
DA:946,0
DA:949,0
DA:952,0
DA:956,0
DA:957,0
DA:958,0
DA:959,0
DA:960,0
DA:962,0
DA:963,0
DA:967,0
DA:968,0
DA:969,0
DA:970,0
DA:971,0
DA:973,0
DA:974,0
DA:978,0
DA:979,0
DA:980,0
DA:981,0
DA:982,0
DA:984,0
DA:985,0
DA:989,0
DA:990,0
DA:991,0
DA:992,0
DA:993,0
DA:995,0
DA:996,0
DA:1000,0
DA:1001,0
DA:1002,0
DA:1003,0
DA:1004,0
DA:1006,0
DA:1007,0
DA:1022,0
DA:1023,0
DA:1024,0
DA:1025,0
DA:1026,0
DA:1028,0
DA:1029,0
DA:1033,0
DA:1034,0
DA:1035,0
DA:1036,0
DA:1037,0
DA:1039,0
DA:1040,0
DA:1044,0
DA:1045,0
DA:1046,0
DA:1047,0
DA:1048,0
DA:1049,0
DA:1050,0
DA:1051,0
DA:1053,0
DA:1054,0
DA:1055,0
DA:1057,0
DA:1060,0
DA:1061,0
DA:1062,0
DA:1063,0
DA:1067,0
DA:1068,0
DA:1069,0
DA:1070,0
DA:1072,0
DA:1073,0
DA:1076,0
DA:1077,0
DA:1080,0
DA:1081,0
DA:1084,0
DA:1085,0
DA:1088,0
DA:1096,0
DA:1100,0
DA:1101,0
DA:1102,0
DA:1107,0
DA:1108,0
DA:1109,0
DA:1111,0
DA:1112,0
DA:1113,0
DA:1114,0
DA:1116,0
DA:1117,0
DA:1119,0
DA:1123,0
DA:1124,0
DA:1130,0
DA:1131,0
DA:1132,0
DA:1133,0
DA:1134,0
DA:1135,0
DA:1136,0
DA:1137,0
DA:1138,0
DA:1141,0
DA:1142,0
DA:1143,0
DA:1144,0
DA:1148,0
DA:1151,0
DA:1155,0
DA:1156,0
DA:1157,0
DA:1159,0
DA:1160,0
DA:1161,0
DA:1169,0
DA:1170,0
DA:1171,0
DA:1172,0
DA:1176,0
DA:1177,0
DA:1182,0
DA:1186,0
DA:1188,0
DA:1189,0
DA:1190,0
DA:1191,0
DA:1194,0
DA:1196,0
DA:1197,0
DA:1198,0
DA:1199,0
DA:1200,0
DA:1203,0
DA:1204,0
DA:1209,0
DA:1210,0
DA:1215,0
DA:1216,0
DA:1217,0
DA:1218,0
DA:1221,0
DA:1224,0
DA:1225,0
DA:1231,0
DA:1232,0
DA:1233,0
DA:1234,0
DA:1235,0
DA:1236,0
DA:1237,0
DA:1238,0
DA:1239,0
DA:1243,0
DA:1246,0
DA:1249,0
DA:1252,0
DA:1256,0
DA:1257,0
DA:1258,0
DA:1259,0
DA:1263,0
DA:1264,0
DA:1265,0
DA:1270,0
DA:1273,0
DA:1274,0
DA:1275,0
DA:1276,0
DA:1277,0
DA:1281,0
DA:1282,0
DA:1283,0
DA:1288,0
DA:1293,0
DA:1298,0
DA:1303,0
DA:1306,0
DA:1307,0
DA:1308,0
DA:1319,0
DA:1322,0
DA:1326,0
DA:1327,0
DA:1328,0
DA:1333,0
DA:1334,0
DA:1340,0
DA:1341,0
DA:1342,0
DA:1343,0
DA:1344,0
DA:1345,0
DA:1349,0
DA:1352,0
DA:1355,0
DA:1358,0
DA:1359,0
DA:1360,0
DA:1365,0
DA:1366,0
DA:1369,0
DA:1370,0
DA:1371,0
DA:1372,0
DA:1376,0
DA:1377,0
DA:1378,0
DA:1379,0
DA:1380,0
DA:1383,0
DA:1387,0
DA:1388,0
DA:1389,0
DA:1394,0
DA:1395,0
LF:573
LH:0
BRDA:30,0,0,0
BRDA:30,0,1,0
BRDA:30,0,2,0
BRDA:33,1,0,0
BRDA:33,1,1,0
BRDA:34,2,0,0
BRDA:34,2,1,0
BRDA:39,3,0,0
BRDA:39,3,1,0
BRDA:44,4,0,0
BRDA:44,4,1,0
BRDA:48,5,0,0
BRDA:48,5,1,0
BRDA:55,6,0,0
BRDA:56,7,0,0
BRDA:57,8,0,0
BRDA:58,9,0,0
BRDA:70,10,0,0
BRDA:70,10,1,0
BRDA:70,10,2,0
BRDA:70,10,3,0
BRDA:88,11,0,0
BRDA:88,11,1,0
BRDA:88,11,2,0
BRDA:88,11,3,0
BRDA:99,12,0,0
BRDA:99,12,1,0
BRDA:117,13,0,0
BRDA:117,13,1,0
BRDA:207,14,0,0
BRDA:207,14,1,0
BRDA:213,15,0,0
BRDA:213,15,1,0
BRDA:257,16,0,0
BRDA:257,16,1,0
BRDA:262,17,0,0
BRDA:262,17,1,0
BRDA:52,18,0,0
BRDA:52,18,1,0
BRDA:331,19,0,0
BRDA:341,20,0,0
BRDA:341,20,1,0
BRDA:420,21,0,0
BRDA:420,21,1,0
BRDA:427,22,0,0
BRDA:427,22,1,0
BRDA:433,23,0,0
BRDA:433,23,1,0
BRDA:439,24,0,0
BRDA:439,24,1,0
BRDA:460,25,0,0
BRDA:460,25,1,0
BRDA:478,26,0,0
BRDA:478,26,1,0
BRDA:479,27,0,0
BRDA:479,27,1,0
BRDA:479,27,2,0
BRDA:479,27,3,0
BRDA:504,28,0,0
BRDA:504,28,1,0
BRDA:536,29,0,0
BRDA:536,29,1,0
BRDA:556,30,0,0
BRDA:556,30,1,0
BRDA:559,31,0,0
BRDA:559,31,1,0
BRDA:561,32,0,0
BRDA:561,32,1,0
BRDA:570,33,0,0
BRDA:570,33,1,0
BRDA:573,34,0,0
BRDA:573,34,1,0
BRDA:573,35,0,0
BRDA:573,35,1,0
BRDA:574,36,0,0
BRDA:574,36,1,0
BRDA:578,37,0,0
BRDA:578,37,1,0
BRDA:578,38,0,0
BRDA:578,38,1,0
BRDA:590,39,0,0
BRDA:590,39,1,0
BRDA:590,40,0,0
BRDA:590,40,1,0
BRDA:601,41,0,0
BRDA:601,41,1,0
BRDA:604,42,0,0
BRDA:604,42,1,0
BRDA:604,43,0,0
BRDA:604,43,1,0
BRDA:627,44,0,0
BRDA:627,44,1,0
BRDA:648,45,0,0
BRDA:648,45,1,0
BRDA:649,46,0,0
BRDA:649,46,1,0
BRDA:655,47,0,0
BRDA:655,47,1,0
BRDA:676,48,0,0
BRDA:677,49,0,0
BRDA:678,50,0,0
BRDA:686,51,0,0
BRDA:686,51,1,0
BRDA:691,52,0,0
BRDA:691,52,1,0
BRDA:696,53,0,0
BRDA:696,53,1,0
BRDA:696,54,0,0
BRDA:696,54,1,0
BRDA:699,55,0,0
BRDA:699,55,1,0
BRDA:699,55,2,0
BRDA:699,55,3,0
BRDA:699,55,4,0
BRDA:699,55,5,0
BRDA:699,55,6,0
BRDA:699,55,7,0
BRDA:734,56,0,0
BRDA:734,56,1,0
BRDA:745,57,0,0
BRDA:745,57,1,0
BRDA:753,58,0,0
BRDA:753,58,1,0
BRDA:753,59,0,0
BRDA:753,59,1,0
BRDA:764,60,0,0
BRDA:764,60,1,0
BRDA:772,61,0,0
BRDA:772,61,1,0
BRDA:772,62,0,0
BRDA:772,62,1,0
BRDA:784,63,0,0
BRDA:784,63,1,0
BRDA:784,64,0,0
BRDA:784,64,1,0
BRDA:793,65,0,0
BRDA:793,65,1,0
BRDA:793,66,0,0
BRDA:793,66,1,0
BRDA:806,67,0,0
BRDA:806,67,1,0
BRDA:806,68,0,0
BRDA:806,68,1,0
BRDA:806,68,2,0
BRDA:816,69,0,0
BRDA:816,69,1,0
BRDA:816,70,0,0
BRDA:816,70,1,0
BRDA:830,71,0,0
BRDA:830,71,1,0
BRDA:830,72,0,0
BRDA:830,72,1,0
BRDA:830,72,2,0
BRDA:830,72,3,0
BRDA:841,73,0,0
BRDA:841,73,1,0
BRDA:841,74,0,0
BRDA:841,74,1,0
BRDA:874,75,0,0
BRDA:874,75,1,0
BRDA:886,76,0,0
BRDA:886,76,1,0
BRDA:886,77,0,0
BRDA:886,77,1,0
BRDA:901,78,0,0
BRDA:901,78,1,0
BRDA:901,79,0,0
BRDA:901,79,1,0
BRDA:912,80,0,0
BRDA:912,80,1,0
BRDA:912,80,2,0
BRDA:916,81,0,0
BRDA:916,81,1,0
BRDA:916,82,0,0
BRDA:916,82,1,0
BRDA:924,83,0,0
BRDA:924,83,1,0
BRDA:923,84,0,0
BRDA:923,84,1,0
BRDA:923,84,2,0
BRDA:936,85,0,0
BRDA:937,86,0,0
BRDA:938,87,0,0
BRDA:939,88,0,0
BRDA:956,89,0,0
BRDA:956,89,1,0
BRDA:957,90,0,0
BRDA:957,90,1,0
BRDA:967,91,0,0
BRDA:967,91,1,0
BRDA:968,92,0,0
BRDA:968,92,1,0
BRDA:978,93,0,0
BRDA:978,93,1,0
BRDA:979,94,0,0
BRDA:979,94,1,0
BRDA:989,95,0,0
BRDA:989,95,1,0
BRDA:990,96,0,0
BRDA:990,96,1,0
BRDA:1000,97,0,0
BRDA:1000,97,1,0
BRDA:1001,98,0,0
BRDA:1001,98,1,0
BRDA:1022,99,0,0
BRDA:1022,99,1,0
BRDA:1023,100,0,0
BRDA:1023,100,1,0
BRDA:1033,101,0,0
BRDA:1033,101,1,0
BRDA:1034,102,0,0
BRDA:1034,102,1,0
BRDA:1045,103,0,0
BRDA:1045,103,1,0
BRDA:1054,104,0,0
BRDA:1054,104,1,0
BRDA:1060,105,0,0
BRDA:1060,105,1,0
BRDA:1068,106,0,0
BRDA:1068,106,1,0
BRDA:1068,107,0,0
BRDA:1068,107,1,0
BRDA:1071,108,0,0
BRDA:1071,108,1,0
BRDA:1071,108,2,0
BRDA:1071,108,3,0
BRDA:1071,108,4,0
BRDA:1108,109,0,0
BRDA:1108,109,1,0
BRDA:1113,110,0,0
BRDA:1113,110,1,0
BRDA:1116,111,0,0
BRDA:1116,111,1,0
BRDA:1123,112,0,0
BRDA:1123,112,1,0
BRDA:1156,113,0,0
BRDA:1156,113,1,0
BRDA:1157,114,0,0
BRDA:1157,114,1,0
BRDA:1159,115,0,0
BRDA:1159,115,1,0
BRDA:1159,116,0,0
BRDA:1159,116,1,0
BRDA:1159,116,2,0
BRDA:1168,117,0,0
BRDA:1169,118,0,0
BRDA:1169,118,1,0
BRDA:1176,119,0,0
BRDA:1176,119,1,0
BRDA:1188,120,0,0
BRDA:1188,120,1,0
BRDA:1196,121,0,0
BRDA:1196,121,1,0
BRDA:1203,122,0,0
BRDA:1203,122,1,0
BRDA:1224,123,0,0
BRDA:1224,123,1,0
BRDA:1235,124,0,0
BRDA:1236,125,0,0
BRDA:1237,126,0,0
BRDA:1238,127,0,0
BRDA:1239,128,0,0
BRDA:1255,129,0,0
BRDA:1263,130,0,0
BRDA:1263,130,1,0
BRDA:1273,131,0,0
BRDA:1273,131,1,0
BRDA:1281,132,0,0
BRDA:1281,132,1,0
BRDA:1286,133,0,0
BRDA:1286,133,1,0
BRDA:1291,134,0,0
BRDA:1291,134,1,0
BRDA:1296,135,0,0
BRDA:1296,135,1,0
BRDA:1301,136,0,0
BRDA:1301,136,1,0
BRDA:1306,137,0,0
BRDA:1306,137,1,0
BRDA:1326,138,0,0
BRDA:1326,138,1,0
BRDA:1333,139,0,0
BRDA:1333,139,1,0
BRDA:1342,140,0,0
BRDA:1343,141,0,0
BRDA:1344,142,0,0
BRDA:1345,143,0,0
BRDA:1358,144,0,0
BRDA:1358,144,1,0
BRDA:1369,145,0,0
BRDA:1369,145,1,0
BRDA:1376,146,0,0
BRDA:1376,146,1,0
BRDA:1387,147,0,0
BRDA:1387,147,1,0
BRDA:1394,148,0,0
BRDA:1394,148,1,0
BRDA:306,149,0,0
BRDA:306,149,1,0
BRF:299
BRH:0
end_of_record
TN:
SF:/Users/zacharymarion/src/speedscope-fork/src/gl/overlay-rectangle-renderer.ts
FN:23,(anonymous_0)
FN:73,(anonymous_1)
FN:93,(anonymous_2)
FNF:3
FNH:0
FNDA:0,(anonymous_0)
FNDA:0,(anonymous_1)
FNDA:0,(anonymous_2)
DA:1,0
DA:4,0
DA:5,0
DA:12,0
DA:13,0
DA:15,0
DA:23,0
DA:24,0
DA:25,0
DA:26,0
DA:69,0
DA:74,0
DA:77,0
DA:83,0
DA:84,0
DA:85,0
DA:86,0
DA:88,0
DA:89,0
DA:90,0
DA:94,0
DA:101,0
DA:102,0
DA:105,0
DA:106,0
DA:107,0
DA:109,0
DA:111,0
DA:115,0
LF:29
LH:0
BRF:0
BRH:0
end_of_record
TN:
SF:/Users/zacharymarion/src/speedscope-fork/src/gl/rectangle-batch-renderer.ts
FN:36,(anonymous_0)
FN:38,(anonymous_1)
FN:43,(anonymous_2)
FN:89,(anonymous_3)
FN:99,(anonymous_4)
FN:115,(anonymous_5)
FN:119,(anonymous_6)
FN:123,(anonymous_7)
FNF:8
FNH:0
FNDA:0,(anonymous_0)
FNDA:0,(anonymous_1)
FNDA:0,(anonymous_2)
FNDA:0,(anonymous_3)
FNDA:0,(anonymous_4)
FNDA:0,(anonymous_5)
FNDA:0,(anonymous_6)
FNDA:0,(anonymous_7)
DA:1,0
DA:3,0
DA:4,0
DA:6,0
DA:7,0
DA:8,0
DA:10,0
DA:24,0
DA:33,0
DA:34,0
DA:35,0
DA:36,0
DA:39,0
DA:42,0
DA:44,0
DA:45,0
DA:48,0
DA:57,0
DA:58,0
DA:59,0
DA:61,0
DA:62,0
DA:63,0
DA:70,0
DA:71,0
DA:72,0
DA:74,0
DA:75,0
DA:76,0
DA:80,0
DA:81,0
DA:84,0
DA:85,0
DA:86,0
DA:90,0
DA:91,0
DA:93,0
DA:94,0
DA:95,0
DA:100,0
DA:101,0
DA:102,0
DA:113,0
DA:115,0
DA:116,0
DA:120,0
DA:124,0
DA:129,0
DA:131,0
DA:135,0
DA:139,0
DA:140,0
LF:52
LH:0
BRDA:44,0,0,0
BRDA:44,0,1,0
BRDA:80,1,0,0
BRDA:80,1,1,0
BRDA:93,2,0,0
BRDA:93,2,1,0
BRDA:100,3,0,0
BRDA:100,3,1,0
BRF:8
BRH:0
end_of_record
TN:
SF:/Users/zacharymarion/src/speedscope-fork/src/gl/row-atlas.ts
FN:15,(anonymous_0)
FN:29,(anonymous_1)
FN:34,(anonymous_2)
FN:37,(anonymous_3)
FN:40,(anonymous_4)
FN:44,(anonymous_5)
FN:58,(anonymous_6)
FN:59,(anonymous_7)
FN:80,(anonymous_8)
FNF:9
FNH:0
FNDA:0,(anonymous_0)
FNDA:0,(anonymous_1)
FNDA:0,(anonymous_2)
FNDA:0,(anonymous_3)
FNDA:0,(anonymous_4)
FNDA:0,(anonymous_5)
FNDA:0,(anonymous_6)
FNDA:0,(anonymous_7)
FNDA:0,(anonymous_8)
DA:1,0
DA:2,0
DA:3,0
DA:4,0
DA:5,0
DA:7,0
DA:9,0
DA:16,0
DA:17,0
DA:18,0
DA:20,0
DA:21,0
DA:22,0
DA:23,0
DA:24,0
DA:29,0
DA:30,0
DA:35,0
DA:38,0
DA:41,0
DA:45,0
DA:47,0
DA:48,0
DA:49,0
DA:52,0
DA:53,0
DA:54,0
DA:59,0
DA:60,0
DA:61,0
DA:62,0
DA:64,0
DA:67,0
DA:69,0
DA:70,0
DA:75,0
DA:81,0
DA:82,0
DA:83,0
DA:86,0
DA:90,0
DA:95,0
LF:42
LH:0
BRDA:45,0,0,0
BRDA:45,0,1,0
BRDA:62,1,0,0
BRDA:62,1,1,0
BRDA:82,2,0,0
BRDA:82,2,1,0
BRF:6
BRH:0
end_of_record
TN:
SF:/Users/zacharymarion/src/speedscope-fork/src/gl/texture-renderer.ts
FN:46,(anonymous_0)
FN:70,(anonymous_1)
FN:75,(anonymous_2)
FN:92,(anonymous_3)
FNF:4
FNH:0
FNDA:0,(anonymous_0)
FNDA:0,(anonymous_1)
FNDA:0,(anonymous_2)
FNDA:0,(anonymous_3)
DA:1,0
DA:2,0
DA:3,0
DA:11,0
DA:25,0
DA:42,0
DA:46,0
DA:47,0
DA:48,0
DA:49,0
DA:51,0
DA:57,0
DA:58,0
DA:59,0
DA:60,0
DA:61,0
DA:62,0
DA:65,0
DA:66,0
DA:67,0
DA:71,0
DA:72,0
DA:76,0
DA:77,0
DA:85,0
DA:86,0
DA:89,0
DA:93,0
DA:95,0
DA:96,0
DA:98,0
DA:101,0
DA:102,0
DA:106,0
DA:107,0
LF:35
LH:0
BRF:0
BRH:0
end_of_record
TN:
SF:/Users/zacharymarion/src/speedscope-fork/src/gl/utils.ts
FN:4,setUniformAffineTransform
FN:12,setUniformVec2
FN:16,renderInto
FNF:3
FNH:0
FNDA:0,setUniformAffineTransform
FNDA:0,setUniformVec2
FNDA:0,renderInto
DA:4,0
DA:9,0
DA:10,0
DA:12,0
DA:13,0
DA:16,0
DA:17,0
DA:18,0
DA:19,0
DA:20,0
LF:10
LH:0
BRF:0
BRH:0
end_of_record
TN:
SF:/Users/zacharymarion/src/speedscope-fork/src/import/bg-flamegraph.ts
FN:11,parseBGFoldedStacks
FN:20,(anonymous_1)
FN:28,importFromBGFlameGraph
FN:30,(anonymous_3)
FNF:4
FNH:4
FNDA:13,parseBGFoldedStacks
FNDA:140,(anonymous_1)
FNDA:13,importFromBGFlameGraph
FNDA:50,(anonymous_3)
DA:3,17
DA:12,13
DA:13,13
DA:14,63
DA:15,63
DA:16,50
DA:17,50
DA:19,50
DA:20,140
DA:25,13
DA:28,17
DA:29,13
DA:30,50
DA:31,13
DA:32,13
DA:33,3
DA:35,10
DA:36,50
DA:38,10
LF:19
LH:19
BRDA:15,0,0,13
BRDA:15,0,1,50
BRDA:32,1,0,3
BRDA:32,1,1,10
BRF:4
BRH:4
end_of_record
TN:
SF:/Users/zacharymarion/src/speedscope-fork/src/import/callgrind.ts
FN:98,(anonymous_0)
FN:103,(anonymous_1)
FN:107,(anonymous_2)
FN:115,(anonymous_3)
FN:119,(anonymous_4)
FN:123,(anonymous_5)
FN:134,(anonymous_6)
FN:161,(anonymous_7)
FN:216,(anonymous_8)
FN:351,(anonymous_9)
FN:359,(anonymous_10)
FN:394,(anonymous_11)
FN:398,(anonymous_12)
FN:405,(anonymous_13)
FN:412,(anonymous_14)
FN:430,(anonymous_15)
FN:437,(anonymous_16)
FN:514,(anonymous_17)
FN:550,(anonymous_18)
FN:632,importFromCallgrind
FNF:20
FNH:19
FNDA:12,(anonymous_0)
FNDA:114,(anonymous_1)
FNDA:76,(anonymous_2)
FNDA:38,(anonymous_3)
FNDA:38,(anonymous_4)
FNDA:24,(anonymous_5)
FNDA:12,(anonymous_6)
FNDA:50,(anonymous_7)
FNDA:0,(anonymous_8)
FNDA:10,(anonymous_9)
FNDA:10,(anonymous_10)
FNDA:12,(anonymous_11)
FNDA:76,(anonymous_12)
FNDA:38,(anonymous_13)
FNDA:188,(anonymous_14)
FNDA:12,(anonymous_15)
FNDA:168,(anonymous_16)
FNDA:104,(anonymous_17)
FNDA:64,(anonymous_18)
FNDA:10,importFromCallgrind
DA:88,17
DA:89,17
DA:90,17
DA:94,12
DA:95,12
DA:96,12
DA:99,12
DA:100,12
DA:104,114
DA:108,76
DA:109,38
DA:111,38
DA:116,38
DA:120,38
DA:121,38
DA:123,38
DA:125,38
DA:126,38
DA:128,0
DA:131,38
DA:135,12
DA:137,12
DA:141,12
DA:142,2
DA:143,2
DA:144,2
DA:145,10
DA:146,2
DA:147,2
DA:149,8
DA:152,12
DA:154,12
DA:156,12
DA:157,12
DA:158,38
DA:161,12
DA:162,50
DA:168,0
DA:189,50
DA:213,0
DA:216,50
DA:217,50
DA:218,0
DA:221,50
DA:223,50
DA:225,50
DA:226,50
DA:230,38
DA:232,38
DA:233,38
DA:243,38
DA:244,38
DA:246,50
DA:248,50
DA:249,50
DA:308,12
DA:310,12
DA:311,24
DA:312,38
DA:316,12
DA:317,12
DA:320,12
DA:340,10
DA:341,10
DA:343,10
DA:344,10
DA:345,10
DA:346,10
DA:348,10
DA:349,10
DA:353,10
DA:355,10
DA:356,10
DA:360,10
DA:361,230
DA:363,230
DA:365,8
DA:368,222
DA:370,34
DA:373,188
DA:374,20
DA:377,168
DA:378,136
DA:381,32
DA:382,32
DA:385,0
DA:388,10
DA:389,0
DA:391,10
DA:394,12
DA:399,76
DA:400,76
DA:401,76
DA:402,76
DA:406,38
DA:407,38
DA:408,38
DA:409,38
DA:413,188
DA:414,188
DA:416,20
DA:418,10
DA:422,10
DA:424,10
DA:425,0
DA:430,10
DA:431,12
DA:434,10
DA:438,168
DA:439,168
DA:441,136
DA:442,136
DA:444,136
DA:454,0
DA:455,0
DA:459,20
DA:460,20
DA:464,32
DA:465,32
DA:472,20
DA:473,20
DA:477,32
DA:478,32
DA:486,32
DA:494,32
DA:495,32
DA:496,32
DA:503,0
DA:507,0
DA:511,136
DA:516,104
DA:518,104
DA:519,20
DA:520,20
DA:521,20
DA:522,0
DA:527,20
DA:528,20
DA:533,84
DA:534,84
DA:535,20
DA:536,20
DA:537,0
DA:541,20
DA:545,64
DA:548,10
DA:553,64
DA:554,64
DA:556,64
DA:557,140
DA:559,140
DA:560,0
DA:563,140
DA:566,12
DA:567,0
DA:573,12
DA:574,12
DA:575,8
DA:578,4
DA:579,4
DA:580,0
DA:585,4
DA:588,128
DA:589,128
DA:590,0
DA:592,128
DA:596,64
DA:597,0
DA:601,64
DA:610,64
DA:611,0
DA:615,64
DA:616,76
DA:617,38
DA:618,38
DA:619,38
DA:627,64
DA:628,64
DA:632,17
DA:636,10
LF:180
LH:161
BRDA:108,0,0,38
BRDA:108,0,1,38
BRDA:125,1,0,38
BRDA:125,1,1,0
BRDA:141,2,0,2
BRDA:141,2,1,10
BRDA:145,3,0,2
BRDA:145,3,1,8
BRDA:162,4,0,0
BRDA:162,4,1,50
BRDA:189,5,0,0
BRDA:189,5,1,50
BRDA:217,6,0,0
BRDA:217,6,1,50
BRDA:226,7,0,50
BRDA:226,7,1,26
BRDA:363,8,0,8
BRDA:363,8,1,222
BRDA:368,9,0,34
BRDA:368,9,1,188
BRDA:373,10,0,20
BRDA:373,10,1,168
BRDA:377,11,0,136
BRDA:377,11,1,32
BRDA:381,12,0,32
BRDA:381,12,1,0
BRDA:388,13,0,0
BRDA:388,13,1,10
BRDA:399,14,0,76
BRDA:399,14,1,0
BRDA:400,15,0,76
BRDA:400,15,1,0
BRDA:406,16,0,38
BRDA:406,16,1,16
BRDA:406,16,2,0
BRDA:407,17,0,38
BRDA:407,17,1,0
BRDA:414,18,0,168
BRDA:414,18,1,20
BRDA:416,19,0,10
BRDA:416,19,1,10
BRDA:424,20,0,0
BRDA:424,20,1,10
BRDA:439,21,0,32
BRDA:439,21,1,136
BRDA:445,22,0,0
BRDA:445,22,1,0
BRDA:445,22,2,20
BRDA:445,22,3,32
BRDA:445,22,4,16
BRDA:445,22,5,20
BRDA:445,22,6,32
BRDA:445,22,7,32
BRDA:445,22,8,0
BRDA:445,22,9,0
BRDA:445,22,10,0
BRDA:518,23,0,20
BRDA:518,23,1,84
BRDA:521,24,0,0
BRDA:521,24,1,20
BRDA:534,25,0,20
BRDA:534,25,1,64
BRDA:536,26,0,0
BRDA:536,26,1,20
BRDA:559,27,0,0
BRDA:559,27,1,140
BRDA:563,28,0,12
BRDA:563,28,1,128
BRDA:563,29,0,140
BRDA:563,29,1,132
BRDA:563,29,2,128
BRDA:566,30,0,0
BRDA:566,30,1,12
BRDA:574,31,0,8
BRDA:574,31,1,4
BRDA:579,32,0,0
BRDA:579,32,1,4
BRDA:589,33,0,0
BRDA:589,33,1,128
BRDA:596,34,0,0
BRDA:596,34,1,64
BRDA:610,35,0,0
BRDA:610,35,1,64
BRDA:616,36,0,38
BRDA:616,36,1,38
BRDA:618,37,0,38
BRDA:618,37,1,0
BRDA:622,38,0,38
BRDA:622,38,1,0
BRF:89
BRH:63
end_of_record
TN:
SF:/Users/zacharymarion/src/speedscope-fork/src/import/chrome.ts
FN:52,isChromeTimeline
FN:59,(anonymous_1)
FN:66,isChromeTimelineObject
FN:74,importFromChromeTimeline
FN:88,(anonymous_4)
FN:150,(anonymous_5)
FN:177,frameInfoForCallFrame
FN:178,(anonymous_7)
FN:205,shouldIgnoreFunction
FN:216,shouldPlaceOnTopOfPreviousStack
FN:220,importFromChromeCPUProfile
FN:342,importFromOldV8CPUProfile
FNF:12
FNH:12
FNDA:108,isChromeTimeline
FNDA:31402,(anonymous_1)
FNDA:88,isChromeTimelineObject
FNDA:15,importFromChromeTimeline
FNDA:296306,(anonymous_4)
FNDA:19,(anonymous_5)
FNDA:6632,frameInfoForCallFrame
FNDA:472,(anonymous_7)
FNDA:3625,shouldIgnoreFunction
FNDA:7152,shouldPlaceOnTopOfPreviousStack
FNDA:23,importFromChromeCPUProfile
FNDA:2,importFromOldV8CPUProfile
DA:1,17
DA:2,17
DA:3,17
DA:4,17
DA:52,17
DA:53,108
DA:54,80
DA:55,80
DA:56,80
DA:57,18
DA:59,31402
DA:62,4
DA:63,14
DA:66,17
DA:70,88
DA:71,7
DA:74,17
DA:78,15
DA:81,15
DA:84,15
DA:88,296306
DA:90,15
DA:91,40478
DA:92,8
DA:93,8
DA:94,8
DA:95,8
DA:98,40478
DA:99,11
DA:100,11
DA:109,11
DA:110,11
DA:114,40478
DA:115,534
DA:118,40478
DA:119,249
DA:120,249
DA:121,249
DA:122,246
DA:123,246
DA:124,246
DA:125,49
DA:127,246
DA:128,246
DA:131,246
DA:132,246
DA:134,246
DA:135,0
DA:137,246
DA:138,0
DA:141,3
DA:146,15
DA:147,15
DA:148,15
DA:150,15
DA:151,19
DA:152,19
DA:153,19
DA:154,19
DA:155,19
DA:158,19
DA:159,19
DA:160,8
DA:161,8
DA:162,4
DA:165,11
DA:167,19
DA:170,15
DA:172,0
DA:176,17
DA:178,6632
DA:179,472
DA:185,472
DA:186,472
DA:188,472
DA:189,472
DA:192,472
DA:195,472
DA:206,3625
DA:207,3625
DA:211,4
DA:213,3621
DA:217,7152
DA:220,17
DA:221,23
DA:223,23
DA:224,23
DA:225,514
DA:227,23
DA:228,514
DA:229,371
DA:232,514
DA:233,86
DA:234,120
DA:235,120
DA:236,120
DA:240,23
DA:241,23
DA:245,23
DA:249,23
DA:251,23
DA:255,23
DA:256,55915
DA:257,55915
DA:258,2941
DA:259,2941
DA:260,4
DA:262,2937
DA:263,2937
DA:267,55915
DA:268,23
DA:269,23
DA:270,23
DA:271,0
DA:273,23
DA:274,23
DA:278,55892
DA:279,55892
DA:280,55892
DA:284,23
DA:286,23
DA:287,2964
DA:288,2964
DA:289,2964
DA:290,2964
DA:293,2964
DA:297,2964
DA:306,2964
DA:307,3284
DA:308,3284
DA:309,3284
DA:313,2964
DA:314,2964
DA:315,2964
DA:322,3316
DA:324,2964
DA:326,2964
DA:327,3316
DA:330,2964
DA:334,23
DA:335,32
DA:338,23
DA:339,23
DA:342,17
DA:343,2
LF:145
LH:141
BRDA:53,0,0,28
BRDA:53,0,1,80
BRDA:54,1,0,0
BRDA:54,1,1,80
BRDA:56,2,0,62
BRDA:56,2,1,18
BRDA:56,3,0,80
BRDA:56,3,1,80
BRDA:56,3,2,80
BRDA:56,3,3,80
BRDA:57,4,0,4
BRDA:57,4,1,14
BRDA:59,5,0,31402
BRDA:59,5,1,31396
BRDA:59,5,2,31389
BRDA:70,6,0,81
BRDA:70,6,1,7
BRDA:91,7,0,8
BRDA:91,7,1,40470
BRDA:93,8,0,8
BRDA:93,8,1,8
BRDA:98,9,0,11
BRDA:98,9,1,40467
BRDA:100,10,0,11
BRDA:100,10,1,0
BRDA:109,11,0,11
BRDA:109,11,1,0
BRDA:114,12,0,534
BRDA:114,12,1,39944
BRDA:118,13,0,249
BRDA:118,13,1,40229
BRDA:120,14,0,249
BRDA:120,14,1,0
BRDA:121,15,0,246
BRDA:121,15,1,3
BRDA:123,16,0,246
BRDA:123,16,1,0
BRDA:124,17,0,49
BRDA:124,17,1,197
BRDA:127,18,0,246
BRDA:127,18,1,0
BRDA:131,19,0,246
BRDA:131,19,1,0
BRDA:134,20,0,0
BRDA:134,20,1,246
BRDA:137,21,0,0
BRDA:137,21,1,246
BRDA:141,22,0,3
BRDA:141,22,1,0
BRDA:146,23,0,15
BRDA:146,23,1,0
BRDA:153,24,0,19
BRDA:153,24,1,0
BRDA:154,25,0,19
BRDA:154,25,1,0
BRDA:155,26,0,19
BRDA:155,26,1,0
BRDA:159,27,0,8
BRDA:159,27,1,11
BRDA:159,28,0,19
BRDA:159,28,1,19
BRDA:161,29,0,4
BRDA:161,29,1,4
BRDA:186,30,0,380
BRDA:186,30,1,92
BRDA:189,31,0,380
BRDA:189,31,1,92
BRDA:192,32,0,472
BRDA:192,32,1,118
BRDA:193,33,0,100
BRDA:193,33,1,18
BRDA:207,34,0,4
BRDA:207,34,1,3621
BRDA:213,35,0,3621
BRDA:213,35,1,3523
BRDA:217,36,0,7152
BRDA:217,36,1,7124
BRDA:228,37,0,371
BRDA:228,37,1,143
BRDA:232,38,0,428
BRDA:232,38,1,86
BRDA:235,39,0,0
BRDA:235,39,1,120
BRDA:257,40,0,2941
BRDA:257,40,1,52974
BRDA:259,41,0,4
BRDA:259,41,1,2937
BRDA:267,42,0,23
BRDA:267,42,1,55892
BRDA:268,43,0,23
BRDA:268,43,1,0
BRDA:270,44,0,0
BRDA:270,44,1,23
BRDA:290,45,0,0
BRDA:290,45,1,2964
BRDA:299,46,0,6800
BRDA:299,46,1,6311
BRDA:301,47,0,298
BRDA:301,47,1,3538
BRDA:302,48,0,3538
BRDA:302,48,1,309
BRDA:306,49,0,6248
BRDA:306,49,1,5759
BRDA:316,50,0,6280
BRDA:316,50,1,6100
BRDA:316,50,2,3625
BRDA:319,51,0,298
BRDA:319,51,1,3018
BRDA:320,52,0,3018
BRDA:320,52,1,0
BRF:110
BRH:91
end_of_record
TN:
SF:/Users/zacharymarion/src/speedscope-fork/src/import/firefox.ts
FN:153,importFromFirefox
FN:159,(anonymous_1)
FN:163,extractStack
FN:175,(anonymous_3)
FN:192,(anonymous_4)
FN:203,(anonymous_5)
FNF:6
FNH:5
FNDA:7,importFromFirefox
FNDA:0,(anonymous_1)
FNDA:667,extractStack
FNDA:5910,(anonymous_3)
FNDA:35,(anonymous_4)
FNDA:5910,(anonymous_5)
DA:1,17
DA:2,17
DA:3,17
DA:153,17
DA:154,7
DA:157,7
DA:159,0
DA:161,7
DA:164,667
DA:165,667
DA:167,667
DA:168,5910
DA:169,5910
DA:170,5910
DA:171,5910
DA:173,667
DA:174,667
DA:176,5910
DA:177,5910
DA:179,5910
DA:181,5910
DA:183,1728
DA:189,717
DA:192,1011
DA:203,5910
DA:206,7
DA:208,7
DA:209,7
DA:210,667
DA:211,667
DA:214,667
DA:216,667
DA:217,839
DA:218,109
DA:220,730
DA:224,667
DA:225,281
DA:228,667
DA:229,281
DA:232,667
DA:235,7
DA:236,7
LF:42
LH:41
BRDA:158,0,0,7
BRDA:158,0,1,0
BRDA:181,1,0,4182
BRDA:181,1,1,1728
BRDA:183,2,0,717
BRDA:183,2,1,1011
BRDA:184,3,0,1728
BRDA:184,3,1,1174
BRDA:184,3,2,1011
BRDA:199,4,0,35
BRDA:199,4,1,0
BRDA:200,5,0,17
BRDA:200,5,1,18
BRDA:217,6,0,109
BRDA:217,6,1,730
BRF:15
BRH:13
end_of_record
TN:
SF:/Users/zacharymarion/src/speedscope-fork/src/import/haskell.ts
FN:38,addToProfile
FN:65,importFromHaskell
FN:84,(anonymous_2)
FN:89,(anonymous_3)
FNF:4
FNH:4
FNDA:716,addToProfile
FNDA:2,importFromHaskell
FNDA:140,(anonymous_2)
FNDA:140,(anonymous_3)
DA:1,17
DA:2,17
DA:46,716
DA:47,436
DA:49,280
DA:50,280
DA:52,280
DA:54,280
DA:55,712
DA:58,280
DA:60,280
DA:62,280
DA:65,17
DA:66,2
DA:67,2
DA:68,300
DA:74,300
DA:77,48
DA:80,300
DA:83,2
DA:84,140
DA:85,2
DA:86,2
DA:88,2
DA:89,140
DA:90,2
DA:91,2
DA:93,2
LF:28
LH:28
BRDA:46,0,0,436
BRDA:46,0,1,280
BRDA:46,1,0,716
BRDA:46,1,1,660
BRDA:46,1,2,580
BRDA:46,1,3,520
BRDA:74,2,0,48
BRDA:74,2,1,252
BRF:8
BRH:8
end_of_record
TN:
SF:/Users/zacharymarion/src/speedscope-fork/src/import/index.ts
FN:27,importProfileGroupFromText
FN:34,importProfileGroupFromBase64
FN:43,importProfilesFromFile
FN:47,importProfilesFromArrayBuffer
FN:54,importProfileGroup
FN:72,toGroup
FN:77,_importProfileGroup
FN:213,importFromFileSystemDirectoryEntry
FNF:8
FNH:6
FNDA:5,importProfileGroupFromText
FNDA:0,importProfileGroupFromBase64
FNDA:0,importProfilesFromFile
FNDA:167,importProfilesFromArrayBuffer
FNDA:172,importProfileGroup
FNDA:51,toGroup
FNDA:172,_importProfileGroup
FNDA:3,importFromFileSystemDirectoryEntry
DA:3,17
DA:10,17
DA:11,17
DA:12,17
DA:13,17
DA:14,17
DA:15,17
DA:16,17
DA:17,17
DA:18,17
DA:19,17
DA:20,17
DA:21,17
DA:22,17
DA:23,17
DA:24,17
DA:25,17
DA:27,17
DA:31,5
DA:34,17
DA:38,0
DA:43,17
DA:44,0
DA:47,17
DA:51,167
DA:55,172
DA:57,172
DA:58,170
DA:59,166
DA:60,120
DA:62,166
DA:63,202
DA:64,48
DA:67,166
DA:69,4
DA:73,51
DA:74,51
DA:78,172
DA:80,172
DA:83,172
DA:84,172
DA:85,2
DA:86,2
DA:90,170
DA:93,170
DA:94,4
DA:95,4
DA:96,166
DA:97,1
DA:98,1
DA:99,165
DA:100,0
DA:101,0
DA:102,165
DA:103,0
DA:104,0
DA:105,165
DA:106,0
DA:107,0
DA:108,165
DA:109,7
DA:110,7
DA:111,158
DA:112,0
DA:113,0
DA:114,158
DA:115,1
DA:116,1
DA:117,157
DA:118,2
DA:119,2
DA:120,155
DA:121,1
DA:122,1
DA:123,154
DA:124,5
DA:125,5
DA:130,149
DA:131,149
DA:133,149
DA:134,114
DA:135,6
DA:136,6
DA:137,108
DA:138,7
DA:139,7
DA:140,101
DA:141,13
DA:142,13
DA:143,88
DA:144,1
DA:145,1
DA:146,87
DA:147,2
DA:148,2
DA:149,85
DA:150,66
DA:151,66
DA:152,19
DA:153,2
DA:154,2
DA:155,17
DA:156,9
DA:157,9
DA:158,8
DA:159,1
DA:160,1
DA:161,7
DA:162,2
DA:163,2
DA:164,5
DA:165,2
DA:166,2
DA:167,3
DA:168,2
DA:169,2
DA:176,35
DA:180,5
DA:181,5
DA:186,30
DA:187,6
DA:188,6
DA:191,24
DA:192,4
DA:193,4
DA:196,20
DA:197,20
DA:198,7
DA:199,7
DA:202,13
DA:203,13
DA:204,10
DA:205,10
DA:210,4
DA:213,17
DA:214,3
LF:136
LH:126
BRDA:58,0,0,166
BRDA:58,0,1,4
BRDA:59,1,0,120
BRDA:59,1,1,46
BRDA:63,2,0,48
BRDA:63,2,1,154
BRDA:63,3,0,202
BRDA:63,3,1,202
BRDA:73,4,0,0
BRDA:73,4,1,51
BRDA:84,5,0,2
BRDA:84,5,1,170
BRDA:93,6,0,4
BRDA:93,6,1,166
BRDA:96,7,0,1
BRDA:96,7,1,165
BRDA:99,8,0,0
BRDA:99,8,1,165
BRDA:99,9,0,165
BRDA:99,9,1,165
BRDA:102,10,0,0
BRDA:102,10,1,165
BRDA:105,11,0,0
BRDA:105,11,1,165
BRDA:108,12,0,7
BRDA:108,12,1,158
BRDA:111,13,0,0
BRDA:111,13,1,158
BRDA:114,14,0,1
BRDA:114,14,1,157
BRDA:117,15,0,2
BRDA:117,15,1,155
BRDA:120,16,0,1
BRDA:120,16,1,154
BRDA:123,17,0,5
BRDA:123,17,1,149
BRDA:133,18,0,114
BRDA:133,18,1,35
BRDA:134,19,0,6
BRDA:134,19,1,108
BRDA:137,20,0,7
BRDA:137,20,1,101
BRDA:137,21,0,108
BRDA:137,21,1,7
BRDA:140,22,0,13
BRDA:140,22,1,88
BRDA:143,23,0,1
BRDA:143,23,1,87
BRDA:146,24,0,2
BRDA:146,24,1,85
BRDA:146,25,0,87
BRDA:146,25,1,2
BRDA:146,25,2,2
BRDA:149,26,0,66
BRDA:149,26,1,19
BRDA:152,27,0,2
BRDA:152,27,1,17
BRDA:152,28,0,19
BRDA:152,28,1,4
BRDA:152,28,2,2
BRDA:155,29,0,9
BRDA:155,29,1,8
BRDA:155,30,0,17
BRDA:155,30,1,10
BRDA:155,30,2,10
BRDA:158,31,0,1
BRDA:158,31,1,7
BRDA:158,32,0,8
BRDA:158,32,1,1
BRDA:158,32,2,1
BRDA:161,33,0,2
BRDA:161,33,1,5
BRDA:161,34,0,7
BRDA:161,34,1,2
BRDA:164,35,0,2
BRDA:164,35,1,3
BRDA:164,36,0,5
BRDA:164,36,1,2
BRDA:167,37,0,2
BRDA:167,37,1,1
BRDA:167,38,0,3
BRDA:167,38,1,2
BRDA:176,39,0,5
BRDA:176,39,1,30
BRDA:177,40,0,35
BRDA:177,40,1,31
BRDA:177,40,2,1
BRDA:186,41,0,6
BRDA:186,41,1,24
BRDA:191,42,0,4
BRDA:191,42,1,20
BRDA:197,43,0,7
BRDA:197,43,1,13
BRDA:203,44,0,10
BRDA:203,44,1,3
BRF:95
BRH:90
end_of_record
TN:
SF:/Users/zacharymarion/src/speedscope-fork/src/import/instruments.ts
FN:15,parseTSV
FN:16,(anonymous_8)
FN:53,getWeight
FN:105,importFromInstrumentsDeepCopy
FN:166,extractDirectoryTree
FN:173,(anonymous_13)
FN:174,(anonymous_14)
FN:184,(anonymous_15)
FN:194,readAsArrayBuffer
FN:198,readAsText
FN:202,getCoreDirForRun
FN:211,(anonymous_19)
FN:214,(anonymous_20)
FN:217,(anonymous_21)
FN:220,(anonymous_22)
FN:223,(anonymous_23)
FN:226,(anonymous_24)
FN:234,(anonymous_25)
FN:239,(anonymous_26)
FN:248,(anonymous_27)
FN:264,getRawSampleList
FN:303,getIntegerArrays
FN:367,readFormTemplate
FN:399,(anonymous_34)
FN:429,importFromInstrumentsTrace
FN:465,importRunFromInstrumentsTrace
FN:482,(anonymous_39)
FN:486,(anonymous_40)
FN:487,(anonymous_41)
FN:492,(anonymous_42)
FN:504,importThreadFromInstrumentsTrace
FN:514,(anonymous_44)
FN:519,appendRecursive
FN:539,(anonymous_46)
FN:565,readInstrumentsKeyedArchive
FN:568,(anonymous_48)
FN:643,decodeUTF8
FN:649,isArray
FN:653,isDictionary
FN:657,followUID
FN:661,expandKeyedArchive
FN:663,(anonymous_54)
FN:686,(anonymous_55)
FN:712,paternMatchObjectiveC
FN:715,(anonymous_57)
FN:818,(anonymous_58)
FN:821,parseBinaryPlist
FN:844,(anonymous_60)
FN:846,(anonymous_61)
FN:866,(anonymous_62)
FN:875,(anonymous_63)
FN:882,(anonymous_64)
FN:906,(anonymous_65)
FN:912,(anonymous_66)
FN:918,(anonymous_67)
FN:923,(anonymous_68)
FN:933,(anonymous_69)
FN:944,(anonymous_70)
FN:948,(anonymous_71)
FN:960,(anonymous_72)
FN:977,(anonymous_73)
FNF:61
FNH:55
FNDA:6,parseTSV
FNDA:278,(anonymous_8)
FNDA:258,getWeight
FNDA:6,importFromInstrumentsDeepCopy
FNDA:141,extractDirectoryTree
FNDA:141,(anonymous_13)
FNDA:141,(anonymous_14)
FNDA:266,(anonymous_15)
FNDA:18,readAsArrayBuffer
FNDA:20,readAsText
FNDA:5,getCoreDirForRun
FNDA:15,(anonymous_19)
FNDA:5083,(anonymous_20)
FNDA:11452,(anonymous_21)
FNDA:5083,(anonymous_22)
FNDA:0,(anonymous_23)
FNDA:0,(anonymous_24)
FNDA:38158,(anonymous_25)
FNDA:11457,(anonymous_26)
FNDA:24139,(anonymous_27)
FNDA:5,getRawSampleList
FNDA:5,getIntegerArrays
FNDA:3,readFormTemplate
FNDA:2345,(anonymous_34)
FNDA:3,importFromInstrumentsTrace
FNDA:5,importRunFromInstrumentsTrace
FNDA:15,(anonymous_39)
FNDA:44,(anonymous_40)
FNDA:15,(anonymous_41)
FNDA:15,(anonymous_42)
FNDA:15,importThreadFromInstrumentsTrace
FNDA:12582,(anonymous_44)
FNDA:12260,appendRecursive
FNDA:653,(anonymous_46)
FNDA:3,readInstrumentsKeyedArchive
FNDA:1479,(anonymous_48)
FNDA:0,decodeUTF8
FNDA:14191,isArray
FNDA:18261,isDictionary
FNDA:3061,followUID
FNDA:3,expandKeyedArchive
FNDA:0,(anonymous_54)
FNDA:22046,(anonymous_55)
FNDA:5358,paternMatchObjectiveC
FNDA:0,(anonymous_57)
FNDA:12661,(anonymous_58)
FNDA:3,parseBinaryPlist
FNDA:3,(anonymous_60)
FNDA:3,(anonymous_61)
FNDA:29489,(anonymous_62)
FNDA:270,(anonymous_63)
FNDA:101838,(anonymous_64)
FNDA:32,(anonymous_65)
FNDA:0,(anonymous_66)
FNDA:93,(anonymous_67)
FNDA:24218,(anonymous_68)
FNDA:1,(anonymous_69)
FNDA:12661,(anonymous_70)
FNDA:1997,(anonymous_71)
FNDA:3180,(anonymous_72)
FNDA:51918,(anonymous_73)
DA:4,17
DA:11,17
DA:12,17
DA:13,17
DA:16,278
DA:18,6
DA:19,6
DA:21,6
DA:22,6
DA:23,24
DA:26,6
DA:27,6
DA:28,272
DA:29,272
DA:30,1046
DA:32,272
DA:34,6
DA:54,258
DA:55,52
DA:56,52
DA:57,52
DA:58,52
DA:59,52
DA:61,52
DA:63,0
DA:65,0
DA:67,52
DA:69,0
DA:71,0
DA:74,206
DA:75,206
DA:76,206
DA:77,206
DA:78,206
DA:79,206
DA:81,206
DA:83,116
DA:85,0
DA:87,0
DA:90,4
DA:92,6
DA:94,52
DA:96,28
DA:98,0
DA:101,0
DA:105,17
DA:106,6
DA:107,6
DA:109,6
DA:110,6
DA:112,6
DA:113,272
DA:114,272
DA:115,258
DA:116,258
DA:118,258
DA:119,0
DA:122,258
DA:124,258
DA:125,202
DA:126,202
DA:129,258
DA:130,202
DA:131,202
DA:134,258
DA:141,258
DA:142,258
DA:145,6
DA:146,56
DA:147,56
DA:148,56
DA:151,6
DA:152,2
DA:153,4
DA:154,4
DA:157,6
DA:167,141
DA:173,141
DA:174,141
DA:175,141
DA:179,141
DA:180,404
DA:181,138
DA:182,138
DA:184,266
DA:185,266
DA:187,266
DA:191,141
DA:195,18
DA:199,20
DA:203,5
DA:204,5
DA:205,5
DA:209,15
DA:212,15
DA:215,5083
DA:218,11452
DA:221,5083
DA:224,0
DA:227,0
DA:228,0
DA:229,0
DA:235,38158
DA:236,38158
DA:237,38158
DA:240,11457
DA:241,11457
DA:243,11457
DA:249,24139
DA:250,24139
DA:251,24139
DA:265,5
DA:266,5
DA:267,20
DA:268,20
DA:269,20
DA:270,20
DA:271,15
DA:273,5
DA:277,5
DA:278,5
DA:279,5
DA:280,5
DA:281,5
DA:283,5
DA:285,5
DA:286,5
DA:289,11457
DA:290,11457
DA:292,11452
DA:294,11452
DA:295,11452
DA:296,11452
DA:298,5
DA:300,0
DA:304,5
DA:305,5
DA:306,5
DA:307,5
DA:318,5
DA:319,5
DA:322,5
DA:324,5
DA:326,5
DA:327,5078
DA:329,5078
DA:332,5
DA:335,5073
DA:337,5073
DA:338,5073
DA:340,5073
DA:341,24139
DA:343,5073
DA:346,5
DA:368,3
DA:369,3
DA:371,3
DA:372,3
DA:373,3
DA:374,2
DA:376,3
DA:377,3
DA:378,2
DA:380,3
DA:382,3
DA:383,3
DA:384,3
DA:386,3
DA:391,3
DA:394,3
DA:395,5
DA:396,1344
DA:397,1344
DA:398,1344
DA:399,6262
DA:400,2345
DA:401,2345
DA:405,2345
DA:406,101
DA:408,2345
DA:413,5
DA:420,3
DA:429,17
DA:432,3
DA:434,3
DA:435,3
DA:436,0
DA:440,3
DA:441,3
DA:443,3
DA:444,3
DA:446,3
DA:447,5
DA:448,5
DA:455,5
DA:456,3
DA:459,5
DA:462,3
DA:465,17
DA:471,5
DA:472,5
DA:473,5
DA:474,5
DA:478,5
DA:479,5
DA:480,11452
DA:482,15
DA:485,5
DA:486,44
DA:487,15
DA:489,5
DA:493,15
DA:504,17
DA:511,15
DA:513,15
DA:514,12582
DA:516,15
DA:517,15
DA:520,12260
DA:521,12260
DA:522,10298
DA:523,1962
DA:524,1959
DA:525,11607
DA:528,3
DA:532,3
DA:533,3
DA:537,15
DA:538,15
DA:539,11452
DA:540,653
DA:541,653
DA:542,653
DA:543,653
DA:546,11452
DA:549,15
DA:550,15
DA:553,11452
DA:554,0
DA:557,11452
DA:558,11452
DA:561,15
DA:562,15
DA:565,17
DA:566,3
DA:567,3
DA:568,3
DA:569,1479
DA:574,2
DA:577,1008
DA:578,1008
DA:579,1008
DA:580,1008
DA:581,1008
DA:582,5376
DA:583,5376
DA:584,5376
DA:585,1008
DA:587,4368
DA:589,1008
DA:593,57
DA:594,57
DA:595,57
DA:596,57
DA:600,5
DA:601,5
DA:603,5
DA:604,5
DA:605,5
DA:606,1344
DA:608,5
DA:612,3
DA:613,3
DA:614,3
DA:615,3
DA:619,18
DA:620,18
DA:621,18
DA:622,37
DA:623,37
DA:624,37
DA:626,18
DA:630,22
DA:631,22
DA:632,22
DA:633,22
DA:636,364
DA:638,3
DA:643,17
DA:644,0
DA:645,0
DA:646,0
DA:650,14191
DA:654,18261
DA:658,3061
DA:663,0
DA:666,3
DA:672,0
DA:676,3
DA:677,3
DA:681,3
DA:682,5358
DA:686,3
DA:687,22046
DA:688,7858
DA:689,14188
DA:690,1288
DA:691,2119
DA:693,12900
DA:694,1575
DA:695,5420
DA:697,11325
DA:698,1389
DA:699,1389
DA:700,1389
DA:701,4573
DA:704,14188
DA:706,3
DA:707,5358
DA:709,3
DA:715,0
DA:717,5358
DA:718,3061
DA:719,3061
DA:721,0
DA:722,0
DA:723,0
DA:724,0
DA:725,0
DA:726,0
DA:728,0
DA:729,0
DA:731,0
DA:733,0
DA:736,0
DA:739,0
DA:740,0
DA:746,43
DA:751,9
DA:752,0
DA:753,0
DA:754,0
DA:759,1152
DA:760,1152
DA:762,0
DA:763,0
DA:764,0
DA:765,0
DA:766,0
DA:768,0
DA:770,0
DA:773,15
DA:780,15
DA:781,15
DA:782,240
DA:783,240
DA:785,15
DA:790,363
DA:791,363
DA:792,363
DA:793,1202
DA:796,0
DA:797,0
DA:798,0
DA:799,0
DA:800,0
DA:802,0
DA:805,363
DA:808,1479
DA:809,1479
DA:812,2661
DA:817,17
DA:818,12661
DA:822,3
DA:823,3
DA:824,24
DA:825,0
DA:828,3
DA:840,3
DA:841,3
DA:842,3
DA:844,3
DA:847,3
DA:848,3
DA:849,3
DA:852,3
DA:853,3
DA:854,3
DA:857,3
DA:858,25263
DA:859,25263
DA:863,3
DA:867,29489
DA:868,2533
DA:869,2533
DA:870,0
DA:871,2533
DA:872,2533
DA:876,270
DA:877,270
DA:878,99
DA:879,0
DA:883,101838
DA:884,90432
DA:885,29820
DA:887,3507
DA:888,3505
DA:894,2
DA:895,2
DA:903,0
DA:907,32
DA:908,32
DA:909,0
DA:913,0
DA:914,0
DA:915,0
DA:919,93
DA:920,93
DA:924,24218
DA:925,24218
DA:926,24218
DA:927,24218
DA:928,173287
DA:930,24218
DA:934,1
DA:935,1
DA:936,1
DA:937,1
DA:938,13
DA:939,13
DA:941,1
DA:945,12661
DA:949,1997
DA:950,1997
DA:951,1997
DA:952,1997
DA:953,1997
DA:954,8297
DA:955,8297
DA:957,1997
DA:961,3180
DA:962,3180
DA:963,3180
DA:964,3180
DA:965,3180
DA:966,3180
DA:967,21809
DA:968,21809
DA:969,21809
DA:970,21809
DA:971,21809
DA:972,21809
DA:974,3180
DA:978,51918
DA:979,51918
DA:980,51918
DA:982,270
DA:984,9466
DA:986,32
DA:988,0
DA:990,93
DA:992,24218
DA:994,1
DA:996,12661
DA:998,1997
DA:1000,3180
DA:1002,0
LF:467
LH:406
BRDA:19,0,0,0
BRDA:19,0,1,6
BRDA:54,1,0,52
BRDA:54,1,1,206
BRDA:57,2,0,0
BRDA:57,2,1,52
BRDA:62,3,0,0
BRDA:62,3,1,0
BRDA:62,3,2,52
BRDA:62,3,3,0
BRDA:74,4,0,206
BRDA:74,4,1,0
BRDA:74,5,0,206
BRDA:74,5,1,116
BRDA:75,6,0,206
BRDA:75,6,1,116
BRDA:77,7,0,0
BRDA:77,7,1,206
BRDA:82,8,0,116
BRDA:82,8,1,0
BRDA:82,8,2,0
BRDA:82,8,3,4
BRDA:82,8,4,6
BRDA:82,8,5,52
BRDA:82,8,6,28
BRDA:114,9,0,14
BRDA:114,9,1,258
BRDA:118,10,0,0
BRDA:118,10,1,258
BRDA:135,11,0,258
BRDA:135,11,1,258
BRDA:151,12,0,2
BRDA:151,12,1,4
BRDA:153,13,0,4
BRDA:153,13,1,0
BRDA:153,14,0,4
BRDA:153,14,1,2
BRDA:180,15,0,138
BRDA:180,15,1,266
BRDA:228,16,0,0
BRDA:228,16,1,0
BRDA:236,17,0,0
BRDA:236,17,1,38158
BRDA:241,18,0,0
BRDA:241,18,1,11457
BRDA:250,19,0,0
BRDA:250,19,1,24139
BRDA:268,20,0,0
BRDA:268,20,1,20
BRDA:270,21,0,15
BRDA:270,21,1,5
BRDA:290,22,0,5
BRDA:290,22,1,11452
BRDA:329,23,0,5
BRDA:329,23,1,5073
BRDA:373,24,0,2
BRDA:373,24,1,1
BRDA:377,25,0,2
BRDA:377,25,1,1
BRDA:396,26,0,0
BRDA:396,26,1,1344
BRDA:400,27,0,2345
BRDA:400,27,1,22
BRDA:405,28,0,101
BRDA:405,28,1,2244
BRDA:435,29,0,0
BRDA:435,29,1,3
BRDA:455,30,0,3
BRDA:455,30,1,2
BRDA:521,31,0,10298
BRDA:521,31,1,1962
BRDA:523,32,0,1959
BRDA:523,32,1,3
BRDA:546,33,0,15
BRDA:546,33,1,11437
BRDA:553,34,0,0
BRDA:553,34,1,11452
BRDA:570,35,0,1
BRDA:570,35,1,1
BRDA:570,35,2,2
BRDA:570,35,3,1008
BRDA:570,35,4,57
BRDA:570,35,5,5
BRDA:570,35,6,3
BRDA:570,35,7,18
BRDA:570,35,8,22
BRDA:584,36,0,1008
BRDA:584,36,1,4368
BRDA:584,37,0,5376
BRDA:584,37,1,5376
BRDA:645,38,0,0
BRDA:645,38,1,0
BRDA:654,39,0,18261
BRDA:654,39,1,18253
BRDA:654,39,2,6279
BRDA:658,40,0,3061
BRDA:658,40,1,0
BRDA:663,41,0,0
BRDA:666,42,0,0
BRDA:666,42,1,3
BRDA:667,43,0,3
BRDA:667,43,1,3
BRDA:667,43,2,3
BRDA:667,43,3,3
BRDA:676,44,0,3
BRDA:676,44,1,0
BRDA:687,45,0,7858
BRDA:687,45,1,14188
BRDA:689,46,0,1288
BRDA:689,46,1,12900
BRDA:693,47,0,1575
BRDA:693,47,1,11325
BRDA:697,48,0,1389
BRDA:697,48,1,9936
BRDA:715,49,0,0
BRDA:717,50,0,3061
BRDA:717,50,1,2297
BRDA:717,51,0,5358
BRDA:717,51,1,3174
BRDA:720,52,0,0
BRDA:720,52,1,0
BRDA:720,52,2,43
BRDA:720,52,3,0
BRDA:720,52,4,9
BRDA:720,52,5,72
BRDA:720,52,6,1152
BRDA:720,52,7,15
BRDA:720,52,8,144
BRDA:720,52,9,363
BRDA:720,52,10,1479
BRDA:731,53,0,0
BRDA:731,53,1,0
BRDA:740,54,0,0
BRDA:740,54,1,0
BRDA:746,55,0,43
BRDA:746,55,1,43
BRDA:751,56,0,9
BRDA:751,56,1,0
BRDA:752,57,0,0
BRDA:752,57,1,0
BRDA:759,58,0,1152
BRDA:759,58,1,0
BRDA:765,59,0,0
BRDA:765,59,1,0
BRDA:791,60,0,363
BRDA:791,60,1,0
BRDA:791,61,0,363
BRDA:791,61,1,363
BRDA:799,62,0,0
BRDA:799,62,1,0
BRDA:799,63,0,0
BRDA:799,63,1,0
BRDA:809,64,0,1115
BRDA:809,64,1,364
BRDA:824,65,0,0
BRDA:824,65,1,24
BRDA:867,66,0,26956
BRDA:867,66,1,2533
BRDA:869,67,0,0
BRDA:869,67,1,2533
BRDA:876,68,0,0
BRDA:876,68,1,270
BRDA:877,69,0,171
BRDA:877,69,1,99
BRDA:878,70,0,99
BRDA:878,70,1,0
BRDA:883,71,0,11406
BRDA:883,71,1,90432
BRDA:884,72,0,60612
BRDA:884,72,1,29820
BRDA:885,73,0,26313
BRDA:885,73,1,3507
BRDA:887,74,0,3505
BRDA:887,74,1,2
BRDA:894,75,0,2
BRDA:894,75,1,0
BRDA:907,76,0,0
BRDA:907,76,1,32
BRDA:908,77,0,32
BRDA:908,77,1,0
BRDA:913,78,0,0
BRDA:913,78,1,0
BRDA:969,79,0,0
BRDA:969,79,1,21809
BRDA:981,80,0,270
BRDA:981,80,1,9466
BRDA:981,80,2,32
BRDA:981,80,3,0
BRDA:981,80,4,93
BRDA:981,80,5,24218
BRDA:981,80,6,1
BRDA:981,80,7,12661
BRDA:981,80,8,1997
BRDA:981,80,9,3180
BRF:194
BRH:138
end_of_record
TN:
SF:/Users/zacharymarion/src/speedscope-fork/src/import/linux-tools-perf.ts
FN:26,parseEvents
FN:39,parseEvent
FN:40,(anonymous_2)
FN:97,importFromLinuxPerf
FN:113,(anonymous_4)
FN:123,(anonymous_5)
FN:141,(anonymous_6)
FNF:7
FNH:7
FNDA:27,parseEvents
FNDA:3920,parseEvent
FNDA:20993,(anonymous_2)
FNDA:27,importFromLinuxPerf
FNDA:24,(anonymous_4)
FNDA:17000,(anonymous_5)
FNDA:24,(anonymous_6)
DA:1,17
DA:2,17
DA:3,17
DA:27,27
DA:28,27
DA:29,24899
DA:30,3906
DA:31,3906
DA:32,20993
DA:35,27
DA:40,20993
DA:42,3920
DA:51,3920
DA:52,3920
DA:57,3909
DA:58,3909
DA:60,3900
DA:63,3900
DA:64,274
DA:65,274
DA:67,3626
DA:70,3900
DA:71,3900
DA:72,3896
DA:75,3900
DA:76,3900
DA:77,3896
DA:80,3900
DA:81,17016
DA:82,17016
DA:83,17000
DA:88,17000
DA:90,17000
DA:92,3900
DA:94,3900
DA:97,17
DA:98,27
DA:100,27
DA:102,27
DA:103,3920
DA:104,3900
DA:105,3900
DA:106,3896
DA:108,3896
DA:109,3896
DA:110,3896
DA:111,3896
DA:112,3896
DA:113,3896
DA:114,24
DA:115,24
DA:116,24
DA:117,24
DA:120,3896
DA:122,3896
DA:124,17000
DA:134,27
DA:135,13
DA:138,14
DA:141,24
LF:60
LH:60
BRDA:29,0,0,3906
BRDA:29,0,1,20993
BRDA:35,1,0,14
BRDA:35,1,1,13
BRDA:52,2,0,11
BRDA:52,2,1,3909
BRDA:58,3,0,9
BRDA:58,3,1,3900
BRDA:63,4,0,274
BRDA:63,4,1,3626
BRDA:71,5,0,3896
BRDA:71,5,1,4
BRDA:76,6,0,3896
BRDA:76,6,1,4
BRDA:82,7,0,16
BRDA:82,7,1,17000
BRDA:103,8,0,20
BRDA:103,8,1,3900
BRDA:104,9,0,0
BRDA:104,9,1,3900
BRDA:104,10,0,3900
BRDA:104,10,1,3882
BRDA:105,11,0,4
BRDA:105,11,1,3896
BRDA:109,12,0,3896
BRDA:109,12,1,0
BRDA:110,13,0,274
BRDA:110,13,1,3622
BRDA:111,14,0,1576
BRDA:111,14,1,2320
BRDA:126,15,0,11810
BRDA:126,15,1,5190
BRDA:134,16,0,13
BRDA:134,16,1,14
BRDA:139,17,0,8
BRDA:139,17,1,6
BRF:36
BRH:34
end_of_record
TN:
SF:/Users/zacharymarion/src/speedscope-fork/src/import/papyrus.ts
FN:37,importFromPapyrus
FN:42,(anonymous_1)
FN:62,enterFrame
FN:63,enterFrameHelper
FN:80,(anonymous_4)
FN:90,leaveFrame
FN:107,tryToLeaveFrame
FN:125,parseLine
FN:147,(anonymous_8)
FNF:9
FNH:9
FNDA:4,importFromPapyrus
FNDA:84,(anonymous_1)
FNDA:28,enterFrame
FNDA:40,enterFrameHelper
FNDA:30,(anonymous_4)
FNDA:40,leaveFrame
FNDA:34,tryToLeaveFrame
FNDA:98,parseLine
FNDA:60,(anonymous_8)
DA:25,17
DA:26,17
DA:27,17
DA:37,17
DA:38,4
DA:39,4
DA:41,4
DA:42,84
DA:45,4
DA:46,4
DA:47,4
DA:48,4
DA:49,4
DA:50,4
DA:51,4
DA:52,4
DA:53,4
DA:55,4
DA:56,4
DA:57,4
DA:60,4
DA:64,40
DA:65,40
DA:66,40
DA:69,28
DA:70,8
DA:72,8
DA:74,0
DA:77,28
DA:79,28
DA:80,30
DA:84,12
DA:85,12
DA:87,28
DA:91,40
DA:92,40
DA:93,40
DA:94,40
DA:97,40
DA:98,0
DA:99,0
DA:101,40
DA:102,2
DA:104,40
DA:108,34
DA:109,26
DA:111,8
DA:112,2
DA:115,2
DA:116,2
DA:118,6
DA:126,98
DA:127,98
DA:128,98
DA:129,98
DA:130,94
DA:138,4
DA:147,4
DA:148,60
DA:149,60
DA:150,60
DA:151,26
DA:152,26
DA:153,26
DA:157,26
DA:158,16
DA:163,12
DA:165,12
DA:166,12
DA:168,4
DA:169,4
DA:172,34
DA:173,22
DA:174,12
DA:175,8
DA:176,8
DA:177,8
DA:182,4
DA:183,4
DA:186,4
LF:80
LH:77
BRDA:47,0,0,0
BRDA:47,0,1,4
BRDA:50,1,0,0
BRDA:50,1,1,4
BRDA:52,2,0,0
BRDA:52,2,1,4
BRDA:69,3,0,8
BRDA:69,3,1,20
BRDA:72,4,0,0
BRDA:72,4,1,8
BRDA:72,5,0,8
BRDA:72,5,1,4
BRDA:79,6,0,12
BRDA:79,6,1,16
BRDA:84,7,0,6
BRDA:84,7,1,6
BRDA:92,8,0,0
BRDA:92,8,1,40
BRDA:97,9,0,0
BRDA:97,9,1,40
BRDA:97,10,0,40
BRDA:97,10,1,30
BRDA:101,11,0,2
BRDA:101,11,1,38
BRDA:101,12,0,40
BRDA:101,12,1,8
BRDA:101,12,2,8
BRDA:108,13,0,26
BRDA:108,13,1,8
BRDA:111,14,0,2
BRDA:111,14,1,6
BRDA:126,15,0,0
BRDA:126,15,1,98
BRDA:128,16,0,0
BRDA:128,16,1,98
BRDA:129,17,0,94
BRDA:129,17,1,4
BRDA:149,18,0,0
BRDA:149,18,1,60
BRDA:150,19,0,26
BRDA:150,19,1,34
BRDA:157,20,0,42
BRDA:157,20,1,30
BRDA:158,21,0,12
BRDA:158,21,1,4
BRDA:159,22,0,16
BRDA:159,22,1,12
BRDA:159,22,2,12
BRDA:169,23,0,4
BRDA:169,23,1,0
BRDA:172,24,0,22
BRDA:172,24,1,12
BRDA:174,25,0,8
BRDA:174,25,1,4
BRF:54
BRH:44
end_of_record
TN:
SF:/Users/zacharymarion/src/speedscope-fork/src/import/pprof.ts
FN:13,getSampleTypeIndex
FN:24,(anonymous_2)
FN:31,importAsPprofProfile
FN:41,i32
FN:45,stringVal
FN:51,frameInfoForFunction
FN:85,frameInfoForLocation
FN:126,(anonymous_8)
FN:155,(anonymous_9)
FN:163,(anonymous_10)
FNF:10
FNH:9
FNDA:4,getSampleTypeIndex
FNDA:0,(anonymous_2)
FNDA:172,importAsPprofProfile
FNDA:358,i32
FNDA:108,stringVal
FNDA:50,frameInfoForFunction
FNDA:62,frameInfoForLocation
FNDA:4,(anonymous_8)
FNDA:78,(anonymous_9)
FNDA:78,(anonymous_10)
DA:1,17
DA:2,17
DA:3,17
DA:4,17
DA:5,17
DA:14,4
DA:15,4
DA:16,4
DA:20,4
DA:21,4
DA:24,0
DA:25,0
DA:26,0
DA:28,0
DA:31,17
DA:32,172
DA:35,167
DA:36,167
DA:38,163
DA:42,358
DA:46,108
DA:49,4
DA:52,50
DA:54,50
DA:55,50
DA:56,50
DA:58,50
DA:60,50
DA:65,50
DA:66,50
DA:69,50
DA:70,50
DA:73,50
DA:76,4
DA:77,50
DA:78,50
DA:79,50
DA:80,50
DA:86,62
DA:87,62
DA:100,62
DA:101,62
DA:103,62
DA:104,62
DA:105,62
DA:106,62
DA:107,60
DA:109,62
DA:111,0
DA:115,4
DA:117,4
DA:118,62
DA:119,62
DA:120,62
DA:121,60
DA:126,4
DA:131,4
DA:133,4
DA:134,2
DA:137,2
DA:139,2
DA:141,2
DA:146,2
DA:147,2
DA:150,0
DA:151,0
DA:154,2
DA:155,78
DA:156,18
DA:158,18
DA:159,0
DA:162,18
DA:163,78
DA:166,2
LF:74
LH:66
BRDA:20,0,0,4
BRDA:20,0,1,0
BRDA:20,1,0,4
BRDA:20,1,1,4
BRDA:25,2,0,0
BRDA:25,2,1,0
BRDA:32,3,0,5
BRDA:32,3,1,167
BRDA:42,4,0,0
BRDA:42,4,1,358
BRDA:46,5,0,108
BRDA:46,5,1,0
BRDA:54,6,0,50
BRDA:54,6,1,50
BRDA:54,6,2,0
BRDA:55,7,0,50
BRDA:55,7,1,0
BRDA:56,8,0,50
BRDA:56,8,1,0
BRDA:65,9,0,50
BRDA:65,9,1,0
BRDA:69,10,0,50
BRDA:69,10,1,0
BRDA:77,11,0,50
BRDA:77,11,1,0
BRDA:79,12,0,50
BRDA:79,12,1,0
BRDA:87,13,0,0
BRDA:87,13,1,62
BRDA:101,14,0,0
BRDA:101,14,1,62
BRDA:103,15,0,62
BRDA:103,15,1,0
BRDA:105,16,0,62
BRDA:105,16,1,0
BRDA:106,17,0,60
BRDA:106,17,1,2
BRDA:106,18,0,62
BRDA:106,18,1,60
BRDA:106,18,2,60
BRDA:109,19,0,62
BRDA:109,19,1,2
BRDA:118,20,0,62
BRDA:118,20,1,0
BRDA:120,21,0,60
BRDA:120,21,1,2
BRDA:127,22,0,4
BRDA:127,22,1,4
BRDA:127,22,2,0
BRDA:128,23,0,4
BRDA:128,23,1,4
BRDA:128,23,2,0
BRDA:133,24,0,2
BRDA:133,24,1,2
BRDA:133,25,0,4
BRDA:133,25,1,2
BRDA:142,26,0,2
BRDA:142,26,1,2
BRDA:142,26,2,2
BRDA:142,26,3,2
BRDA:142,26,4,0
BRDA:155,27,0,18
BRDA:155,27,1,0
BRDA:158,28,0,0
BRDA:158,28,1,18
BRDA:158,29,0,18
BRDA:158,29,1,18
BRF:67
BRH:45
end_of_record
TN:
SF:/Users/zacharymarion/src/speedscope-fork/src/import/safari.ts
FN:68,makeStack
FN:70,(anonymous_1)
FN:80,importFromSafari
FN:100,(anonymous_3)
FNF:4
FNH:4
FNDA:134,makeStack
FNDA:661,(anonymous_1)
FNDA:3,importFromSafari
FNDA:134,(anonymous_3)
DA:1,17
DA:2,17
DA:69,134
DA:70,661
DA:80,17
DA:81,3
DA:82,0
DA:85,3
DA:86,3
DA:88,3
DA:89,3
DA:90,0
DA:91,0
DA:95,3
DA:96,3
DA:98,3
DA:100,3
DA:101,134
DA:102,134
DA:103,134
DA:104,134
DA:108,134
DA:109,8
DA:112,134
DA:114,134
DA:117,3
DA:118,3
DA:119,3
LF:28
LH:25
BRDA:75,0,0,661
BRDA:75,0,1,136
BRDA:75,1,0,136
BRDA:75,1,1,0
BRDA:81,2,0,0
BRDA:81,2,1,3
BRDA:89,3,0,0
BRDA:89,3,1,3
BRDA:108,4,0,8
BRDA:108,4,1,126
BRF:10
BRH:7
end_of_record
TN:
SF:/Users/zacharymarion/src/speedscope-fork/src/import/stackprof.ts
FN:21,importFromStackprof
FNF:1
FNH:1
FNDA:9,importFromStackprof
DA:3,17
DA:4,17
DA:21,17
DA:22,9
DA:23,9
DA:24,9
DA:26,9
DA:28,9
DA:30,9
DA:31,2799
DA:33,2799
DA:34,2799
DA:35,18141
DA:36,18141
DA:37,18141
DA:38,36
DA:40,18141
DA:45,18141
DA:47,2799
DA:48,666
DA:50,2799
DA:52,2799
DA:54,256
DA:55,256
DA:56,256
DA:58,1005
DA:59,1005
DA:61,1538
DA:62,1538
DA:63,3108
DA:65,1538
DA:68,2799
DA:71,9
LF:33
LH:33
BRDA:37,0,0,36
BRDA:37,0,1,18105
BRDA:47,1,0,666
BRDA:47,1,1,2133
BRDA:47,2,0,2799
BRDA:47,2,1,666
BRDA:53,3,0,256
BRDA:53,3,1,1005
BRDA:53,3,2,1538
BRF:9
BRH:9
end_of_record
TN:
SF:/Users/zacharymarion/src/speedscope-fork/src/import/trace-event.ts
FN:57,(anonymous_0)
FN:143,pidTidKey
FN:148,partitionByPidTid
FN:154,(anonymous_3)
FN:161,selectQueueToTakeFromNext
FN:191,convertToEventQueues
FN:232,dur
FN:236,(anonymous_7)
FN:259,compareTimestamps
FN:274,filterIgnoredEventTypes
FN:287,getProcessNamesByPid
FN:297,getThreadNamesByPidTid
FN:308,getEventName
FN:318,getEventId
FN:326,frameInfoForEvent
FN:352,getProfileNameFromPidTid
FN:369,getProfileNamesFromSamples
FN:378,(anonymous_17)
FN:395,getProfileNamesFromTraceEvents
FN:404,(anonymous_19)
FN:420,eventListToProfile
FN:448,(anonymous_21)
FN:453,(anonymous_22)
FN:570,getTimeDeltasForSamples
FN:574,(anonymous_24)
FN:593,frameInfoForSampleFrame
FN:600,getActiveFramesForSample
FN:621,sampleListToProfile
FN:629,(anonymous_28)
FN:639,eventListToProfileGroup
FN:649,(anonymous_30)
FN:666,(anonymous_31)
FN:671,(anonymous_32)
FN:675,sampleListToProfileGroup
FN:681,(anonymous_34)
FN:699,(anonymous_35)
FN:704,(anonymous_36)
FN:708,isTraceEventList
FN:740,isHermesTraceEvent
FN:745,(anonymous_39)
FN:748,isHermesTraceEventList
FN:757,isTraceEventObject
FN:762,isTraceEventWithSamples
FN:773,isTraceEventFormatted
FN:780,importTraceEvents
FNF:45
FNH:45
FNDA:17,(anonymous_0)
FNDA:498,pidTidKey
FNDA:66,partitionByPidTid
FNDA:82,(anonymous_3)
FNDA:486,selectQueueToTakeFromNext
FNDA:76,convertToEventQueues
FNDA:144,dur
FNDA:94,(anonymous_7)
FNDA:510,compareTimestamps
FNDA:62,filterIgnoredEventTypes
FNDA:66,getProcessNamesByPid
FNDA:66,getThreadNamesByPidTid
FNDA:1094,getEventName
FNDA:1062,getEventId
FNDA:1026,frameInfoForEvent
FNDA:82,getProfileNameFromPidTid
FNDA:4,getProfileNamesFromSamples
FNDA:6,(anonymous_17)
FNDA:62,getProfileNamesFromTraceEvents
FNDA:76,(anonymous_19)
FNDA:76,eventListToProfile
FNDA:246,(anonymous_21)
FNDA:240,(anonymous_22)
FNDA:6,getTimeDeltasForSamples
FNDA:30,(anonymous_24)
FNDA:48,frameInfoForSampleFrame
FNDA:30,getActiveFramesForSample
FNDA:6,sampleListToProfile
FNDA:30,(anonymous_28)
FNDA:62,eventListToProfileGroup
FNDA:76,(anonymous_30)
FNDA:28,(anonymous_31)
FNDA:76,(anonymous_32)
FNDA:4,sampleListToProfileGroup
FNDA:6,(anonymous_34)
FNDA:4,(anonymous_35)
FNDA:6,(anonymous_36)
FNDA:207,isTraceEventList
FNDA:60,isHermesTraceEvent
FNDA:46,(anonymous_39)
FNDA:60,isHermesTraceEventList
FNDA:147,isTraceEventObject
FNDA:66,isTraceEventWithSamples
FNDA:85,isTraceEventFormatted
FNDA:66,importTraceEvents
DA:1,17
DA:2,17
DA:9,17
DA:57,17
DA:58,17
DA:59,17
DA:76,17
DA:145,498
DA:151,66
DA:153,66
DA:154,400
DA:155,400
DA:158,66
DA:165,486
DA:166,0
DA:168,486
DA:169,480
DA:171,326
DA:172,326
DA:174,326
DA:175,326
DA:177,326
DA:178,92
DA:188,34
DA:192,76
DA:193,76
DA:196,76
DA:197,76
DA:198,76
DA:199,370
DA:201,76
DA:202,370
DA:207,76
DA:208,76
DA:209,370
DA:211,130
DA:212,130
DA:216,124
DA:217,124
DA:221,116
DA:222,116
DA:226,0
DA:227,0
DA:233,144
DA:236,76
DA:237,94
DA:238,88
DA:244,14
DA:245,14
DA:246,14
DA:247,8
DA:250,4
DA:253,76
DA:254,116
DA:255,116
DA:256,116
DA:260,510
DA:261,348
DA:265,72
DA:268,76
DA:269,76
DA:271,76
DA:275,62
DA:276,62
DA:277,388
DA:281,370
DA:284,62
DA:288,66
DA:289,66
DA:290,400
DA:291,10
DA:294,66
DA:298,66
DA:300,66
DA:301,400
DA:302,16
DA:305,66
DA:309,1094
DA:319,1062
DA:320,1062
DA:321,234
DA:323,1062
DA:332,1026
DA:333,32
DA:335,32
DA:344,994
DA:346,994
DA:358,82
DA:359,12
DA:360,70
DA:361,6
DA:362,64
DA:363,4
DA:365,60
DA:373,4
DA:374,4
DA:376,4
DA:378,4
DA:379,6
DA:381,6
DA:382,6
DA:384,6
DA:385,6
DA:386,6
DA:387,6
DA:389,6
DA:392,4
DA:399,62
DA:400,62
DA:402,62
DA:404,62
DA:405,76
DA:407,76
DA:409,76
DA:410,76
DA:411,76
DA:412,76
DA:414,76
DA:417,62
DA:441,76
DA:443,76
DA:444,76
DA:445,76
DA:447,76
DA:448,76
DA:449,246
DA:450,246
DA:453,76
DA:454,240
DA:456,240
DA:457,2
DA:462,2
DA:465,238
DA:466,238
DA:468,238
DA:469,14
DA:472,14
DA:475,224
DA:476,20
DA:481,224
DA:482,224
DA:485,76
DA:486,486
DA:487,486
DA:489,246
DA:490,246
DA:497,240
DA:498,240
DA:499,238
DA:501,238
DA:503,238
DA:504,184
DA:505,184
DA:507,142
DA:510,42
DA:511,42
DA:513,20
DA:514,20
DA:515,20
DA:516,20
DA:517,20
DA:521,238
DA:523,218
DA:524,158
DA:525,158
DA:527,138
DA:530,20
DA:532,8
DA:533,8
DA:534,8
DA:535,8
DA:536,8
DA:545,240
DA:547,240
DA:548,240
DA:552,0
DA:553,0
DA:557,76
DA:558,22
DA:559,22
DA:560,22
DA:563,76
DA:571,6
DA:572,6
DA:574,6
DA:575,30
DA:577,24
DA:578,24
DA:579,24
DA:582,6
DA:584,6
DA:594,48
DA:604,30
DA:605,30
DA:607,30
DA:608,48
DA:610,48
DA:611,0
DA:614,48
DA:615,48
DA:618,30
DA:622,6
DA:624,6
DA:625,6
DA:627,6
DA:629,6
DA:630,30
DA:631,30
DA:633,30
DA:636,6
DA:643,62
DA:644,62
DA:645,62
DA:647,62
DA:649,62
DA:650,76
DA:652,76
DA:653,0
DA:656,76
DA:666,62
DA:668,62
DA:671,76
DA:676,4
DA:677,4
DA:679,4
DA:681,4
DA:682,6
DA:684,6
DA:685,0
DA:688,6
DA:689,0
DA:692,6
DA:699,4
DA:701,4
DA:704,6
DA:709,207
DA:710,188
DA:715,188
DA:716,1162
DA:717,0
DA:720,1162
DA:726,1092
DA:727,0
DA:733,1162
DA:737,188
DA:741,60
DA:742,42
DA:745,46
DA:749,60
DA:754,60
DA:758,147
DA:759,8
DA:765,66
DA:773,17
DA:777,85
DA:780,17
DA:781,66
DA:782,4
DA:783,62
DA:784,2
DA:785,60
DA:786,4
DA:787,56
DA:788,56
DA:790,0
DA:791,0
LF:266
LH:253
BRDA:57,0,0,17
BRDA:57,0,1,17
BRDA:165,1,0,0
BRDA:165,1,1,486
BRDA:165,2,0,486
BRDA:165,2,1,154
BRDA:168,3,0,6
BRDA:168,3,1,480
BRDA:169,4,0,154
BRDA:169,4,1,326
BRDA:177,5,0,234
BRDA:177,5,1,92
BRDA:178,6,0,58
BRDA:178,6,1,34
BRDA:188,7,0,6
BRDA:188,7,1,28
BRDA:196,8,0,76
BRDA:196,8,1,0
BRDA:210,9,0,130
BRDA:210,9,1,124
BRDA:210,9,2,116
BRDA:210,9,3,0
BRDA:233,10,0,144
BRDA:233,10,1,0
BRDA:233,11,0,144
BRDA:233,11,1,144
BRDA:233,12,0,128
BRDA:233,12,1,16
BRDA:233,13,0,144
BRDA:233,13,1,144
BRDA:237,14,0,6
BRDA:237,14,1,88
BRDA:238,15,0,74
BRDA:238,15,1,14
BRDA:246,16,0,6
BRDA:246,16,1,8
BRDA:247,17,0,4
BRDA:247,17,1,4
BRDA:260,18,0,162
BRDA:260,18,1,348
BRDA:261,19,0,276
BRDA:261,19,1,72
BRDA:278,20,0,130
BRDA:278,20,1,254
BRDA:278,20,2,370
BRDA:290,21,0,10
BRDA:290,21,1,390
BRDA:290,22,0,400
BRDA:290,22,1,26
BRDA:290,22,2,10
BRDA:290,22,3,10
BRDA:301,23,0,16
BRDA:301,23,1,384
BRDA:301,24,0,400
BRDA:301,24,1,26
BRDA:301,24,2,16
BRDA:301,24,3,16
BRDA:309,25,0,1094
BRDA:309,25,1,8
BRDA:320,26,0,234
BRDA:320,26,1,828
BRDA:328,27,0,0
BRDA:332,28,0,32
BRDA:332,28,1,994
BRDA:358,29,0,12
BRDA:358,29,1,70
BRDA:358,30,0,82
BRDA:358,30,1,18
BRDA:360,31,0,6
BRDA:360,31,1,64
BRDA:362,32,0,4
BRDA:362,32,1,60
BRDA:379,33,0,0
BRDA:379,33,1,6
BRDA:405,34,0,0
BRDA:405,34,1,76
BRDA:423,35,0,0
BRDA:456,36,0,2
BRDA:456,36,1,238
BRDA:468,37,0,14
BRDA:468,37,1,224
BRDA:475,38,0,20
BRDA:475,38,1,204
BRDA:485,39,0,562
BRDA:485,39,1,230
BRDA:488,40,0,246
BRDA:488,40,1,240
BRDA:488,40,2,0
BRDA:498,41,0,238
BRDA:498,41,1,2
BRDA:505,42,0,142
BRDA:505,42,1,42
BRDA:511,43,0,20
BRDA:511,43,1,22
BRDA:521,44,0,218
BRDA:521,44,1,20
BRDA:525,45,0,138
BRDA:525,45,1,20
BRDA:530,46,0,8
BRDA:530,46,1,12
BRDA:575,47,0,6
BRDA:575,47,1,24
BRDA:610,48,0,0
BRDA:610,48,1,48
BRDA:641,49,0,58
BRDA:652,50,0,0
BRDA:652,50,1,76
BRDA:684,51,0,0
BRDA:684,51,1,6
BRDA:688,52,0,0
BRDA:688,52,1,6
BRDA:709,53,0,19
BRDA:709,53,1,188
BRDA:710,54,0,0
BRDA:710,54,1,188
BRDA:716,55,0,0
BRDA:716,55,1,1162
BRDA:721,56,0,378
BRDA:721,56,1,738
BRDA:721,56,2,1092
BRDA:721,56,3,1162
BRDA:726,57,0,0
BRDA:726,57,1,1092
BRDA:741,58,0,42
BRDA:741,58,1,18
BRDA:749,59,0,0
BRDA:749,59,1,60
BRDA:758,60,0,139
BRDA:758,60,1,8
BRDA:766,61,0,66
BRDA:766,61,1,6
BRDA:766,61,2,4
BRDA:766,61,3,4
BRDA:777,62,0,85
BRDA:777,62,1,79
BRDA:781,63,0,4
BRDA:781,63,1,62
BRDA:783,64,0,2
BRDA:783,64,1,60
BRDA:785,65,0,4
BRDA:785,65,1,56
BRDA:787,66,0,56
BRDA:787,66,1,0
BRF:143
BRH:125
end_of_record
TN:
SF:/Users/zacharymarion/src/speedscope-fork/src/import/utils.ts
FN:37,withMockedFileChunkSizeForTests
FN:47,permissivelyParseJSONString
FN:66,permissivelyParseJSONUint8Array
FN:108,(anonymous_17)
FN:154,(anonymous_18)
FN:155,(anonymous_19)
FN:176,(anonymous_20)
FN:180,(anonymous_21)
FN:191,(anonymous_22)
FN:193,(anonymous_23)
FN:197,(anonymous_24)
FN:201,(anonymous_25)
FN:207,(anonymous_26)
FN:211,(anonymous_27)
FN:215,(anonymous_29)
FN:219,(anonymous_31)
FN:227,(anonymous_33)
FN:231,(anonymous_34)
FN:231,(anonymous_35)
FN:241,(anonymous_36)
FN:245,(anonymous_38)
FN:249,(anonymous_40)
FN:254,(anonymous_42)
FN:255,(anonymous_43)
FN:257,(anonymous_44)
FN:269,(anonymous_45)
FNF:26
FNH:26
FNDA:8,withMockedFileChunkSizeForTests
FNDA:150,permissivelyParseJSONString
FNDA:10,permissivelyParseJSONUint8Array
FNDA:192,(anonymous_17)
FNDA:59,(anonymous_18)
FNDA:59,(anonymous_19)
FNDA:130,(anonymous_20)
FNDA:154,(anonymous_21)
FNDA:8,(anonymous_22)
FNDA:7,(anonymous_23)
FNDA:13,(anonymous_24)
FNDA:6,(anonymous_25)
FNDA:5,(anonymous_26)
FNDA:10,(anonymous_27)
FNDA:5,(anonymous_29)
FNDA:5,(anonymous_31)
FNDA:205,(anonymous_33)
FNDA:205,(anonymous_34)
FNDA:205,(anonymous_35)
FNDA:334,(anonymous_36)
FNDA:370,(anonymous_38)
FNDA:185,(anonymous_40)
FNDA:38,(anonymous_42)
FNDA:38,(anonymous_43)
FNDA:38,(anonymous_44)
FNDA:167,(anonymous_45)
DA:1,18
DA:2,18
DA:35,18
DA:37,18
DA:38,8
DA:39,8
DA:40,8
DA:41,8
DA:43,8
DA:56,150
DA:57,150
DA:58,66
DA:59,66
DA:60,7
DA:63,150
DA:67,10
DA:68,10
DA:69,14
DA:70,10
DA:71,10
DA:74,10
DA:79,7
DA:80,7
DA:81,10
DA:85,7
DA:86,5
DA:89,7
DA:95,7
DA:96,7
DA:97,7
DA:98,7
DA:101,10
DA:104,18
DA:105,192
DA:109,192
DA:111,192
DA:112,192
DA:113,191
DA:115,2
DA:116,189
DA:118,2
DA:122,192
DA:124,192
DA:126,192
DA:127,18803
DA:128,18803
DA:133,18803
DA:134,18803
DA:141,0
DA:142,0
DA:143,0
DA:144,0
DA:145,0
DA:147,0
DA:148,0
DA:155,59
DA:156,59
DA:157,59
DA:158,3082
DA:159,3082
DA:160,28613
DA:162,25531
DA:163,25531
DA:168,59
DA:171,59
DA:177,130
DA:183,154
DA:184,144
DA:186,10
DA:190,18
DA:191,8
DA:194,7
DA:198,13
DA:202,6
DA:206,18
DA:208,5
DA:209,5
DA:212,10
DA:216,5
DA:220,5
DA:224,18
DA:228,205
DA:231,205
DA:232,205
DA:233,205
DA:234,25
DA:236,180
DA:242,334
DA:246,370
DA:250,185
DA:251,185
DA:255,38
DA:256,38
DA:257,38
DA:258,38
DA:259,0
DA:261,38
DA:263,38
DA:266,38
DA:270,167
LF:100
LH:92
BRDA:57,0,0,66
BRDA:57,0,1,84
BRDA:59,1,0,7
BRDA:59,1,1,59
BRDA:69,2,0,10
BRDA:69,2,1,4
BRDA:74,3,0,7
BRDA:74,3,1,3
BRDA:75,4,0,10
BRDA:75,4,1,9
BRDA:80,5,0,17
BRDA:80,5,1,17
BRDA:85,6,0,5
BRDA:85,6,1,2
BRDA:89,7,0,7
BRDA:89,7,1,0
BRDA:112,8,0,191
BRDA:112,8,1,1
BRDA:113,9,0,2
BRDA:113,9,1,189
BRDA:113,10,0,191
BRDA:113,10,1,2
BRDA:116,11,0,2
BRDA:116,11,1,187
BRDA:116,12,0,189
BRDA:116,12,1,2
BRDA:122,13,0,192
BRDA:122,13,1,0
BRDA:147,14,0,0
BRDA:147,14,1,0
BRDA:160,15,0,3082
BRDA:160,15,1,25531
BRDA:177,16,0,130
BRDA:177,16,1,0
BRDA:183,17,0,144
BRDA:183,17,1,10
BRDA:258,18,0,0
BRDA:258,18,1,38
BRF:38
BRH:32
end_of_record
TN:
SF:/Users/zacharymarion/src/speedscope-fork/src/import/v8cpuFormatter.ts
FN:31,treeToArray
FN:33,visit
FN:44,(anonymous_2)
FN:52,timestampsToDeltas
FN:53,(anonymous_4)
FN:62,chromeTreeToNodes
FNF:6
FNH:6
FNDA:2,treeToArray
FNDA:14,visit
FNDA:12,(anonymous_2)
FNDA:2,timestampsToDeltas
FNDA:60,(anonymous_4)
FNDA:2,chromeTreeToNodes
DA:32,2
DA:34,14
DA:44,12
DA:46,14
DA:48,2
DA:49,2
DA:53,2
DA:54,60
DA:55,60
DA:62,17
DA:64,2
LF:11
LH:11
BRDA:54,0,0,2
BRDA:54,0,1,58
BRF:2
BRH:2
end_of_record
TN:
SF:/Users/zacharymarion/src/speedscope-fork/src/import/v8heapalloc.ts
FN:38,frameInfoForCallFrame
FN:39,(anonymous_1)
FN:56,importFromChromeHeapProfile
FN:59,(anonymous_3)
FN:66,(anonymous_4)
FN:71,(anonymous_5)
FN:73,(anonymous_6)
FN:104,(anonymous_7)
FNF:8
FNH:8
FNDA:13274,frameInfoForCallFrame
FNDA:1246,(anonymous_1)
FNDA:4,importFromChromeHeapProfile
FNDA:1246,(anonymous_3)
FNDA:1242,(anonymous_4)
FNDA:1246,(anonymous_5)
FNDA:1242,(anonymous_6)
FNDA:13274,(anonymous_7)
DA:1,17
DA:2,17
DA:3,17
DA:37,17
DA:39,13274
DA:40,1246
DA:41,1246
DA:42,1246
DA:44,1246
DA:46,1246
DA:56,17
DA:57,4
DA:58,4
DA:59,4
DA:60,1246
DA:61,1246
DA:62,1246
DA:63,1242
DA:66,1246
DA:68,4
DA:71,4
DA:72,1246
DA:73,940
DA:74,1242
DA:75,1242
DA:77,940
DA:78,940
DA:80,4
DA:83,4
DA:84,4
DA:85,1246
DA:86,1246
DA:88,1246
DA:89,13274
DA:90,12028
DA:91,12028
DA:93,12028
DA:94,12028
DA:96,1246
DA:99,4
DA:101,4
DA:102,1246
DA:103,1246
DA:104,13274
DA:109,4
DA:110,4
LF:46
LH:46
BRDA:44,0,0,1246
BRDA:44,0,1,230
BRDA:45,1,0,230
BRDA:45,1,1,0
BRDA:62,2,0,1242
BRDA:62,2,1,4
BRDA:72,3,0,306
BRDA:72,3,1,940
BRDA:72,4,0,306
BRDA:72,4,1,0
BRDA:89,5,0,1246
BRDA:89,5,1,12028
BRDA:91,6,0,0
BRDA:91,6,1,12028
BRF:14
BRH:11
end_of_record
TN:
SF:/Users/zacharymarion/src/speedscope-fork/src/import/v8proflog.ts
FN:60,codeToFrameInfo
FN:139,importFromV8ProfLog
FN:143,getFrameInfo
FN:144,(anonymous_3)
FN:152,(anonymous_4)
FNF:5
FNH:5
FNDA:56,codeToFrameInfo
FNDA:2,importFromV8ProfLog
FNDA:602,getFrameInfo
FNDA:56,(anonymous_3)
FNDA:100,(anonymous_4)
DA:1,17
DA:2,17
DA:3,17
DA:61,56
DA:62,0
DA:68,56
DA:69,56
DA:71,8
DA:72,8
DA:73,8
DA:77,0
DA:78,0
DA:81,48
DA:82,48
DA:83,48
DA:84,48
DA:85,48
DA:87,48
DA:92,48
DA:100,0
DA:104,0
DA:111,0
DA:112,0
DA:115,0
DA:116,0
DA:118,0
DA:119,0
DA:121,0
DA:122,0
DA:124,0
DA:125,0
DA:127,0
DA:131,0
DA:132,0
DA:136,8
DA:139,17
DA:140,2
DA:142,2
DA:144,602
DA:145,56
DA:146,56
DA:150,2
DA:152,100
DA:154,2
DA:155,52
DA:171,52
DA:172,602
DA:174,602
DA:175,602
DA:177,0
DA:181,0
DA:183,602
DA:185,52
DA:186,52
DA:194,2
DA:196,2
LF:56
LH:36
BRDA:61,0,0,0
BRDA:61,0,1,56
BRDA:61,1,0,56
BRDA:61,1,1,56
BRDA:70,2,0,8
BRDA:70,2,1,0
BRDA:70,2,2,48
BRDA:70,2,3,0
BRDA:70,2,4,0
BRDA:72,3,0,8
BRDA:72,3,1,0
BRDA:82,4,0,48
BRDA:82,4,1,0
BRDA:88,5,0,36
BRDA:88,5,1,12
BRDA:90,6,0,12
BRDA:90,6,1,0
BRDA:95,7,0,48
BRDA:95,7,1,0
BRDA:105,8,0,0
BRDA:105,8,1,0
BRDA:105,8,2,0
BRDA:105,8,3,0
BRDA:105,8,4,0
BRDA:105,8,5,0
BRDA:105,8,6,0
BRDA:105,8,7,0
BRDA:105,8,8,0
BRDA:105,8,9,0
BRDA:174,9,0,0
BRDA:174,9,1,602
BRDA:175,10,0,0
BRDA:175,10,1,602
BRF:33
BRH:13
end_of_record
TN:
SF:/Users/zacharymarion/src/speedscope-fork/src/lib/atom.ts
FN:69,(anonymous_0)
FN:85,(anonymous_1)
FN:111,(anonymous_2)
FN:117,(anonymous_3)
FN:120,(anonymous_4)
FN:124,(anonymous_5)
FN:128,(anonymous_6)
FN:136,useAtom
FN:139,(anonymous_8)
FN:145,listener
FN:150,(anonymous_10)
FNF:11
FNH:6
FNDA:0,(anonymous_0)
FNDA:5,(anonymous_1)
FNDA:10,(anonymous_2)
FNDA:5,(anonymous_3)
FNDA:13,(anonymous_4)
FNDA:3,(anonymous_5)
FNDA:1,(anonymous_6)
FNDA:0,useAtom
FNDA:0,(anonymous_8)
FNDA:0,listener
FNDA:0,(anonymous_10)
DA:58,1
DA:62,1
DA:63,1
DA:66,1
DA:67,0
DA:69,0
DA:70,0
DA:71,0
DA:72,0
DA:73,0
DA:77,0
DA:80,0
DA:83,1
DA:84,5
DA:86,5
DA:89,5
DA:90,0
DA:93,0
DA:96,0
DA:97,0
DA:98,0
DA:100,0
DA:107,5
DA:108,5
DA:112,10
DA:114,1
DA:116,9
DA:117,9
DA:121,13
DA:125,3
DA:129,1
DA:130,1
DA:131,1
DA:136,1
DA:137,0
DA:139,0
DA:143,0
DA:146,0
DA:149,0
DA:150,0
DA:151,0
DA:155,0
LF:42
LH:20
BRDA:66,0,0,0
BRDA:66,0,1,1
BRDA:70,1,0,0
BRDA:70,1,1,0
BRDA:80,2,0,0
BRDA:80,2,1,0
BRDA:89,3,0,0
BRDA:89,3,1,5
BRDA:90,4,0,0
BRDA:90,4,1,0
BRDA:90,5,0,0
BRDA:90,5,1,0
BRDA:90,6,0,0
BRDA:90,6,1,0
BRDA:96,7,0,0
BRDA:96,7,1,0
BRDA:97,8,0,0
BRDA:97,8,1,0
BRDA:112,9,0,1
BRDA:112,9,1,9
BRDA:130,10,0,1
BRDA:130,10,1,0
BRF:22
BRH:5
end_of_record
TN:
SF:/Users/zacharymarion/src/speedscope-fork/src/lib/canvas-2d-batch-renderers.ts
FN:15,(anonymous_0)
FN:18,(anonymous_1)
FN:22,(anonymous_2)
FN:39,(anonymous_3)
FN:42,(anonymous_4)
FN:46,(anonymous_5)
FN:55,(anonymous_6)
FN:62,(anonymous_7)
FNF:8
FNH:0
FNDA:0,(anonymous_0)
FNDA:0,(anonymous_1)
FNDA:0,(anonymous_2)
FNDA:0,(anonymous_3)
FNDA:0,(anonymous_4)
FNDA:0,(anonymous_5)
FNDA:0,(anonymous_6)
FNDA:0,(anonymous_7)
DA:15,0
DA:16,0
DA:19,0
DA:23,0
DA:24,0
DA:25,0
DA:26,0
DA:28,0
DA:39,0
DA:40,0
DA:43,0
DA:47,0
DA:48,0
DA:49,0
DA:51,0
DA:52,0
DA:56,0
DA:57,0
DA:58,0
DA:59,0
DA:63,0
DA:64,0
DA:65,0
DA:66,0
DA:67,0
LF:25
LH:0
BRDA:23,0,0,0
BRDA:23,0,1,0
BRDA:56,1,0,0
BRDA:56,1,1,0
BRDA:63,2,0,0
BRDA:63,2,1,0
BRF:6
BRH:0
end_of_record
TN:
SF:/Users/zacharymarion/src/speedscope-fork/src/lib/color.ts
FN:4,(anonymous_0)
FN:11,(anonymous_1)
FN:37,(anonymous_2)
FN:50,(anonymous_3)
FN:54,(anonymous_4)
FNF:5
FNH:3
FNDA:17,(anonymous_0)
FNDA:12,(anonymous_1)
FNDA:0,(anonymous_2)
FNDA:0,(anonymous_3)
FNDA:17,(anonymous_4)
DA:1,1
DA:3,1
DA:5,17
DA:6,17
DA:7,17
DA:8,17
DA:17,12
DA:18,12
DA:20,12
DA:32,12
DA:34,12
DA:38,0
DA:39,0
DA:41,0
DA:42,0
DA:43,0
DA:44,0
DA:45,0
DA:47,0
DA:51,0
DA:55,17
LF:21
LH:12
BRDA:5,0,0,1
BRDA:6,1,0,1
BRDA:7,2,0,1
BRDA:8,3,0,1
BRDA:21,4,0,5
BRDA:21,4,1,7
BRDA:23,5,0,2
BRDA:23,5,1,5
BRDA:25,6,0,1
BRDA:25,6,1,4
BRDA:27,7,0,1
BRDA:27,7,1,3
BRDA:29,8,0,1
BRDA:29,8,1,2
BRDA:38,9,0,0
BRDA:38,9,1,0
BRDA:38,10,0,0
BRDA:38,10,1,0
BRDA:44,11,0,0
BRDA:44,11,1,0
BRDA:44,12,0,0
BRDA:44,12,1,0
[...]
FN:30,useFlamechartSetters
FN:33,(anonymous_1)
FN:39,(anonymous_2)
FN:45,(anonymous_3)
FN:51,(anonymous_4)
FN:70,(anonymous_5)
FN:86,(anonymous_6)
FN:88,(anonymous_7)
FN:113,(anonymous_8)
FN:155,(anonymous_9)
FN:173,(anonymous_10)
FNF:11
FNH:0
FNDA:0,useFlamechartSetters
FNDA:0,(anonymous_1)
FNDA:0,(anonymous_2)
FNDA:0,(anonymous_3)
FNDA:0,(anonymous_4)
FNDA:0,(anonymous_5)
FNDA:0,(anonymous_6)
FNDA:0,(anonymous_7)
FNDA:0,(anonymous_8)
FNDA:0,(anonymous_9)
FNDA:0,(anonymous_10)
DA:1,0
DA:3,0
DA:4,0
DA:6,0
DA:7,0
DA:8,0
DA:16,0
DA:18,0
DA:19,0
DA:20,0
DA:21,0
DA:30,0
DA:31,0
DA:34,0
DA:40,0
DA:46,0
DA:52,0
DA:69,0
DA:77,0
DA:86,0
DA:87,0
DA:95,0
DA:106,0
DA:113,0
DA:114,0
DA:115,0
DA:117,0
DA:119,0
DA:120,0
DA:121,0
DA:122,0
DA:124,0
DA:125,0
DA:130,0
DA:132,0
DA:154,0
DA:162,0
DA:171,0
DA:173,0
DA:174,0
DA:176,0
DA:178,0
DA:180,0
DA:181,0
DA:182,0
DA:183,0
DA:185,0
DA:189,0
DA:194,0
DA:196,0
LF:50
LH:0
BRF:0
BRH:0
end_of_record
TN:
SF:/Users/zacharymarion/src/speedscope-fork/src/views/flamechart-view.tsx
FN:20,(anonymous_0)
FN:32,(anonymous_1)
FN:52,(anonymous_2)
FN:56,(anonymous_3)
FN:61,(anonymous_4)
FN:65,(anonymous_5)
FN:103,(anonymous_6)
FN:21,(anonymous_7)
FN:25,(anonymous_8)
FN:69,(anonymous_9)
FN:76,(anonymous_10)
FN:107,(anonymous_11)
FN:122,(anonymous_12)
FNF:13
FNH:0
FNDA:0,(anonymous_0)
FNDA:0,(anonymous_1)
FNDA:0,(anonymous_2)
FNDA:0,(anonymous_3)
FNDA:0,(anonymous_4)
FNDA:0,(anonymous_5)
FNDA:0,(anonymous_6)
FNDA:0,(anonymous_7)
FNDA:0,(anonymous_8)
FNDA:0,(anonymous_9)
FNDA:0,(anonymous_10)
FNDA:0,(anonymous_11)
FNDA:0,(anonymous_12)
DA:1,0
DA:2,0
DA:6,0
DA:7,0
DA:8,0
DA:10,0
DA:11,0
DA:12,0
DA:13,0
DA:15,0
DA:16,0
DA:17,0
DA:18,0
DA:20,0
DA:22,0
DA:26,0
DA:32,0
DA:33,0
DA:35,0
DA:37,0
DA:38,0
DA:40,0
DA:49,0
DA:52,0
DA:53,0
DA:56,0
DA:57,0
DA:58,0
DA:61,0
DA:62,0
DA:65,0
DA:66,0
DA:70,0
DA:71,0
DA:72,0
DA:73,0
DA:77,0
DA:79,0
DA:80,0
DA:81,0
DA:82,0
DA:83,0
DA:85,0
DA:87,0
DA:102,0
DA:103,0
DA:104,0
DA:108,0
DA:110,0
DA:123,0
LF:50
LH:0
BRDA:104,0,0,0
BRDA:104,0,1,0
BRDA:77,1,0,0
BRDA:77,1,1,0
BRDA:80,2,0,0
BRDA:80,2,1,0
BRDA:94,3,0,0
BRDA:94,3,1,0
BRDA:145,4,0,0
BRDA:145,4,1,0
BRF:10
BRH:0
end_of_record
TN:
SF:/Users/zacharymarion/src/speedscope-fork/src/views/flamechart-wrapper.tsx
FN:13,(anonymous_0)
FN:21,(anonymous_1)
FN:24,(anonymous_2)
FN:28,(anonymous_3)
FN:61,(anonymous_4)
FN:64,(anonymous_5)
FN:14,(anonymous_6)
FN:31,(anonymous_7)
FN:37,(anonymous_8)
FN:72,(anonymous_9)
FN:100,(anonymous_10)
FNF:11
FNH:0
FNDA:0,(anonymous_0)
FNDA:0,(anonymous_1)
FNDA:0,(anonymous_2)
FNDA:0,(anonymous_3)
FNDA:0,(anonymous_4)
FNDA:0,(anonymous_5)
FNDA:0,(anonymous_6)
FNDA:0,(anonymous_7)
FNDA:0,(anonymous_8)
FNDA:0,(anonymous_9)
FNDA:0,(anonymous_10)
DA:2,0
DA:3,0
DA:4,0
DA:5,0
DA:6,0
DA:7,0
DA:8,0
DA:10,0
DA:11,0
DA:13,0
DA:15,0
DA:16,0
DA:21,0
DA:22,0
DA:24,0
DA:25,0
DA:28,0
DA:29,0
DA:32,0
DA:33,0
DA:34,0
DA:35,0
DA:38,0
DA:39,0
DA:40,0
DA:41,0
DA:42,0
DA:43,0
DA:44,0
DA:46,0
DA:60,0
DA:61,0
DA:62,0
DA:64,0
DA:70,0
DA:73,0
DA:100,0
DA:101,0
LF:38
LH:0
BRDA:62,0,0,0
BRDA:62,0,1,0
BRDA:38,1,0,0
BRDA:38,1,1,0
BRDA:40,2,0,0
BRDA:40,2,1,0
BRDA:53,3,0,0
BRDA:53,3,1,0
BRF:8
BRH:0
end_of_record
TN:
SF:/Users/zacharymarion/src/speedscope-fork/src/views/hovertip.tsx
FN:14,Hovertip
FN:24,(anonymous_1)
FN:75,(anonymous_2)
FNF:3
FNH:0
FNDA:0,Hovertip
FNDA:0,(anonymous_1)
FNDA:0,(anonymous_2)
DA:2,0
DA:3,0
DA:4,0
DA:5,0
DA:6,0
DA:14,0
DA:15,0
DA:17,0
DA:18,0
DA:19,0
DA:21,0
DA:23,0
DA:25,0
DA:27,0
DA:30,0
DA:34,0
DA:35,0
DA:39,0
DA:40,0
DA:43,0
DA:46,0
DA:52,0
DA:53,0
DA:57,0
DA:58,0
DA:61,0
DA:66,0
DA:73,0
DA:75,0
DA:76,0
LF:30
LH:0
BRDA:25,0,0,0
BRDA:25,0,1,0
BRDA:34,1,0,0
BRDA:34,1,1,0
BRDA:39,2,0,0
BRDA:39,2,1,0
BRDA:52,3,0,0
BRDA:52,3,1,0
BRDA:57,4,0,0
BRDA:57,4,1,0
BRF:10
BRH:0
end_of_record
TN:
SF:/Users/zacharymarion/src/speedscope-fork/src/views/inverted-caller-flamegraph-view.tsx
FN:24,(anonymous_0)
FN:39,(anonymous_1)
FN:57,(anonymous_2)
FNF:3
FNH:0
FNDA:0,(anonymous_0)
FNDA:0,(anonymous_1)
FNDA:0,(anonymous_2)
DA:1,0
DA:3,0
DA:4,0
DA:9,0
DA:15,0
DA:16,0
DA:17,0
DA:18,0
DA:19,0
DA:20,0
DA:21,0
DA:23,0
DA:33,0
DA:34,0
DA:38,0
DA:46,0
DA:55,0
DA:57,0
DA:58,0
DA:59,0
DA:60,0
DA:61,0
DA:62,0
DA:64,0
DA:65,0
DA:66,0
DA:67,0
DA:68,0
DA:70,0
DA:71,0
DA:72,0
DA:73,0
DA:75,0
DA:83,0
DA:85,0
LF:35
LH:0
BRDA:34,0,0,0
BRDA:34,0,1,0
BRDA:64,1,0,0
BRDA:64,1,1,0
BRDA:65,2,0,0
BRDA:65,2,1,0
BRDA:67,3,0,0
BRDA:67,3,1,0
BRF:8
BRH:0
end_of_record
TN:
SF:/Users/zacharymarion/src/speedscope-fork/src/views/profile-select.tsx
FN:24,highlightRanges
FN:41,ProfileSelectRow
FN:56,(anonymous_2)
FN:62,(anonymous_3)
FN:73,(anonymous_4)
FN:113,stopPropagation
FN:124,getSortedFilteredProfiles
FN:136,(anonymous_7)
FN:140,ProfileSelect
FN:152,(anonymous_9)
FN:160,(anonymous_10)
FN:172,(anonymous_11)
FN:179,(anonymous_12)
FN:201,(anonymous_13)
FN:225,(anonymous_14)
FN:238,(anonymous_15)
FN:263,(anonymous_16)
FN:272,(anonymous_17)
FN:286,(anonymous_18)
FN:317,(anonymous_19)
FN:355,(anonymous_20)
FNF:21
FNH:0
FNDA:0,highlightRanges
FNDA:0,ProfileSelectRow
FNDA:0,(anonymous_2)
FNDA:0,(anonymous_3)
FNDA:0,(anonymous_4)
FNDA:0,stopPropagation
FNDA:0,getSortedFilteredProfiles
FNDA:0,(anonymous_7)
FNDA:0,ProfileSelect
FNDA:0,(anonymous_9)
FNDA:0,(anonymous_10)
FNDA:0,(anonymous_11)
FNDA:0,(anonymous_12)
FNDA:0,(anonymous_13)
FNDA:0,(anonymous_14)
FNDA:0,(anonymous_15)
FNDA:0,(anonymous_16)
FNDA:0,(anonymous_17)
FNDA:0,(anonymous_18)
FNDA:0,(anonymous_19)
FNDA:0,(anonymous_20)
DA:2,0
DA:3,0
DA:4,0
DA:5,0
DA:6,0
DA:7,0
DA:8,0
DA:29,0
DA:30,0
DA:31,0
DA:32,0
DA:33,0
DA:34,0
DA:36,0
DA:38,0
DA:41,0
DA:54,0
DA:56,0
DA:57,0
DA:58,0
DA:61,0
DA:63,0
DA:68,0
DA:70,0
DA:72,0
DA:73,0
DA:74,0
DA:75,0
DA:81,0
DA:114,0
DA:125,0
DA:126,0
DA:127,0
DA:128,0
DA:129,0
DA:130,0
DA:136,0
DA:137,0
DA:140,0
DA:147,0
DA:149,0
DA:151,0
DA:153,0
DA:154,0
DA:159,0
DA:161,0
DA:162,0
DA:163,0
DA:165,0
DA:172,0
DA:173,0
DA:176,0
DA:178,0
DA:179,0
DA:180,0
DA:184,0
DA:187,0
DA:188,0
DA:200,0
DA:204,0
DA:206,0
DA:208,0
DA:210,0
DA:211,0
DA:212,0
DA:214,0
DA:217,0
DA:218,0
DA:221,0
DA:222,0
DA:223,0
DA:224,0
DA:225,0
DA:227,0
DA:228,0
DA:231,0
DA:234,0
DA:235,0
DA:236,0
DA:237,0
DA:238,0
DA:240,0
DA:241,0
DA:244,0
DA:248,0
DA:254,0
DA:255,0
DA:256,0
DA:262,0
DA:263,0
DA:265,0
DA:266,0
DA:267,0
DA:271,0
DA:273,0
DA:274,0
DA:279,0
DA:285,0
DA:287,0
DA:288,0
DA:297,0
DA:318,0
DA:319,0
DA:320,0
DA:321,0
DA:322,0
DA:323,0
DA:324,0
DA:325,0
DA:326,0
DA:328,0
DA:353,0
DA:355,0
DA:356,0
LF:114
LH:0
BRDA:89,0,0,0
BRDA:89,0,1,0
BRDA:90,1,0,0
BRDA:90,1,1,0
BRDA:91,2,0,0
BRDA:91,2,1,0
BRDA:95,3,0,0
BRDA:95,3,1,0
BRDA:129,4,0,0
BRDA:129,4,1,0
BRDA:161,5,0,0
BRDA:161,5,1,0
BRDA:162,6,0,0
BRDA:162,6,1,0
BRDA:180,7,0,0
BRDA:180,7,1,0
BRDA:187,8,0,0
BRDA:187,8,1,0
BRDA:209,9,0,0
BRDA:209,9,1,0
BRDA:209,9,2,0
BRDA:209,9,3,0
BRDA:210,10,0,0
BRDA:210,10,1,0
BRDA:223,11,0,0
BRDA:223,11,1,0
BRDA:227,12,0,0
BRDA:227,12,1,0
BRDA:236,13,0,0
BRDA:236,13,1,0
BRDA:240,14,0,0
BRDA:240,14,1,0
BRDA:248,15,0,0
BRDA:248,15,1,0
BRDA:249,16,0,0
BRDA:249,16,1,0
BRDA:249,16,2,0
BRDA:265,17,0,0
BRDA:265,17,1,0
BRDA:273,18,0,0
BRDA:273,18,1,0
BRDA:273,19,0,0
BRDA:273,19,1,0
BRDA:321,20,0,0
BRDA:321,20,1,0
BRDA:321,21,0,0
BRDA:321,21,1,0
BRDA:323,22,0,0
BRDA:323,22,1,0
BRDA:325,23,0,0
BRDA:325,23,1,0
BRDA:345,24,0,0
BRDA:345,24,1,0
BRF:53
BRH:0
end_of_record
TN:
SF:/Users/zacharymarion/src/speedscope-fork/src/views/profile-table-view.tsx
FN:30,HBarDisplay
FN:44,SortIcon
FN:79,highlightRanges
FN:96,(anonymous_3)
FN:160,(anonymous_4)
FN:173,(anonymous_5)
FN:209,(anonymous_6)
FN:264,(anonymous_7)
FN:267,(anonymous_8)
FN:272,(anonymous_9)
FN:276,(anonymous_10)
FN:280,(anonymous_11)
FN:330,(anonymous_12)
FN:427,(anonymous_13)
FN:438,(anonymous_14)
FNF:15
FNH:0
FNDA:0,HBarDisplay
FNDA:0,SortIcon
FNDA:0,highlightRanges
FNDA:0,(anonymous_3)
FNDA:0,(anonymous_4)
FNDA:0,(anonymous_5)
FNDA:0,(anonymous_6)
FNDA:0,(anonymous_7)
FNDA:0,(anonymous_8)
FNDA:0,(anonymous_9)
FNDA:0,(anonymous_10)
FNDA:0,(anonymous_11)
FNDA:0,(anonymous_12)
FNDA:0,(anonymous_13)
FNDA:0,(anonymous_14)
DA:1,0
DA:2,0
DA:4,0
DA:5,0
DA:6,0
DA:7,0
DA:8,0
DA:9,0
DA:10,0
DA:11,0
DA:12,0
DA:13,0
DA:14,0
DA:23,0
DA:31,0
DA:33,0
DA:45,0
DA:46,0
DA:48,0
DA:50,0
DA:52,0
DA:54,0
DA:84,0
DA:85,0
DA:86,0
DA:87,0
DA:88,0
DA:89,0
DA:91,0
DA:93,0
DA:96,0
DA:105,0
DA:107,0
DA:108,0
DA:109,0
DA:110,0
DA:112,0
DA:116,0
DA:159,0
DA:170,0
DA:172,0
DA:174,0
DA:176,0
DA:178,0
DA:187,0
DA:189,0
DA:190,0
DA:193,0
DA:194,0
DA:197,0
DA:198,0
DA:206,0
DA:208,0
DA:210,0
DA:212,0
DA:214,0
DA:215,0
DA:216,0
DA:217,0
DA:230,0
DA:231,0
DA:232,0
DA:240,0
DA:248,0
DA:263,0
DA:265,0
DA:267,0
DA:271,0
DA:272,0
DA:275,0
DA:276,0
DA:279,0
DA:280,0
DA:284,0
DA:330,0
DA:331,0
DA:427,0
DA:428,0
DA:429,0
DA:430,0
DA:431,0
DA:432,0
DA:433,0
DA:434,0
DA:435,0
DA:436,0
DA:438,0
DA:439,0
DA:441,0
DA:442,0
DA:444,0
LF:91
LH:0
BRDA:50,0,0,0
BRDA:50,0,1,0
BRDA:52,1,0,0
BRDA:52,1,1,0
BRDA:122,2,0,0
BRDA:122,2,1,0
BRDA:123,3,0,0
BRDA:123,3,1,0
BRDA:137,4,0,0
BRDA:137,4,1,0
BRDA:140,5,0,0
BRDA:140,5,1,0
BRDA:176,6,0,0
BRDA:176,6,1,0
BRDA:182,7,0,0
BRDA:182,7,1,0
BRDA:188,8,0,0
BRDA:188,8,1,0
BRDA:188,8,2,0
BRDA:210,9,0,0
BRDA:210,9,1,0
BRDA:220,10,0,0
BRDA:220,10,1,0
BRDA:230,11,0,0
BRDA:230,11,1,0
BRDA:231,12,0,0
BRDA:231,12,1,0
BRDA:266,13,0,0
BRDA:266,13,1,0
BRDA:292,14,0,0
BRDA:292,14,1,0
BRDA:300,15,0,0
BRDA:300,15,1,0
BRDA:308,16,0,0
BRDA:308,16,1,0
BRDA:322,17,0,0
BRDA:322,17,1,0
BRDA:322,18,0,0
BRDA:322,18,1,0
BRDA:322,19,0,0
BRDA:322,19,1,0
BRDA:430,20,0,0
BRDA:430,20,1,0
BRDA:434,21,0,0
BRDA:434,21,1,0
BRF:45
BRH:0
end_of_record
TN:
SF:/Users/zacharymarion/src/speedscope-fork/src/views/sandwich-search-view.tsx
FN:7,(anonymous_0)
FN:17,(anonymous_1)
FN:19,(anonymous_2)
FN:19,(anonymous_3)
FN:23,(anonymous_4)
FN:28,(anonymous_5)
FNF:6
FNH:0
FNDA:0,(anonymous_0)
FNDA:0,(anonymous_1)
FNDA:0,(anonymous_2)
FNDA:0,(anonymous_3)
FNDA:0,(anonymous_4)
FNDA:0,(anonymous_5)
DA:1,0
DA:2,0
DA:3,0
DA:4,0
DA:5,0
DA:7,0
DA:8,0
DA:10,0
DA:12,0
DA:15,0
DA:17,0
DA:18,0
DA:19,0
DA:22,0
DA:24,0
DA:25,0
DA:26,0
DA:29,0
DA:30,0
DA:31,0
DA:36,0
LF:21
LH:0
BRDA:10,0,0,0
BRDA:10,0,1,0
BRDA:13,1,0,0
BRDA:13,1,1,0
BRDA:12,2,0,0
BRDA:12,2,1,0
BRDA:12,3,0,0
BRDA:12,3,1,0
BRDA:15,4,0,0
BRDA:15,4,1,0
BRDA:18,5,0,0
BRDA:18,5,1,0
BRDA:18,6,0,0
BRDA:18,6,1,0
BRDA:18,6,2,0
BRDA:18,6,3,0
BRDA:24,7,0,0
BRDA:24,7,1,0
BRDA:25,8,0,0
BRDA:25,8,1,0
BRDA:29,9,0,0
BRDA:29,9,1,0
BRDA:30,10,0,0
BRDA:30,10,1,0
BRF:24
BRH:0
end_of_record
TN:
SF:/Users/zacharymarion/src/speedscope-fork/src/views/sandwich-view.tsx
FN:28,(anonymous_0)
FN:29,(anonymous_1)
FN:33,(anonymous_2)
FN:39,(anonymous_3)
FN:42,(anonymous_4)
FN:46,(anonymous_5)
FN:90,(anonymous_6)
FN:148,(anonymous_7)
FN:154,(anonymous_8)
FN:164,(anonymous_9)
FN:167,(anonymous_10)
FN:176,(anonymous_11)
FN:180,(anonymous_12)
FN:184,(anonymous_13)
FN:195,(anonymous_14)
FN:200,(anonymous_15)
FN:206,(anonymous_16)
FN:207,(anonymous_17)
FNF:18
FNH:0
FNDA:0,(anonymous_0)
FNDA:0,(anonymous_1)
FNDA:0,(anonymous_2)
FNDA:0,(anonymous_3)
FNDA:0,(anonymous_4)
FNDA:0,(anonymous_5)
FNDA:0,(anonymous_6)
FNDA:0,(anonymous_7)
FNDA:0,(anonymous_8)
FNDA:0,(anonymous_9)
FNDA:0,(anonymous_10)
FNDA:0,(anonymous_11)
FNDA:0,(anonymous_12)
FNDA:0,(anonymous_13)
FNDA:0,(anonymous_14)
FNDA:0,(anonymous_15)
FNDA:0,(anonymous_16)
FNDA:0,(anonymous_17)
DA:2,0
DA:3,0
DA:4,0
DA:5,0
DA:6,0
DA:7,0
DA:8,0
DA:9,0
DA:10,0
DA:12,0
DA:13,0
DA:14,0
DA:15,0
DA:16,0
DA:17,0
DA:29,0
DA:30,0
DA:33,0
DA:34,0
DA:35,0
DA:40,0
DA:43,0
DA:47,0
DA:49,0
DA:50,0
DA:52,0
DA:53,0
DA:78,0
DA:90,0
DA:91,0
DA:146,0
DA:148,0
DA:149,0
DA:150,0
DA:151,0
DA:153,0
DA:154,0
DA:155,0
DA:158,0
DA:159,0
DA:160,0
DA:162,0
DA:164,0
DA:165,0
DA:167,0
DA:168,0
DA:169,0
DA:171,0
DA:174,0
DA:176,0
DA:177,0
DA:180,0
DA:181,0
DA:184,0
DA:185,0
DA:188,0
DA:189,0
DA:192,0
DA:195,0
DA:196,0
DA:197,0
DA:198,0
DA:200,0
DA:201,0
DA:202,0
DA:206,0
DA:207,0
DA:208,0
DA:209,0
DA:213,0
DA:221,0
LF:71
LH:0
BRDA:34,0,0,0
BRDA:34,0,1,0
BRDA:52,1,0,0
BRDA:52,1,1,0
BRDA:162,2,0,0
BRDA:162,2,1,0
BRDA:168,3,0,0
BRDA:168,3,1,0
BRDA:168,4,0,0
BRDA:168,4,1,0
BRDA:175,5,0,0
BRDA:175,5,1,0
BRDA:175,5,2,0
BRDA:188,6,0,0
BRDA:188,6,1,0
BRDA:202,7,0,0
BRDA:202,7,1,0
BRDA:208,8,0,0
BRDA:208,8,1,0
BRF:19
BRH:0
end_of_record
TN:
SF:/Users/zacharymarion/src/speedscope-fork/src/views/scrollable-list-view.tsx
FN:28,(anonymous_0)
FN:46,(anonymous_1)
FN:51,(anonymous_2)
FN:53,(anonymous_3)
FN:68,(anonymous_4)
FN:110,(anonymous_5)
FN:110,(anonymous_6)
FN:112,(anonymous_7)
FN:118,(anonymous_8)
FN:119,(anonymous_9)
FN:126,(anonymous_10)
FN:131,(anonymous_11)
FN:137,(anonymous_12)
FNF:13
FNH:0
FNDA:0,(anonymous_0)
FNDA:0,(anonymous_1)
FNDA:0,(anonymous_2)
FNDA:0,(anonymous_3)
FNDA:0,(anonymous_4)
FNDA:0,(anonymous_5)
FNDA:0,(anonymous_6)
FNDA:0,(anonymous_7)
FNDA:0,(anonymous_8)
FNDA:0,(anonymous_9)
FNDA:0,(anonymous_10)
FNDA:0,(anonymous_11)
FNDA:0,(anonymous_12)
DA:4,0
DA:5,0
DA:28,0
DA:35,0
DA:36,0
DA:38,0
DA:40,0
DA:41,0
DA:42,0
DA:45,0
DA:46,0
DA:48,0
DA:50,0
DA:52,0
DA:53,0
DA:54,0
DA:55,0
DA:56,0
DA:57,0
DA:61,0
DA:63,0
DA:68,0
DA:69,0
DA:70,0
DA:75,0
DA:76,0
DA:78,0
DA:79,0
DA:81,0
DA:82,0
DA:83,0
DA:84,0
DA:85,0
DA:86,0
DA:87,0
DA:91,0
DA:93,0
DA:94,0
DA:95,0
DA:96,0
DA:97,0
DA:101,0
DA:103,0
DA:110,0
DA:112,0
DA:113,0
DA:114,0
DA:118,0
DA:119,0
DA:120,0
DA:121,0
DA:125,0
DA:126,0
DA:127,0
DA:131,0
DA:132,0
DA:137,0
DA:138,0
DA:147,0
LF:59
LH:0
BRDA:40,0,0,0
BRDA:40,0,1,0
BRDA:41,1,0,0
BRDA:41,1,1,0
BRDA:42,2,0,0
BRDA:42,2,1,0
BRDA:46,3,0,0
BRDA:46,3,1,0
BRDA:46,4,0,0
BRDA:46,4,1,0
BRDA:52,5,0,0
BRDA:52,5,1,0
BRDA:55,6,0,0
BRDA:55,6,1,0
BRDA:69,7,0,0
BRDA:69,7,1,0
BRDA:69,8,0,0
BRDA:69,8,1,0
BRDA:69,8,2,0
BRDA:86,9,0,0
BRDA:86,9,1,0
BRDA:96,10,0,0
BRDA:96,10,1,0
BRDA:113,11,0,0
BRDA:113,11,1,0
BRDA:120,12,0,0
BRDA:120,12,1,0
BRDA:133,13,0,0
BRDA:133,13,1,0
BRDA:140,14,0,0
BRDA:140,14,1,0
BRDA:140,15,0,0
BRDA:140,15,1,0
BRDA:140,16,0,0
BRDA:140,16,1,0
BRF:35
BRH:0
end_of_record
TN:
SF:/Users/zacharymarion/src/speedscope-fork/src/views/search-view.tsx
FN:13,stopPropagation
FN:19,(anonymous_1)
FN:25,(anonymous_2)
FN:45,(anonymous_3)
FN:54,(anonymous_4)
FN:63,(anonymous_5)
FN:66,(anonymous_6)
FN:77,(anonymous_7)
FN:104,(anonymous_8)
FN:105,(anonymous_9)
FN:118,(anonymous_10)
FN:128,(anonymous_11)
FN:181,(anonymous_12)
FNF:13
FNH:0
FNDA:0,stopPropagation
FNDA:0,(anonymous_1)
FNDA:0,(anonymous_2)
FNDA:0,(anonymous_3)
FNDA:0,(anonymous_4)
FNDA:0,(anonymous_5)
FNDA:0,(anonymous_6)
FNDA:0,(anonymous_7)
FNDA:0,(anonymous_8)
FNDA:0,(anonymous_9)
FNDA:0,(anonymous_10)
FNDA:0,(anonymous_11)
FNDA:0,(anonymous_12)
DA:1,0
DA:2,0
DA:3,0
DA:4,0
DA:5,0
DA:6,0
DA:8,0
DA:9,0
DA:10,0
DA:11,0
DA:14,0
DA:17,0
DA:19,0
DA:20,0
DA:21,0
DA:22,0
DA:23,0
DA:25,0
DA:26,0
DA:27,0
DA:29,0
DA:32,0
DA:44,0
DA:46,0
DA:47,0
DA:48,0
DA:49,0
DA:50,0
DA:51,0
DA:53,0
DA:55,0
DA:56,0
DA:61,0
DA:63,0
DA:65,0
DA:67,0
DA:68,0
DA:70,0
DA:76,0
DA:78,0
DA:81,0
DA:82,0
DA:85,0
DA:86,0
DA:89,0
DA:90,0
DA:92,0
DA:98,0
DA:104,0
DA:105,0
DA:107,0
DA:109,0
DA:111,0
DA:113,0
DA:117,0
DA:118,0
DA:119,0
DA:120,0
DA:127,0
DA:128,0
DA:129,0
DA:133,0
DA:135,0
DA:181,0
DA:182,0
LF:65
LH:0
BRDA:21,0,0,0
BRDA:21,0,1,0
BRDA:26,1,0,0
BRDA:26,1,1,0
BRDA:26,2,0,0
BRDA:26,2,1,0
BRDA:26,2,2,0
BRDA:67,3,0,0
BRDA:67,3,1,0
BRDA:81,4,0,0
BRDA:81,4,1,0
BRDA:85,5,0,0
BRDA:85,5,1,0
BRDA:89,6,0,0
BRDA:89,6,1,0
BRDA:89,7,0,0
BRDA:89,7,1,0
BRDA:89,7,2,0
BRDA:90,8,0,0
BRDA:90,8,1,0
BRDA:107,9,0,0
BRDA:107,9,1,0
BRDA:107,10,0,0
BRDA:107,10,1,0
BRDA:107,10,2,0
BRDA:111,11,0,0
BRDA:111,11,1,0
BRDA:119,12,0,0
BRDA:119,12,1,0
BRDA:133,13,0,0
BRDA:133,13,1,0
BRDA:149,14,0,0
BRDA:149,14,1,0
BRDA:152,15,0,0
BRDA:152,15,1,0
BRF:35
BRH:0
end_of_record
TN:
SF:/Users/zacharymarion/src/speedscope-fork/src/views/style.ts
FN:3,(anonymous_0)
FN:7,(anonymous_1)
FN:13,(anonymous_2)
FN:24,(anonymous_3)
FN:28,(anonymous_4)
FNF:5
FNH:0
FNDA:0,(anonymous_0)
FNDA:0,(anonymous_1)
FNDA:0,(anonymous_2)
FNDA:0,(anonymous_3)
FNDA:0,(anonymous_4)
DA:1,0
DA:3,0
DA:4,0
DA:7,0
DA:8,0
DA:9,0
DA:10,0
DA:13,0
DA:14,0
DA:15,0
DA:16,0
DA:17,0
DA:18,0
DA:19,0
DA:20,0
DA:21,0
DA:24,0
DA:25,0
DA:28,0
DA:29,0
DA:30,0
DA:33,0
LF:22
LH:0
BRDA:3,0,0,0
BRDA:3,0,1,0
BRDA:7,1,0,0
BRDA:7,1,1,0
BRDA:13,2,0,0
BRDA:13,2,1,0
BRDA:24,3,0,0
BRDA:24,3,1,0
BRDA:28,4,0,0
BRDA:28,4,1,0
BRF:10
BRH:0
end_of_record
TN:
SF:/Users/zacharymarion/src/speedscope-fork/src/views/toolbar.tsx
FN:21,useSetViewMode
FN:22,(anonymous_1)
FN:25,ToolbarLeftContent
FN:66,(anonymous_3)
FN:76,(anonymous_4)
FN:77,(anonymous_5)
FN:90,ToolbarCenterContent
FN:97,(anonymous_7)
FN:101,(anonymous_8)
FN:105,(anonymous_9)
FN:106,(anonymous_10)
FN:113,(anonymous_11)
FN:118,(anonymous_12)
FN:119,(anonymous_13)
FN:126,(anonymous_14)
FN:159,ToolbarRightContent
FN:205,Toolbar
FN:216,(anonymous_17)
FNF:18
FNH:0
FNDA:0,useSetViewMode
FNDA:0,(anonymous_1)
FNDA:0,ToolbarLeftContent
FNDA:0,(anonymous_3)
FNDA:0,(anonymous_4)
FNDA:0,(anonymous_5)
FNDA:0,ToolbarCenterContent
FNDA:0,(anonymous_7)
FNDA:0,(anonymous_8)
FNDA:0,(anonymous_9)
FNDA:0,(anonymous_10)
FNDA:0,(anonymous_11)
FNDA:0,(anonymous_12)
FNDA:0,(anonymous_13)
FNDA:0,(anonymous_14)
FNDA:0,ToolbarRightContent
FNDA:0,Toolbar
FNDA:0,(anonymous_17)
DA:2,0
DA:3,0
DA:4,0
DA:5,0
DA:6,0
DA:8,0
DA:9,0
DA:11,0
DA:13,0
DA:14,0
DA:22,0
DA:26,0
DA:27,0
DA:28,0
DA:29,0
DA:31,0
DA:33,0
DA:66,0
DA:74,0
DA:76,0
DA:77,0
DA:79,0
DA:83,0
DA:86,0
DA:91,0
DA:93,0
DA:94,0
DA:95,0
DA:97,0
DA:98,0
DA:101,0
DA:102,0
DA:105,0
DA:106,0
DA:107,0
DA:108,0
DA:109,0
DA:112,0
DA:113,0
DA:114,0
DA:118,0
DA:119,0
DA:120,0
DA:121,0
DA:122,0
DA:125,0
DA:126,0
DA:127,0
DA:131,0
DA:132,0
DA:133,0
DA:135,0
DA:156,0
DA:160,0
DA:161,0
DA:164,0
DA:169,0
DA:175,0
DA:184,0
DA:195,0
DA:205,0
DA:206,0
DA:207,0
DA:216,0
DA:217,0
LF:65
LH:0
BRDA:31,0,0,0
BRDA:31,0,1,0
BRDA:38,1,0,0
BRDA:38,1,1,0
BRDA:47,2,0,0
BRDA:47,2,1,0
BRDA:56,3,0,0
BRDA:56,3,1,0
BRDA:77,4,0,0
BRDA:77,4,1,0
BRDA:77,5,0,0
BRDA:77,5,1,0
BRDA:77,6,0,0
BRDA:77,6,1,0
BRDA:79,7,0,0
BRDA:79,7,1,0
BRDA:80,8,0,0
BRDA:80,8,1,0
BRDA:80,8,2,0
BRDA:107,9,0,0
BRDA:107,9,1,0
BRDA:120,10,0,0
BRDA:120,10,1,0
BRDA:131,11,0,0
BRDA:131,11,1,0
BRDA:131,12,0,0
BRDA:131,12,1,0
BRDA:131,12,2,0
BRDA:132,13,0,0
BRDA:132,13,1,0
BRDA:143,14,0,0
BRDA:143,14,1,0
BRDA:197,15,0,0
BRDA:197,15,1,0
BRF:34
BRH:0
end_of_record
TN:
SF:/Users/zacharymarion/src/speedscope-fork/src/views/themes/dark-theme.ts
FN:8,(anonymous_0)
FN:28,(anonymous_1)
FNF:2
FNH:0
FNDA:0,(anonymous_0)
FNDA:0,(anonymous_1)
DA:1,0
DA:2,0
DA:8,0
DA:9,0
DA:10,0
DA:11,0
DA:12,0
DA:13,0
DA:14,0
DA:15,0
DA:16,0
DA:17,0
DA:18,0
DA:19,0
DA:20,0
DA:23,0
DA:24,0
DA:25,0
DA:26,0
DA:28,0
DA:29,0
DA:30,0
DA:31,0
DA:32,0
DA:33,0
DA:35,0
DA:45,0
LF:27
LH:0
BRDA:8,0,0,0
BRDA:8,0,1,0
BRF:2
BRH:0
end_of_record
TN:
SF:/Users/zacharymarion/src/speedscope-fork/src/views/themes/light-theme.ts
FN:8,(anonymous_0)
FN:28,(anonymous_1)
FNF:2
FNH:0
FNDA:0,(anonymous_0)
FNDA:0,(anonymous_1)
DA:1,0
DA:2,0
DA:8,0
DA:9,0
DA:10,0
DA:11,0
DA:12,0
DA:13,0
DA:14,0
DA:15,0
DA:16,0
DA:17,0
DA:18,0
DA:19,0
DA:20,0
DA:23,0
DA:24,0
DA:25,0
DA:26,0
DA:28,0
DA:29,0
DA:30,0
DA:31,0
DA:32,0
DA:33,0
DA:35,0
DA:45,0
LF:27
LH:0
BRDA:8,0,0,0
BRDA:8,0,1,0
BRF:2
BRH:0
end_of_record
TN:
SF:/Users/zacharymarion/src/speedscope-fork/src/views/themes/theme.tsx
FN:36,useTheme
FN:40,withTheme
FN:44,matchMediaDarkColorScheme
FN:48,colorSchemeToString
FN:62,getTheme
FN:76,ThemeProvider
FN:78,(anonymous_6)
FN:82,(anonymous_7)
FN:88,(anonymous_8)
FN:91,(anonymous_9)
FNF:10
FNH:0
FNDA:0,useTheme
FNDA:0,withTheme
FNDA:0,matchMediaDarkColorScheme
FNDA:0,colorSchemeToString
FNDA:0,getTheme
FNDA:0,ThemeProvider
FNDA:0,(anonymous_6)
FNDA:0,(anonymous_7)
FNDA:0,(anonymous_8)
FNDA:0,(anonymous_9)
DA:1,0
DA:2,0
DA:3,0
DA:4,0
DA:6,0
DA:7,0
DA:8,0
DA:34,0
DA:36,0
DA:37,0
DA:40,0
DA:41,0
DA:45,0
DA:48,0
DA:49,0
DA:51,0
DA:54,0
DA:57,0
DA:63,0
DA:65,0
DA:68,0
DA:71,0
DA:76,0
DA:77,0
DA:78,0
DA:81,0
DA:83,0
DA:88,0
DA:89,0
DA:90,0
DA:91,0
DA:92,0
DA:96,0
DA:97,0
DA:98,0
LF:35
LH:0
BRDA:50,0,0,0
BRDA:50,0,1,0
BRDA:50,0,2,0
BRDA:64,1,0,0
BRDA:64,1,1,0
BRDA:64,1,2,0
BRDA:65,2,0,0
BRDA:65,2,1,0
BRF:8
BRH:0
end_of_record
